<?xml version="1.0" encoding="utf-8"?><testsuites name="pytest tests"><testsuite name="pytest" errors="0" failures="2" skipped="0" tests="28" time="6.518" timestamp="2026-06-25T01:13:30.463520+00:00" hostname="agent-env-f5e6b93a-68a2-4155-84ad-e55b4fa936d3"><testcase classname="backend.tests.test_ads_v2_drift_logic" name="test_compute_anomaly_flags_no_manual_no_prev_returns_null_drift" time="0.001" /><testcase classname="backend.tests.test_ads_v2_drift_logic" name="test_compute_anomaly_flags_with_manual_detects_mismatch" time="0.000" /><testcase classname="backend.tests.test_ads_v2_drift_logic" name="test_compute_anomaly_flags_large_mismatch_flags_drift" time="0.000" /><testcase classname="backend.tests.test_ads_v2_drift_logic" name="test_manual_value_endpoint_requires_existing_row" time="0.320" /><testcase classname="backend.tests.test_ads_v2_drift_logic" name="test_manual_value_endpoint_updates_drift_and_reason" time="0.496" /><testcase classname="backend.tests.test_ads_v2_drift_logic" name="test_reconciliation_exposes_manual_fields" time="0.045" /><testcase classname="backend.tests.test_ads_v2_drift_logic" name="test_reconciliation_report_no_drift_inflation" time="0.046" /><testcase classname="backend.tests.test_ads_v2_phase1" name="test_sync_single_day" time="0.593" /><testcase classname="backend.tests.test_ads_v2_phase1" name="test_idempotency" time="0.871" /><testcase classname="backend.tests.test_ads_v2_phase1" name="test_multi_day_sync_batch" time="0.734" /><testcase classname="backend.tests.test_ads_v2_phase1" name="test_ssot_totals_match_across_reports" time="0.135" /><testcase classname="backend.tests.test_ads_v2_phase1" name="test_data_layer_meta_present" time="0.046" /><testcase classname="backend.tests.test_ads_v2_phase1" name="test_reconciliation_report_returns_rows" time="0.046" /><testcase classname="backend.tests.test_ads_v2_phase1" name="test_sync_health_shows_account" time="0.048" /><testcase classname="backend.tests.test_ads_v2_phase1" name="test_invariant_no_general_ledger_writes" time="0.097" /><testcase classname="backend.tests.test_ads_v2_phase1" name="test_invariant_v1_collections_untouched" time="0.014" /><testcase classname="backend.tests.test_ads_v2_phase1" name="test_invariant_no_ledger_posted_at_in_daily" time="0.004" /><testcase classname="backend.tests.test_ads_v2_phase0" name="test_phase0_endpoints_respond_200" time="0.319" /><testcase classname="backend.tests.test_ads_v2_phase0" name="test_discovery_reads_v1_tokens" time="0.393" /><testcase classname="backend.tests.test_ads_v2_phase0" name="test_create_meta_account_and_audit_log" time="0.184" /><testcase classname="backend.tests.test_ads_v2_phase0" name="test_patch_bank_fee_and_fx_logged_with_correct_event_names" time="0.274" /><testcase classname="backend.tests.test_ads_v2_phase0" name="test_review_settings_patch_passes_through" time="0.235" /><testcase classname="backend.tests.test_ads_v2_phase0" name="test_soft_delete_marks_account" time="0.186" /><testcase classname="backend.tests.test_ads_v2_phase0" name="test_invariant_no_general_ledger_writes" time="0.054" /><testcase classname="backend.tests.test_ads_v2_phase0" name="test_invariant_no_ads_daily_writes" time="0.011"><failure message="AssertionError: Phase 0 violated: ads_daily has 5 rows&#10;assert 5 == 0">backend/tests/test_ads_v2_phase0.py:297: in test_invariant_no_ads_daily_writes
    assert cnt == 0, f"Phase 0 violated: ads_daily has {cnt} rows"
E   AssertionError: Phase 0 violated: ads_daily has 5 rows
E   assert 5 == 0</failure></testcase><testcase classname="backend.tests.test_ads_v2_phase0" name="test_invariant_v1_collections_untouched" time="1.020" /><testcase classname="backend.tests.test_ads_v2_phase0" name="test_check_token_endpoint" time="0.091"><failure message="KeyError: 'id'">backend/tests/test_ads_v2_phase0.py:345: in test_check_token_endpoint
    acct_id = r.json()["data"]["id"]
              ^^^^^^^^^^^^^^^^^^^^^^
E   KeyError: 'id'</failure></testcase><testcase classname="backend.tests.test_ads_v2_phase0" name="test_settings_snapshot_includes_token_health" time="0.135" /></testsuite></testsuites>