<?xml version="1.0" encoding="utf-8"?><testsuites name="pytest tests"><testsuite name="pytest" errors="0" failures="0" skipped="0" tests="11" time="2.484" timestamp="2026-05-29T20:05:55.820322+00:00" hostname="agent-env-f5e6b93a-68a2-4155-84ad-e55b4fa936d3"><testcase classname="backend.tests.test_balances_phase1.TestSettingsApprovedStatuses" name="test_get_settings_defaults_present" time="0.439" /><testcase classname="backend.tests.test_balances_phase1.TestSettingsApprovedStatuses" name="test_put_settings_persists_lists" time="0.194" /><testcase classname="backend.tests.test_balances_phase1.TestWebhookSlug" name="test_webhook_accepts_slug" time="0.201" /><testcase classname="backend.tests.test_balances_phase1.TestBalancesCore" name="test_balances_structure" time="0.586" /><testcase classname="backend.tests.test_balances_phase1.TestBalancesCore" name="test_shipping_split_amounts" time="0.061" /><testcase classname="backend.tests.test_balances_phase1.TestBalancesCore" name="test_cod_only_for_cod_orders" time="0.058" /><testcase classname="backend.tests.test_balances_phase1.TestBalancesCore" name="test_case_insensitive_match" time="0.059" /><testcase classname="backend.tests.test_balances_phase1.TestBalancesCore" name="test_date_filter_excludes_outside" time="0.061" /><testcase classname="backend.tests.test_balances_phase1.TestDashboardBalances" name="test_dashboard_totals_have_balance_keys" time="0.063" /><testcase classname="backend.tests.test_balances_phase1.TestIsolation" name="test_user_b_sees_zero" time="0.393" /><testcase classname="backend.tests.test_balances_phase1.TestSettingsMutationReflectsBalances" name="test_adding_extra_status_moves_unapproved_to_approved" time="0.294" /></testsuite></testsuites>