<?xml version="1.0" encoding="utf-8"?><testsuites name="pytest tests"><testsuite name="pytest" errors="0" failures="0" skipped="0" tests="13" time="3.097" timestamp="2026-05-29T17:53:23.411880+00:00" hostname="agent-env-f5e6b93a-68a2-4155-84ad-e55b4fa936d3"><testcase classname="backend.tests.test_dashboard_make" name="test_baseline_dashboard_no_make_orders" time="0.741" /><testcase classname="backend.tests.test_dashboard_make" name="test_inject_make_orders" time="0.252" /><testcase classname="backend.tests.test_dashboard_make" name="test_dashboard_includes_make_total_sales_and_orders" time="0.119" /><testcase classname="backend.tests.test_dashboard_make" name="test_dashboard_payment_fees_for_make_orders" time="0.118" /><testcase classname="backend.tests.test_dashboard_make" name="test_dashboard_shipping_cost_for_make_orders" time="0.121" /><testcase classname="backend.tests.test_dashboard_make" name="test_dashboard_bnpl_split" time="0.111" /><testcase classname="backend.tests.test_dashboard_make" name="test_dashboard_expected_salla_transfer_formula" time="0.120" /><testcase classname="backend.tests.test_dashboard_make" name="test_dashboard_monthly_includes_make" time="0.119" /><testcase classname="backend.tests.test_dashboard_make" name="test_dashboard_date_filter_applies_to_make" time="0.121" /><testcase classname="backend.tests.test_dashboard_make" name="test_dashboard_date_filter_excludes_all_make" time="0.116" /><testcase classname="backend.tests.test_dashboard_make" name="test_excel_unified_rows_not_double_counted" time="0.365" /><testcase classname="backend.tests.test_dashboard_make" name="test_per_user_isolation_dashboard" time="0.589" /><testcase classname="backend.tests.test_dashboard_make" name="test_empty_dashboard_for_fresh_user_has_no_make_key_pollution" time="0.121" /></testsuite></testsuites>