<?xml version="1.0" encoding="utf-8"?><testsuites name="pytest tests"><testsuite name="pytest" errors="0" failures="0" skipped="2" tests="266" time="7.222" timestamp="2026-06-26T13:47:22.377222+00:00" hostname="agent-env-f5e6b93a-68a2-4155-84ad-e55b4fa936d3"><testcase classname="tests.test_qoyod_legacy_adapter.TestDetection" name="test_canonical_payload_is_not_legacy" time="0.001" /><testcase classname="tests.test_qoyod_legacy_adapter.TestDetection" name="test_flat_make_payload_is_legacy" time="0.000" /><testcase classname="tests.test_qoyod_legacy_adapter.TestDetection" name="test_non_dict_is_not_legacy" time="0.000" /><testcase classname="tests.test_qoyod_legacy_adapter.TestDetection" name="test_dict_without_markers_is_not_legacy" time="0.000" /><testcase classname="tests.test_qoyod_legacy_adapter.TestHelpers" name="test_split_name" time="0.000" /><testcase classname="tests.test_qoyod_legacy_adapter.TestHelpers" name="test_money_wraps_safely" time="0.000" /><testcase classname="tests.test_qoyod_legacy_adapter.TestItemAdaptation" name="test_flat_price_object" time="0.000" /><testcase classname="tests.test_qoyod_legacy_adapter.TestItemAdaptation" name="test_inline_price" time="0.000" /><testcase classname="tests.test_qoyod_legacy_adapter.TestItemAdaptation" name="test_options_carried_through" time="0.000" /><testcase classname="tests.test_qoyod_legacy_adapter.TestItemAdaptation" name="test_product_nested_sku_and_name" time="0.000" /><testcase classname="tests.test_qoyod_legacy_adapter.TestItemAdaptation" name="test_item_without_name_or_sku_drops" time="0.000" /><testcase classname="tests.test_qoyod_legacy_adapter.TestItemAdaptation" name="test_non_dict_item_drops" time="0.000" /><testcase classname="tests.test_qoyod_legacy_adapter.TestItemsCollection" name="test_priority_items_over_packages" time="0.000" /><testcase classname="tests.test_qoyod_legacy_adapter.TestItemsCollection" name="test_packages_fallback_when_no_items" time="0.000" /><testcase classname="tests.test_qoyod_legacy_adapter.TestItemsCollection" name="test_packages_flatten_across_multiple_packages" time="0.000" /><testcase classname="tests.test_qoyod_legacy_adapter.TestItemsCollection" name="test_legacy_products_alias_accepted" time="0.000" /><testcase classname="tests.test_qoyod_legacy_adapter.TestItemsCollection" name="test_missing_when_both_empty" time="0.000" /><testcase classname="tests.test_qoyod_legacy_adapter.TestItemsCollection" name="test_missing_when_items_all_invalid" time="0.000" /><testcase classname="tests.test_qoyod_legacy_adapter.TestStatus" name="test_slug_plus_name_builds_customized_node" time="0.000" /><testcase classname="tests.test_qoyod_legacy_adapter.TestStatus" name="test_slug_only" time="0.000" /><testcase classname="tests.test_qoyod_legacy_adapter.TestStatus" name="test_empty_returns_none" time="0.000" /><testcase classname="tests.test_qoyod_legacy_adapter.TestAdaptPublic" name="test_canonical_passthrough" time="0.000" /><testcase classname="tests.test_qoyod_legacy_adapter.TestAdaptPublic" name="test_legacy_no_items_marks_missing" time="0.000" /><testcase classname="tests.test_qoyod_legacy_adapter.TestAdaptPublic" name="test_legacy_with_flat_items" time="0.000" /><testcase classname="tests.test_qoyod_legacy_adapter.TestAdaptPublic" name="test_legacy_with_packages" time="0.000" /><testcase classname="tests.test_qoyod_legacy_adapter.TestAdaptPublic" name="test_legacy_extras_preserved" time="0.000" /><testcase classname="tests.test_qoyod_legacy_adapter.TestAdaptPublic" name="test_customer_name_split" time="0.000" /><testcase classname="tests.test_qoyod_legacy_adapter.TestAdaptPublic" name="test_completed_at_passed_through" time="0.000" /><testcase classname="tests.test_qoyod_legacy_adapter.TestDownstreamContract" name="test_adapted_with_flat_items_passes_validation" time="0.000" /><testcase classname="tests.test_qoyod_legacy_adapter.TestDownstreamContract" name="test_adapted_with_packages_passes_validation" time="0.000" /><testcase classname="tests.test_qoyod_legacy_adapter.TestDownstreamContract" name="test_adapted_without_items_still_passes_validate_shape_check" time="0.000" /><testcase classname="tests.test_qoyod_legacy_adapter.TestStateMachineEnrichmentStages" name="test_states_registered" time="0.000" /><testcase classname="tests.test_qoyod_legacy_adapter.TestStateMachineEnrichmentStages" name="test_received_to_needs_enrichment_allowed" time="0.000" /><testcase classname="tests.test_qoyod_legacy_adapter.TestStateMachineEnrichmentStages" name="test_needs_enrichment_to_validated" time="0.000" /><testcase classname="tests.test_qoyod_legacy_adapter.TestStateMachineEnrichmentStages" name="test_needs_enrichment_to_failed_enrichment" time="0.000" /><testcase classname="tests.test_qoyod_legacy_adapter.TestStateMachineEnrichmentStages" name="test_needs_enrichment_to_dead_letter" time="0.000" /><testcase classname="tests.test_qoyod_legacy_adapter.TestStateMachineEnrichmentStages" name="test_failed_enrichment_retry_resumes_from_received" time="0.000" /><testcase classname="tests.test_qoyod_legacy_adapter.TestStateMachineEnrichmentStages" name="test_failed_enrichment_to_retrying" time="0.000" /><testcase classname="tests.test_qoyod_legacy_adapter.TestStateMachineEnrichmentStages" name="test_retrying_to_received_resume_path" time="0.000" /><testcase classname="tests.test_qoyod_legacy_adapter.TestStateMachineEnrichmentStages" name="test_no_direct_failed_validation_to_needs_enrichment" time="0.000" /><testcase classname="tests.test_qoyod_legacy_adapter_http" name="test_skip_when_no_webhook_token_configured" time="0.016"><skipped type="pytest.skip" message="env token configured — 503 path unreachable">/app/backend/tests/test_qoyod_legacy_adapter_http.py:108: env token configured — 503 path unreachable</skipped></testcase><testcase classname="tests.test_qoyod_legacy_adapter_http" name="test_legacy_payload_with_items_progresses_past_received" time="0.045" /><testcase classname="tests.test_qoyod_legacy_adapter_http" name="test_missing_items_toggle_off_dead_letters_via_failed_validation" time="0.038" /><testcase classname="tests.test_qoyod_legacy_adapter_http" name="test_missing_items_toggle_on_routes_via_needs_enrichment" time="0.041" /><testcase classname="tests.test_qoyod_legacy_adapter_http" name="test_legacy_extras_persisted_for_audit" time="0.037" /><testcase classname="tests.test_qoyod_state_machine" name="test_happy_path_locked_to_ten_stages" time="0.000" /><testcase classname="tests.test_qoyod_state_machine" name="test_failure_stages_match_user_spec" time="0.000" /><testcase classname="tests.test_qoyod_state_machine" name="test_all_stages_includes_skipped_and_retrying" time="0.000" /><testcase classname="tests.test_qoyod_state_machine" name="test_terminal_stages_are_completed_skipped_deadletter_partial" time="0.000" /><testcase classname="tests.test_qoyod_state_machine" name="test_is_valid_stage_rejects_unknown" time="0.000" /><testcase classname="tests.test_qoyod_state_machine" name="test_happy_path_is_fully_connected" time="0.000" /><testcase classname="tests.test_qoyod_state_machine" name="test_happy_path_cannot_skip_stages" time="0.000" /><testcase classname="tests.test_qoyod_state_machine" name="test_every_failure_stage_reachable_from_correct_step" time="0.000" /><testcase classname="tests.test_qoyod_state_machine" name="test_failure_to_retrying_to_resume_loop" time="0.000" /><testcase classname="tests.test_qoyod_state_machine" name="test_failure_can_be_killed_to_deadletter" time="0.000" /><testcase classname="tests.test_qoyod_state_machine" name="test_terminal_stages_have_no_outbound_edges" time="0.000" /><testcase classname="tests.test_qoyod_state_machine" name="test_any_prefinal_stage_can_be_skipped" time="0.000" /><testcase classname="tests.test_qoyod_state_machine" name="test_transition_returns_set_and_push" time="0.000" /><testcase classname="tests.test_qoyod_state_machine" name="test_transition_with_note_and_error_payload" time="0.000" /><testcase classname="tests.test_qoyod_state_machine" name="test_transition_rejects_invalid_edge" time="0.000" /><testcase classname="tests.test_qoyod_state_machine" name="test_transition_increments_attempts_only_on_retry_resume" time="0.000" /><testcase classname="tests.test_qoyod_state_machine" name="test_initial_history_entry_records_creation" time="0.000" /><testcase classname="tests.test_qoyod_state_machine" name="test_resume_target_unknown_failure_raises" time="0.000" /><testcase classname="tests.test_qoyod_state_machine" name="test_audit_pipeline_started_at_set_on_first_hop_out_of_new" time="0.000" /><testcase classname="tests.test_qoyod_state_machine" name="test_audit_pipeline_started_at_not_set_on_other_transitions" time="0.000" /><testcase classname="tests.test_qoyod_state_machine" name="test_audit_finished_at_on_terminal_stages" time="0.000" /><testcase classname="tests.test_qoyod_state_machine" name="test_audit_last_success_stage_tracks_happy_path_only" time="0.000" /><testcase classname="tests.test_qoyod_state_machine" name="test_audit_last_failed_stage_tracks_failures" time="0.000" /><testcase classname="tests.test_qoyod_state_machine" name="test_walks_full_happy_path_via_transition" time="0.000" /><testcase classname="tests.test_qoyod_state_machine" name="test_retry_loop_then_complete" time="0.000" /><testcase classname="tests.test_qoyod_compliance" name="test_not_completed_is_not_eligible" time="0.000" /><testcase classname="tests.test_qoyod_compliance" name="test_completed_no_qoyod_row_is_eligible_pending" time="0.000" /><testcase classname="tests.test_qoyod_compliance" name="test_completed_already_sent" time="0.000" /><testcase classname="tests.test_qoyod_compliance" name="test_completed_invoice_sent_receipt_failed" time="0.000" /><testcase classname="tests.test_qoyod_compliance" name="test_completed_failed_customer" time="0.000" /><testcase classname="tests.test_qoyod_compliance" name="test_completed_failed_product" time="0.000" /><testcase classname="tests.test_qoyod_compliance" name="test_english_completed_alias_is_eligible" time="0.000" /><testcase classname="tests.test_qoyod_compliance" name="test_all_returned_codes_are_from_closed_vocabulary" time="0.000" /><testcase classname="tests.test_qoyod_compliance" name="test_orphan_listing_and_summary" time="0.009" /><testcase classname="tests.test_qoyod_compliance" name="test_completed_trigger_includes_arabic_and_english" time="0.000" /><testcase classname="tests.test_qoyod_compliance" name="test_reconciliation_check_counts_and_diff" time="0.007" /><testcase classname="tests.test_qoyod_compliance" name="test_reconciliation_check_no_diff_when_all_sent" time="0.007" /><testcase classname="tests.test_qoyod_day1_foundation" name="test_crypto_round_trip" time="0.001" /><testcase classname="tests.test_qoyod_day1_foundation" name="test_crypto_rejects_tampered_bytes" time="0.000" /><testcase classname="tests.test_qoyod_day1_foundation" name="test_crypto_handles_empty_and_none" time="0.000" /><testcase classname="tests.test_qoyod_day1_foundation" name="test_save_and_retrieve_api_key" time="0.008" /><testcase classname="tests.test_qoyod_day1_foundation" name="test_save_api_key_upserts_on_rotation" time="0.009" /><testcase classname="tests.test_qoyod_day1_foundation" name="test_save_rejects_empty" time="0.002" /><testcase classname="tests.test_qoyod_day1_foundation" name="test_settings_defaults_are_safe" time="0.000" /><testcase classname="tests.test_qoyod_day1_foundation" name="test_settings_capability_flags_default_all_on" time="0.000" /><testcase classname="tests.test_qoyod_day1_foundation" name="test_settings_capabilities_can_be_partially_disabled" time="0.000" /><testcase classname="tests.test_qoyod_day1_foundation" name="test_settings_has_forward_compat_placeholders" time="0.000" /><testcase classname="tests.test_qoyod_day1_foundation" name="test_settings_supports_three_product_modes" time="0.000" /><testcase classname="tests.test_qoyod_day1_foundation" name="test_settings_rejects_unknown_product_mode" time="0.001" /><testcase classname="tests.test_qoyod_day1_foundation" name="test_pipeline_stages_vocabulary_locked" time="0.000" /><testcase classname="tests.test_qoyod_day1_foundation" name="test_invoice_statuses_include_split_state" time="0.000" /><testcase classname="tests.test_qoyod_day1_foundation" name="test_inbox_requires_idempotency_key" time="0.000" /><testcase classname="tests.test_qoyod_day1_foundation" name="test_inbox_is_generic_with_connector_key_discriminator" time="0.000" /><testcase classname="tests.test_qoyod_day1_foundation" name="test_indexes_created_and_idempotent" time="0.013" /><testcase classname="tests.test_qoyod_day1_foundation" name="test_inbox_idempotency_enforced_by_index" time="0.011" /><testcase classname="tests.test_qoyod_day1_foundation" name="test_api_client_sends_mezan_version_header" time="0.000" /><testcase classname="tests.test_qoyod_day1_foundation" name="test_classify_maps_status_codes" time="0.000" /><testcase classname="tests.test_qoyod_day1_foundation" name="test_api_client_repr_redacts_secret" time="0.000" /><testcase classname="tests.test_qoyod_day1_foundation" name="test_api_client_requires_api_key" time="0.000" /><testcase classname="tests.test_qoyod_day1_foundation" name="test_qoyod_api_error_log_dict_omits_secrets" time="0.000" /><testcase classname="tests.test_qoyod_day1_foundation" name="test_adr_001_exists_and_lists_14_principles" time="0.000" /><testcase classname="tests.test_qoyod_day1_foundation" name="test_qoyod_module_documents_compliance" time="0.000" /><testcase classname="tests.test_qoyod_day3_webhook" name="test_verify_token_accepts_correct_value" time="0.000" /><testcase classname="tests.test_qoyod_day3_webhook" name="test_verify_token_rejects_missing_header" time="0.000" /><testcase classname="tests.test_qoyod_day3_webhook" name="test_verify_token_rejects_wrong_value" time="0.000" /><testcase classname="tests.test_qoyod_day3_webhook" name="test_verify_token_503_when_not_configured" time="0.000" /><testcase classname="tests.test_qoyod_day3_webhook" name="test_idempotency_key_from_explicit_header" time="0.000" /><testcase classname="tests.test_qoyod_day3_webhook" name="test_idempotency_key_derived_from_payload" time="0.000" /><testcase classname="tests.test_qoyod_day3_webhook" name="test_idempotency_key_random_when_no_id" time="0.000" /><testcase classname="tests.test_qoyod_day3_webhook" name="test_validate_happy_path" time="0.000" /><testcase classname="tests.test_qoyod_day3_webhook" name="test_validate_rejects_non_object" time="0.000" /><testcase classname="tests.test_qoyod_day3_webhook" name="test_validate_rejects_missing_data" time="0.000" /><testcase classname="tests.test_qoyod_day3_webhook" name="test_validate_rejects_missing_order_id" time="0.000" /><testcase classname="tests.test_qoyod_day3_webhook" name="test_validate_rejects_missing_status" time="0.000" /><testcase classname="tests.test_qoyod_day3_webhook" name="test_validate_rejects_missing_items_key" time="0.000" /><testcase classname="tests.test_qoyod_day3_webhook" name="test_validate_rejects_empty_items_list" time="0.000" /><testcase classname="tests.test_qoyod_day3_webhook" name="test_normalize_builds_complete_dto" time="0.003" /><testcase classname="tests.test_qoyod_day3_webhook" name="test_normalize_canonical_status_table_covers_arabic_inputs" time="0.000" /><testcase classname="tests.test_qoyod_day3_webhook" name="test_normalize_phone_handles_local_and_international" time="0.000" /><testcase classname="tests.test_qoyod_day3_webhook" name="test_normalize_email_lowercases_and_validates" time="0.000" /><testcase classname="tests.test_qoyod_day3_webhook" name="test_normalize_raises_on_corrupt_items" time="0.000" /><testcase classname="tests.test_qoyod_day3_webhook" name="test_normalize_records_received_at_in_metadata" time="0.000" /><testcase classname="tests.test_qoyod_day3_webhook" name="test_dto_schema_version_locked_at_1" time="0.000" /><testcase classname="tests.test_qoyod_day3_webhook" name="test_webhook_happy_path_completes_normalization" time="0.011" /><testcase classname="tests.test_qoyod_day3_webhook" name="test_webhook_idempotency_returns_existing_row" time="0.010" /><testcase classname="tests.test_qoyod_day3_webhook" name="test_webhook_validation_failure_routes_to_dead_letter" time="0.009" /><testcase classname="tests.test_qoyod_day3_webhook" name="test_webhook_normalization_failure_routes_to_dead_letter" time="0.009" /><testcase classname="tests.test_qoyod_day3_webhook" name="test_webhook_audit_trail_records_duration" time="0.010" /><testcase classname="tests.test_qoyod_day3_webhook" name="test_webhook_audit_trail_records_duration_on_dead_letter" time="0.008" /><testcase classname="tests.test_qoyod_day3_webhook" name="test_webhook_does_not_call_qoyod_or_apply_business_rules" time="0.009" /><testcase classname="tests.test_qoyod_day4_rules_and_customer" name="test_rules_eligible_when_status_matches_trigger" time="0.000" /><testcase classname="tests.test_qoyod_day4_rules_and_customer" name="test_rules_not_eligible_when_status_outside_triggers" time="0.000" /><testcase classname="tests.test_qoyod_day4_rules_and_customer" name="test_rules_supports_multiple_trigger_statuses" time="0.000" /><testcase classname="tests.test_qoyod_day4_rules_and_customer" name="test_rules_invoice_date_respects_explicit_paid_at_source" time="0.000" /><testcase classname="tests.test_qoyod_day4_rules_and_customer" name="test_rules_invoice_date_falls_back_to_order_date_when_missing" time="0.000" /><testcase classname="tests.test_qoyod_day4_rules_and_customer" name="test_rules_trigger_once_only_blocks_when_invoice_exists" time="0.000" /><testcase classname="tests.test_qoyod_day4_rules_and_customer" name="test_rules_trigger_once_only_false_allows_resend" time="0.000" /><testcase classname="tests.test_qoyod_day4_rules_and_customer" name="test_rules_defaults_when_settings_blank" time="0.000" /><testcase classname="tests.test_qoyod_day4_rules_and_customer" name="test_rules_never_uses_paid_as_implicit_trigger" time="0.000" /><testcase classname="tests.test_qoyod_day4_rules_and_customer" name="test_derive_lookup_prefers_phone" time="0.000" /><testcase classname="tests.test_qoyod_day4_rules_and_customer" name="test_derive_lookup_falls_back_to_email" time="0.000" /><testcase classname="tests.test_qoyod_day4_rules_and_customer" name="test_derive_lookup_guest_when_no_phone_no_email" time="0.000" /><testcase classname="tests.test_qoyod_day4_rules_and_customer" name="test_contact_payload_only_includes_supported_fields" time="0.000" /><testcase classname="tests.test_qoyod_day4_rules_and_customer" name="test_extract_contact_id_handles_wrapped_response" time="0.000" /><testcase classname="tests.test_qoyod_day4_rules_and_customer" name="test_resolver_returns_local_mapping_when_present" time="0.005" /><testcase classname="tests.test_qoyod_day4_rules_and_customer" name="test_resolver_creates_new_when_no_local_mapping" time="0.005" /><testcase classname="tests.test_qoyod_day4_rules_and_customer" name="test_resolver_returns_api_error_dict_on_failure" time="0.004" /><testcase classname="tests.test_qoyod_day4_rules_and_customer" name="test_resolver_guest_path_uses_default_customer_when_set" time="0.001" /><testcase classname="tests.test_qoyod_day4_rules_and_customer" name="test_resolver_guest_path_fails_without_default" time="0.001" /><testcase classname="tests.test_qoyod_day4_rules_and_customer" name="test_pipeline_happy_path_advances_to_customer_resolved" time="0.010" /><testcase classname="tests.test_qoyod_day4_rules_and_customer" name="test_pipeline_skips_when_status_not_in_triggers" time="0.008" /><testcase classname="tests.test_qoyod_day4_rules_and_customer" name="test_pipeline_routes_customer_failure_to_dead_letter" time="0.010" /><testcase classname="tests.test_qoyod_day4_rules_and_customer" name="test_pipeline_trigger_once_only_blocks_resend" time="0.009" /><testcase classname="tests.test_qoyod_day4_rules_and_customer" name="test_pipeline_idempotent_on_already_advanced_rows" time="0.007" /><testcase classname="tests.test_qoyod_day4_rules_and_customer" name="test_batch_processor_counts_outcomes" time="0.013" /><testcase classname="tests.test_qoyod_day5_invoice_receipt" name="test_state_machine_has_partial_failure_terminal" time="0.000" /><testcase classname="tests.test_qoyod_day5_invoice_receipt" name="test_preflight_passes_when_everything_set" time="0.000" /><testcase classname="tests.test_qoyod_day5_invoice_receipt" name="test_preflight_fails_when_customer_missing" time="0.000" /><testcase classname="tests.test_qoyod_day5_invoice_receipt" name="test_preflight_fails_when_product_unresolved" time="0.000" /><testcase classname="tests.test_qoyod_day5_invoice_receipt" name="test_preflight_fails_when_tax_not_configured" time="0.000" /><testcase classname="tests.test_qoyod_day5_invoice_receipt" name="test_preflight_fails_when_payment_method_unmapped" time="0.000" /><testcase classname="tests.test_qoyod_day5_invoice_receipt" name="test_preflight_fails_when_already_sent" time="0.000" /><testcase classname="tests.test_qoyod_day5_invoice_receipt" name="test_invoice_payload_includes_all_required_fields" time="0.000" /><testcase classname="tests.test_qoyod_day5_invoice_receipt" name="test_receipt_payload_resolves_payment_account" time="0.000" /><testcase classname="tests.test_qoyod_day5_invoice_receipt" name="test_dry_run_client_records_calls_and_returns_fake_ids" time="0.001" /><testcase classname="tests.test_qoyod_day5_invoice_receipt" name="test_pipeline_dry_run_completes_without_qoyod_post" time="0.013" /><testcase classname="tests.test_qoyod_day5_invoice_receipt" name="test_pipeline_preflight_blocks_when_tax_missing" time="0.011" /><testcase classname="tests.test_qoyod_day5_invoice_receipt" name="test_pipeline_partial_failure_on_receipt_error" time="0.014" /><testcase classname="tests.test_qoyod_day5_invoice_receipt" name="test_pipeline_records_payload_snapshot_before_post" time="0.012" /><testcase classname="tests.test_qoyod_day5_invoice_receipt" name="test_day4_report_aggregates_outcomes" time="0.006" /><testcase classname="tests.test_qoyod_endpoint_contract" name="test_qoyod_client_uses_locked_endpoint[list_contacts-GET-/customers]" time="0.001" /><testcase classname="tests.test_qoyod_endpoint_contract" name="test_qoyod_client_uses_locked_endpoint[create_contact-POST-/customers]" time="0.001" /><testcase classname="tests.test_qoyod_endpoint_contract" name="test_qoyod_client_uses_locked_endpoint[list_products-GET-/products]" time="0.000" /><testcase classname="tests.test_qoyod_endpoint_contract" name="test_qoyod_client_uses_locked_endpoint[create_product-POST-/products]" time="0.000" /><testcase classname="tests.test_qoyod_endpoint_contract" name="test_qoyod_client_uses_locked_endpoint[create_invoice-POST-/invoices]" time="0.000" /><testcase classname="tests.test_qoyod_endpoint_contract" name="test_qoyod_client_uses_locked_endpoint[create_receipt-POST-/receipts]" time="0.000" /><testcase classname="tests.test_qoyod_endpoint_contract" name="test_qoyod_client_uses_locked_endpoint[me-GET-/products]" time="0.000" /><testcase classname="tests.test_qoyod_endpoint_contract" name="test_no_residual_contacts_post_in_api_client_source" time="0.000" /><testcase classname="tests.test_qoyod_migration.TestNormalisation" name="test_phone_local_to_e164" time="0.000" /><testcase classname="tests.test_qoyod_migration.TestNormalisation" name="test_phone_with_country_code" time="0.000" /><testcase classname="tests.test_qoyod_migration.TestNormalisation" name="test_phone_bare_5_prefix" time="0.000" /><testcase classname="tests.test_qoyod_migration.TestNormalisation" name="test_phone_with_spaces_and_dashes" time="0.000" /><testcase classname="tests.test_qoyod_migration.TestNormalisation" name="test_phone_empty_or_garbage" time="0.000" /><testcase classname="tests.test_qoyod_migration.TestNormalisation" name="test_sku_normalisation" time="0.000" /><testcase classname="tests.test_qoyod_migration.TestNormalisation" name="test_name_normalisation" time="0.000" /><testcase classname="tests.test_qoyod_migration.TestNormalisation" name="test_email_normalisation" time="0.000" /><testcase classname="tests.test_qoyod_migration.TestProductClassifier" name="test_sku_match_exact_auto_mapped" time="0.000" /><testcase classname="tests.test_qoyod_migration.TestProductClassifier" name="test_sku_match_with_name_diff_warning" time="0.000" /><testcase classname="tests.test_qoyod_migration.TestProductClassifier" name="test_sku_match_with_price_diff_warning" time="0.000" /><testcase classname="tests.test_qoyod_migration.TestProductClassifier" name="test_name_only_match_is_candidate_no_auto_mapping" time="0.000" /><testcase classname="tests.test_qoyod_migration.TestProductClassifier" name="test_no_match_is_unmapped" time="0.000" /><testcase classname="tests.test_qoyod_migration.TestCustomerClassifier" name="test_phone_match_auto_mapped" time="0.000" /><testcase classname="tests.test_qoyod_migration.TestCustomerClassifier" name="test_email_match_when_no_phone" time="0.000" /><testcase classname="tests.test_qoyod_migration.TestCustomerClassifier" name="test_name_only_is_candidate" time="0.000" /><testcase classname="tests.test_qoyod_migration.TestCustomerClassifier" name="test_no_match_unmapped" time="0.000" /><testcase classname="tests.test_qoyod_migration" name="test_import_qoyod_products_paginates_and_upserts" time="0.018" /><testcase classname="tests.test_qoyod_migration" name="test_import_qoyod_customers_paginates_and_upserts" time="0.016" /><testcase classname="tests.test_qoyod_migration" name="test_extract_mezan_products_from_order_items" time="0.019" /><testcase classname="tests.test_qoyod_migration" name="test_extract_mezan_products_carries_last_order_date" time="0.027" /><testcase classname="tests.test_qoyod_migration" name="test_extract_mezan_customers_dedupes_by_phone" time="0.028" /><testcase classname="tests.test_qoyod_migration" name="test_match_products_end_to_end" time="0.038" /><testcase classname="tests.test_qoyod_migration" name="test_match_customers_end_to_end" time="0.039" /><testcase classname="tests.test_qoyod_migration" name="test_run_migration_orchestrator_produces_report" time="0.083" /><testcase classname="tests.test_qoyod_migration" name="test_rerun_migration_does_not_duplicate" time="0.054" /><testcase classname="tests.test_qoyod_migration" name="test_confirm_candidate_upgrades_status" time="0.015" /><testcase classname="tests.test_qoyod_migration" name="test_migration_is_read_only_against_qoyod" time="0.060" /><testcase classname="tests.test_qoyod_migration" name="test_match_products_persists_last_order_date" time="0.048" /><testcase classname="tests.test_qoyod_migration" name="test_match_customers_persists_last_order_date" time="0.037" /><testcase classname="tests.test_qoyod_migration" name="test_last_order_date_does_not_change_mapping_decision" time="0.045" /><testcase classname="tests.test_qoyod_migration_http_iter256" name="test_run_returns_400_or_2xx_never_5xx" time="1.251" /><testcase classname="tests.test_qoyod_migration_http_iter256" name="test_status_endpoint_shape" time="0.175" /><testcase classname="tests.test_qoyod_migration_http_iter256" name="test_report_endpoint_shape" time="0.136" /><testcase classname="tests.test_qoyod_migration_http_iter256" name="test_products_list_pagination_and_filter" time="0.135" /><testcase classname="tests.test_qoyod_migration_http_iter256" name="test_customers_list_pagination_and_filter" time="0.104" /><testcase classname="tests.test_qoyod_migration_http_iter256" name="test_confirm_validation_400" time="0.138" /><testcase classname="tests.test_qoyod_migration_http_iter256" name="test_confirm_invalid_kind_404" time="0.100" /><testcase classname="tests.test_qoyod_migration_http_iter256" name="test_products_export_csv" time="0.139" /><testcase classname="tests.test_qoyod_migration_http_iter256" name="test_customers_export_csv" time="0.101" /><testcase classname="tests.test_qoyod_migration_http_iter256" name="test_openapi_lists_six_new_paths" time="0.104"><skipped type="pytest.skip" message="openapi.json not JSON via ingress (frontend catch-all)">/app/backend/tests/test_qoyod_migration_http_iter256.py:175: openapi.json not JSON via ingress (frontend catch-all)</skipped></testcase><testcase classname="tests.test_qoyod_migration_last_order_date_iter257" name="test_products_sort_by_last_order_date_desc" time="0.426" /><testcase classname="tests.test_qoyod_migration_last_order_date_iter257" name="test_products_sort_by_last_order_date_asc" time="0.105" /><testcase classname="tests.test_qoyod_migration_last_order_date_iter257" name="test_products_filter_last_order_after" time="0.106" /><testcase classname="tests.test_qoyod_migration_last_order_date_iter257" name="test_customers_sort_by_last_order_date_desc" time="0.101" /><testcase classname="tests.test_qoyod_migration_last_order_date_iter257" name="test_customers_filter_last_order_after" time="0.104" /><testcase classname="tests.test_qoyod_migration_last_order_date_iter257" name="test_products_csv_includes_last_order_date_header" time="0.123" /><testcase classname="tests.test_qoyod_migration_last_order_date_iter257" name="test_customers_csv_includes_last_order_date_header" time="0.102" /><testcase classname="tests.test_qoyod_migration_last_order_date_iter257" name="test_invalid_sort_key_rejected" time="0.114" /><testcase classname="tests.test_qoyod_webhook_token.TestGenerateToken" name="test_token_has_prefix_and_strong_length" time="0.000" /><testcase classname="tests.test_qoyod_webhook_token.TestGenerateToken" name="test_token_is_unique_each_call" time="0.000" /><testcase classname="tests.test_qoyod_webhook_token.TestGenerateToken" name="test_fingerprint_is_short_and_deterministic" time="0.000" /><testcase classname="tests.test_qoyod_webhook_token" name="test_save_returns_metadata_only_no_plaintext" time="0.020" /><testcase classname="tests.test_qoyod_webhook_token" name="test_save_then_get_round_trip" time="0.016" /><testcase classname="tests.test_qoyod_webhook_token" name="test_get_meta_never_exposes_plaintext" time="0.015" /><testcase classname="tests.test_qoyod_webhook_token" name="test_meta_returns_none_when_not_configured" time="0.005" /><testcase classname="tests.test_qoyod_webhook_token" name="test_rotate_replaces_previous_token" time="0.021" /><testcase classname="tests.test_qoyod_webhook_token" name="test_revoke_hides_token_from_get_and_verify" time="0.023" /><testcase classname="tests.test_qoyod_webhook_token" name="test_verify_db_token_succeeds" time="0.020" /><testcase classname="tests.test_qoyod_webhook_token" name="test_verify_wrong_token_fails" time="0.017" /><testcase classname="tests.test_qoyod_webhook_token" name="test_verify_falls_back_to_env_when_no_db_token" time="0.005" /><testcase classname="tests.test_qoyod_webhook_token" name="test_db_token_takes_precedence_over_env" time="0.020" /><testcase classname="tests.test_qoyod_webhook_token" name="test_verify_returns_false_on_empty_provided" time="0.005" /><testcase classname="tests.test_qoyod_webhook_token" name="test_verify_records_last_verified_at" time="0.027" /><testcase classname="tests.test_qoyod_webhook_token" name="test_revoke_returns_false_when_already_revoked" time="0.017" /><testcase classname="tests.test_qoyod_webhook_token" name="test_webhook_verifier_uses_db_token_when_present" time="0.018" /><testcase classname="tests.test_qoyod_webhook_token" name="test_webhook_verifier_falls_back_to_env_when_db_empty" time="0.005" /><testcase classname="tests.test_qoyod_webhook_token" name="test_webhook_verifier_503_when_nothing_configured" time="0.038" /><testcase classname="tests.test_qoyod_webhook_token_http_iter258" name="test_status_empty_then_generate_then_status_configured" time="0.524" /><testcase classname="tests.test_qoyod_webhook_token_http_iter258" name="test_regenerate_rotates_token_and_returns_different_plaintext" time="0.159" /><testcase classname="tests.test_qoyod_webhook_token_http_iter258" name="test_delete_revokes_then_status_unconfigured" time="0.137" /><testcase classname="tests.test_qoyod_webhook_token_http_iter258" name="test_webhook_accepts_new_db_token_rejects_env_token" time="0.354" /><testcase classname="tests.test_qoyod_webhook_token_http_iter258" name="test_unauth_status_blocked" time="0.184" /><testcase classname="tests.test_qyd_go_production_readiness" name="test_checklist_all_passes_when_fully_ready" time="0.021" /><testcase classname="tests.test_qyd_go_production_readiness" name="test_checklist_fails_when_api_key_missing" time="0.025" /><testcase classname="tests.test_qyd_go_production_readiness" name="test_checklist_fails_when_branch_or_tax_missing" time="0.031" /><testcase classname="tests.test_qyd_go_production_readiness" name="test_checklist_fails_when_payment_method_unmapped" time="0.016" /><testcase classname="tests.test_qyd_go_production_readiness" name="test_checklist_fails_when_dry_run_disabled_before_activation" time="0.024" /><testcase classname="tests.test_qyd_go_production_readiness" name="test_checklist_fails_when_outstanding_failures_present" time="0.024" /><testcase classname="tests.test_qyd_go_production_readiness" name="test_checklist_lookups_fail_on_qoyod_api_error" time="0.018" /><testcase classname="tests.test_qyd_go_production_readiness" name="test_report_reflects_creation_vs_lookup_counts" time="0.019" /><testcase classname="tests.test_qyd_go_production_readiness" name="test_activation_blocked_when_checklist_fails" time="0.024" /><testcase classname="tests.test_qyd_go_production_readiness" name="test_activation_flips_settings_when_all_pass" time="0.017" /></testsuite></testsuites>