<?xml version="1.0" encoding="utf-8"?><testsuites name="pytest tests"><testsuite name="pytest" errors="0" failures="0" skipped="0" tests="16" time="4.550" timestamp="2026-06-06T13:50:59.141973+00:00" hostname="agent-env-f5e6b93a-68a2-4155-84ad-e55b4fa936d3"><testcase classname="tests.test_settlements_import_iter74" name="test_detect_provider_salla" time="0.612" /><testcase classname="tests.test_settlements_import_iter74" name="test_detect_provider_tamara" time="0.160" /><testcase classname="tests.test_settlements_import_iter74" name="test_detect_provider_tabby" time="0.236" /><testcase classname="tests.test_settlements_import_iter74" name="test_salla_parser_totals" time="0.113" /><testcase classname="tests.test_settlements_import_iter74" name="test_tamara_parser_totals_and_refunds" time="0.141" /><testcase classname="tests.test_settlements_import_iter74" name="test_tabby_parser_totals" time="0.256" /><testcase classname="tests.test_settlements_import_iter74" name="test_normalize_order_number_strips_decimals" time="0.105" /><testcase classname="tests.test_settlements_import_iter74" name="test_consolidate_capture_plus_refund" time="0.110" /><testcase classname="tests.test_settlements_import_iter74" name="test_upload_salla_matches_real_orders" time="0.304" /><testcase classname="tests.test_settlements_import_iter74" name="test_upload_tamara_picks_up_metadata" time="0.310" /><testcase classname="tests.test_settlements_import_iter74" name="test_upload_tabby_matches" time="0.425" /><testcase classname="tests.test_settlements_import_iter74" name="test_dedup_same_file_twice" time="0.360" /><testcase classname="tests.test_settlements_import_iter74" name="test_coverage_analytics_after_upload" time="0.340" /><testcase classname="tests.test_settlements_import_iter74" name="test_delete_rolls_back_actual_fields" time="0.493" /><testcase classname="tests.test_settlements_import_iter74" name="test_non_xlsx_rejected" time="0.154" /><testcase classname="tests.test_settlements_import_iter74" name="test_empty_file_rejected" time="0.161" /></testsuite></testsuites>