<?xml version="1.0" encoding="utf-8"?><testsuites name="pytest tests"><testsuite name="pytest" errors="0" failures="0" skipped="0" tests="16" time="4.158" timestamp="2026-06-06T00:45:00.353431+00:00" hostname="agent-env-f5e6b93a-68a2-4155-84ad-e55b4fa936d3"><testcase classname="tests.test_salla_phase2_iter73_review" name="test_status_does_not_leak_tokens" time="0.584" /><testcase classname="tests.test_salla_phase2_iter73_review" name="test_config_get_shape_no_raw_secret" time="0.151" /><testcase classname="tests.test_salla_phase2_iter73_review" name="test_config_put_get_delete_roundtrip" time="0.248" /><testcase classname="tests.test_salla_phase2_iter73_review" name="test_config_put_without_secret_preserves_existing" time="0.360" /><testcase classname="tests.test_salla_phase2_iter73_review" name="test_config_put_empty_client_id_returns_arabic_400" time="0.145" /><testcase classname="tests.test_salla_phase2_iter73_review" name="test_sync_logs_basic" time="0.153" /><testcase classname="tests.test_salla_phase2_iter73_review" name="test_sync_logs_supports_limit_and_kind" time="0.191" /><testcase classname="tests.test_salla_phase2_iter73_review" name="test_sync_orders_error_shape_when_not_connected" time="0.210" /><testcase classname="tests.test_salla_phase2_iter73_review" name="test_sync_products_error_shape_when_not_connected" time="0.871" /><testcase classname="tests.test_salla_phase2_iter73_review" name="test_sources_comparison_full_shape" time="0.148" /><testcase classname="tests.test_salla_phase2_iter73_review" name="test_disconnect_is_idempotent" time="0.182" /><testcase classname="tests.test_salla_phase2_iter73_review" name="test_oauth_login_503_when_not_configured" time="0.198" /><testcase classname="tests.test_salla_phase2_iter73_review" name="test_oauth_login_200_after_config_saved" time="0.214" /><testcase classname="tests.test_salla_phase2_iter73_review" name="test_regression_reconciliation_summary" time="0.160" /><testcase classname="tests.test_salla_phase2_iter73_review" name="test_regression_sync_payment_methods" time="0.166" /><testcase classname="tests.test_salla_phase2_iter73_review" name="test_merge_rule_unit_does_not_overwrite_make" time="0.096" /></testsuite></testsuites>