<?xml version="1.0" encoding="utf-8"?><testsuites name="pytest tests"><testsuite name="pytest" errors="0" failures="0" skipped="0" tests="6" time="4.742" timestamp="2026-06-01T01:33:00.997223+00:00" hostname="agent-env-f5e6b93a-68a2-4155-84ad-e55b4fa936d3"><testcase classname="tests.test_product_costs.TestCRUD" name="test_create_list_update_delete_flow" time="1.590" /><testcase classname="tests.test_product_costs.TestExcelImport" name="test_import_arabic_headers" time="0.599" /><testcase classname="tests.test_product_costs.TestExcelImport" name="test_import_english_headers_and_update_on_dup" time="0.681" /><testcase classname="tests.test_product_costs.TestExcelImport" name="test_import_missing_required_column" time="0.481" /><testcase classname="tests.test_product_costs.TestCostLookup" name="test_lookup_by_sku_then_product_id" time="0.759" /><testcase classname="tests.test_product_costs.TestCostLookup" name="test_dashboard_total_product_cost_reflects_computed" time="0.565" /></testsuite></testsuites>