<?xml version="1.0" encoding="utf-8"?><testsuites name="pytest tests"><testsuite name="pytest" errors="0" failures="0" skipped="0" tests="35" time="5.210" timestamp="2026-06-06T00:45:09.470890+00:00" hostname="agent-env-f5e6b93a-68a2-4155-84ad-e55b4fa936d3"><testcase classname="tests.test_salla_direct_iter73" name="test_salla_order_to_doc_minimal" time="0.002" /><testcase classname="tests.test_salla_direct_iter73" name="test_salla_order_to_doc_handles_missing_fields" time="0.000" /><testcase classname="tests.test_salla_direct_iter73" name="test_is_configured_picks_up_cache" time="0.000" /><testcase classname="tests.test_salla_direct_iter73" name="test_salla_direct_does_not_overwrite_make_critical_fields" time="0.000" /><testcase classname="tests.test_salla_direct_iter73" name="test_salla_direct_can_create_new_orders" time="0.000" /><testcase classname="tests.test_salla_direct_iter73" name="test_config_endpoint_roundtrip" time="0.512" /><testcase classname="tests.test_salla_direct_iter73" name="test_sync_logs_endpoint" time="0.049" /><testcase classname="tests.test_salla_direct_iter73" name="test_sources_comparison_endpoint" time="0.054" /><testcase classname="tests.test_salla_direct_iter73" name="test_sync_orders_returns_proper_error_when_not_connected" time="0.095" /><testcase classname="tests.test_payment_method_idempotency_iter68" name="test_normalize_classifies_every_spelling" time="0.002" /><testcase classname="tests.test_payment_method_idempotency_iter68" name="test_resolve_account_key_refuses_unknown" time="0.001" /><testcase classname="tests.test_payment_method_idempotency_iter68" name="test_iter69_underscore_and_bank_aliases" time="0.000" /><testcase classname="tests.test_payment_method_idempotency_iter68" name="test_sync_is_idempotent" time="0.675" /><testcase classname="tests.test_payment_method_idempotency_iter68" name="test_sync_preserves_transfer_balance" time="0.646" /><testcase classname="tests.test_payment_method_idempotency_iter68" name="test_unclassified_endpoint_reachable" time="0.375" /><testcase classname="tests.test_payment_method_idempotency_iter68" name="test_unique_index_blocks_duplicate_ghost" time="0.693" /><testcase classname="tests.test_payment_method_idempotency_iter68" name="test_sync_deletes_pre_existing_ghost_with_no_tx" time="0.502" /><testcase classname="tests.test_shipping_companies_iter72" name="test_scrub_strips_excel_apostrophes" time="0.000" /><testcase classname="tests.test_shipping_companies_iter72" name="test_scrub_strips_zero_width_and_bom" time="0.000" /><testcase classname="tests.test_shipping_companies_iter72" name="test_normalize_canonicalises_known_aliases" time="0.000" /><testcase classname="tests.test_shipping_companies_iter72" name="test_normalize_combines_apostrophes_and_aliases" time="0.000" /><testcase classname="tests.test_shipping_companies_iter72" name="test_normalize_unknown_value_gets_stable_slug" time="0.000" /><testcase classname="tests.test_shipping_companies_iter72" name="test_normalize_empty_and_null_markers_become_unknown" time="0.000" /><testcase classname="tests.test_shipping_companies_iter72" name="test_specific_mandoob_riyadh_wins_over_bare_mandoob" time="0.000" /><testcase classname="tests.test_shipping_companies_iter72" name="test_migration_is_idempotent" time="0.033" /><testcase classname="tests.test_shipping_companies_iter72" name="test_migration_cleans_freshly_inserted_dirty_row" time="0.032" /><testcase classname="tests.test_shipping_companies_iter72" name="test_production_data_is_clean_after_startup" time="0.011" /><testcase classname="tests.test_reconciliation_phase22.TestReconciliationAuth" name="test_summary_requires_auth" time="0.101" /><testcase classname="tests.test_reconciliation_phase22.TestReconciliationAuth" name="test_platform_requires_auth" time="0.095" /><testcase classname="tests.test_reconciliation_phase22.TestReconciliationSummary" name="test_summary_shape" time="0.474" /><testcase classname="tests.test_reconciliation_phase22.TestReconciliationSummary" name="test_totals_match_accounts_expected" time="0.135" /><testcase classname="tests.test_reconciliation_phase22.TestReconciliationSummary" name="test_pending_and_rate_math" time="0.068" /><testcase classname="tests.test_reconciliation_phase22.TestReconciliationSummary" name="test_total_transferred_matches_outgoing_to_bank" time="0.197" /><testcase classname="tests.test_reconciliation_phase22.TestReconciliationPlatformDetail" name="test_salla_detail_has_inma_transfer" time="0.065" /><testcase classname="tests.test_reconciliation_phase22.TestReconciliationPlatformDetail" name="test_invalid_id_returns_404" time="0.055" /></testsuite></testsuites>