<?xml version="1.0" encoding="utf-8"?><testsuites name="pytest tests"><testsuite name="pytest" errors="0" failures="0" skipped="0" tests="13" time="2.764" timestamp="2026-05-31T23:58:20.888524+00:00" hostname="agent-env-f5e6b93a-68a2-4155-84ad-e55b4fa936d3"><testcase classname="backend.tests.test_meta_token_exchange.TestExchangeTokenValidation" name="test_empty_token_returns_friendly_arabic" time="0.601" /><testcase classname="backend.tests.test_meta_token_exchange.TestExchangeTokenValidation" name="test_too_short_token_returns_friendly_arabic" time="0.114" /><testcase classname="backend.tests.test_meta_token_exchange.TestExchangeTokenValidation" name="test_missing_app_creds_returns_friendly_arabic" time="0.109" /><testcase classname="backend.tests.test_meta_token_exchange.TestExchangeTokenValidation" name="test_bad_ad_account_id_returns_friendly_arabic" time="0.115" /><testcase classname="backend.tests.test_meta_token_exchange.TestExchangeTokenValidation" name="test_fake_creds_returns_classified_meta_error" time="0.225" /><testcase classname="backend.tests.test_meta_token_exchange.TestMetaConfigExposesTokenExpiry" name="test_config_response_shape" time="0.110" /><testcase classname="backend.tests.test_meta_friendly_errors.TestMetaTestConnection" name="test_invalid_token_returns_friendly_arabic" time="0.581" /><testcase classname="backend.tests.test_meta_friendly_errors.TestMetaTestConnection" name="test_invalid_token_does_not_save" time="0.126" /><testcase classname="backend.tests.test_meta_friendly_errors.TestMetaTestConnection" name="test_bad_ad_account_id_returns_arabic" time="0.116" /><testcase classname="backend.tests.test_meta_friendly_errors.TestMetaSyncErrors" name="test_sync_without_connection" time="0.128" /><testcase classname="backend.tests.test_meta_friendly_errors.TestMetaStatusFields" name="test_meta_config_has_status_fields_when_connected" time="0.103" /><testcase classname="backend.tests.test_meta_friendly_errors.TestMetaStatusFields" name="test_dashboard_meta_summary_has_status_fields" time="0.117" /><testcase classname="backend.tests.test_meta_friendly_errors.TestNoRawJsonLeakage" name="test_no_raw_oauth_exception_anywhere" time="0.253" /></testsuite></testsuites>