<?xml version="1.0" encoding="utf-8"?><testsuites name="pytest tests"><testsuite name="pytest" errors="0" failures="0" skipped="1" tests="10" time="0.400" timestamp="2026-06-30T17:04:16.910623+00:00" hostname="agent-env-f5e6b93a-68a2-4155-84ad-e55b4fa936d3"><testcase classname="backend.tests.test_qoyod_posting_mode_iter293_http.TestAdminDiagnostics" name="test_cod_receipts_report_requires_auth" time="0.005" /><testcase classname="backend.tests.test_qoyod_posting_mode_iter293_http.TestAdminDiagnostics" name="test_cod_receipts_report_shape" time="0.235" /><testcase classname="backend.tests.test_qoyod_posting_mode_iter293_http.TestAdminDiagnostics" name="test_bank_transfer_discovery_requires_auth" time="0.003" /><testcase classname="backend.tests.test_qoyod_posting_mode_iter293_http.TestAdminDiagnostics" name="test_bank_transfer_discovery_shape" time="0.004" /><testcase classname="backend.tests.test_qoyod_posting_mode_iter293_http.TestSettingsCoercion" name="test_cod_row_forced_to_credit_invoice_only" time="0.013" /><testcase classname="backend.tests.test_qoyod_posting_mode_iter293_http.TestSettingsCoercion" name="test_non_cod_preserves_paid_receipt[mada]" time="0.012" /><testcase classname="backend.tests.test_qoyod_posting_mode_iter293_http.TestSettingsCoercion" name="test_non_cod_preserves_paid_receipt[apple_pay]" time="0.012" /><testcase classname="backend.tests.test_qoyod_posting_mode_iter293_http.TestSettingsCoercion" name="test_non_cod_disabled_persists" time="0.012" /><testcase classname="backend.tests.test_qoyod_posting_mode_iter293_http.TestBackwardsCompatIter291_292" name="test_iter291_oauth_scopes_endpoint" time="0.008" /><testcase classname="backend.tests.test_qoyod_posting_mode_iter293_http.TestBackwardsCompatIter291_292" name="test_iter292_easy_mode_webhook_503_when_disabled" time="0.009"><skipped type="pytest.skip" message="Iter-292 easy-mode webhook not found at known paths (last=('/api/integrations/salla/webhook/easy', 404))">/app/backend/tests/test_qoyod_posting_mode_iter293_http.py:211: Iter-292 easy-mode webhook not found at known paths (last=('/api/integrations/salla/webhook/easy', 404))</skipped></testcase></testsuite></testsuites>