<?xml version="1.0" encoding="utf-8"?><testsuites name="pytest tests"><testsuite name="pytest" errors="0" failures="0" skipped="0" tests="6" time="1.060" timestamp="2026-05-31T21:45:27.884436+00:00" hostname="agent-env-f5e6b93a-68a2-4155-84ad-e55b4fa936d3"><testcase classname="backend.tests.test_iteration_13.TestDashboardMetaFields" name="test_dashboard_exposes_meta_aggregates" time="0.560" /><testcase classname="backend.tests.test_iteration_13.TestDashboardMetaFields" name="test_dashboard_totals_include_tiktok_too" time="0.053" /><testcase classname="backend.tests.test_iteration_13.TestMetaSpendInTotalAdsCost" name="test_total_ads_cost_includes_meta_spend" time="0.165" /><testcase classname="backend.tests.test_iteration_13.TestTiktokSummary" name="test_endpoint_200_and_shape" time="0.052" /><testcase classname="backend.tests.test_iteration_13.TestTiktokSummary" name="test_today_uses_riyadh_tz" time="0.054" /><testcase classname="backend.tests.test_iteration_13.TestSnapchatBulkTimezoneField" name="test_bulk_returns_tz_field_when_not_configured" time="0.049" /></testsuite></testsuites>