<?xml version="1.0" encoding="utf-8"?><testsuites name="pytest tests"><testsuite name="pytest" errors="0" failures="0" skipped="0" tests="2" time="1.579" timestamp="2026-06-01T01:34:31.397828+00:00" hostname="agent-env-f5e6b93a-68a2-4155-84ad-e55b4fa936d3"><testcase classname="tests.test_product_costs_webhook.TestWebhookEnrichment" name="test_webhook_attaches_total_product_cost" time="0.755" /><testcase classname="tests.test_product_costs_webhook.TestSkuFirstPrecedence" name="test_sku_takes_precedence_over_product_id" time="0.687" /></testsuite></testsuites>