<?xml version="1.0" encoding="utf-8"?><testsuites name="pytest tests"><testsuite name="pytest" errors="0" failures="0" skipped="1" tests="10" time="2.164" timestamp="2026-06-26T02:27:47.763779+00:00" hostname="agent-env-f5e6b93a-68a2-4155-84ad-e55b4fa936d3"><testcase classname="tests.test_qoyod_migration_http_iter256" name="test_run_returns_400_or_2xx_never_5xx" time="1.010" /><testcase classname="tests.test_qoyod_migration_http_iter256" name="test_status_endpoint_shape" time="0.173" /><testcase classname="tests.test_qoyod_migration_http_iter256" name="test_report_endpoint_shape" time="0.117" /><testcase classname="tests.test_qoyod_migration_http_iter256" name="test_products_list_pagination_and_filter" time="0.139" /><testcase classname="tests.test_qoyod_migration_http_iter256" name="test_customers_list_pagination_and_filter" time="0.106" /><testcase classname="tests.test_qoyod_migration_http_iter256" name="test_confirm_validation_400" time="0.112" /><testcase classname="tests.test_qoyod_migration_http_iter256" name="test_confirm_invalid_kind_404" time="0.103" /><testcase classname="tests.test_qoyod_migration_http_iter256" name="test_products_export_csv" time="0.110" /><testcase classname="tests.test_qoyod_migration_http_iter256" name="test_customers_export_csv" time="0.105" /><testcase classname="tests.test_qoyod_migration_http_iter256" name="test_openapi_lists_six_new_paths" time="0.099"><skipped type="pytest.skip" message="openapi.json not JSON via ingress (frontend catch-all)">/app/backend/tests/test_qoyod_migration_http_iter256.py:175: openapi.json not JSON via ingress (frontend catch-all)</skipped></testcase></testsuite></testsuites>