<?xml version="1.0" encoding="utf-8"?><testsuites name="pytest tests"><testsuite name="pytest" errors="0" failures="0" skipped="0" tests="21" time="1.214" timestamp="2026-06-25T16:21:28.622867+00:00" hostname="agent-env-f5e6b93a-68a2-4155-84ad-e55b4fa936d3"><testcase classname="tests.test_shipping_accounts_ssot_iter255" name="test_shipping_accounts_endpoint_reachable_and_shape" time="0.440" /><testcase classname="tests.test_shipping_accounts_ssot_iter255" name="test_shipping_accounts_totals_match_row_sum" time="0.068" /><testcase classname="tests.test_shipping_accounts_ssot_iter255" name="test_shipping_accounts_owed_matches_ledger_shipping_cost" time="0.216" /><testcase classname="tests.test_shipping_accounts_ssot_iter255" name="test_shipping_accounts_total_owed_matches_ledger_for_deferred_subset" time="0.205" /><testcase classname="tests.test_shipping_accounts_ssot_iter255" name="test_compute_owed_per_company_uses_ssot_priority" time="0.188" /><testcase classname="tests.test_shipping_accounts_ssot_iter255" name="test_compute_owed_per_company_falls_back_to_salla_when_no_cfg_cost" time="0.001" /><testcase classname="tests.test_shipping_cost_ssot" name="test_breakdown_prefers_company_config_over_salla" time="0.000" /><testcase classname="tests.test_shipping_cost_ssot" name="test_breakdown_falls_back_to_salla_when_no_company_cost" time="0.000" /><testcase classname="tests.test_shipping_cost_ssot" name="test_breakdown_falls_back_to_salla_when_company_unknown" time="0.000" /><testcase classname="tests.test_shipping_cost_ssot" name="test_breakdown_uses_company_cost_when_salla_missing" time="0.000" /><testcase classname="tests.test_shipping_cost_ssot" name="test_breakdown_no_vat_means_zero_tax_no_default_applied" time="0.000" /><testcase classname="tests.test_shipping_cost_ssot" name="test_breakdown_unknown_company_with_no_salla_returns_zero" time="0.000" /><testcase classname="tests.test_shipping_cost_ssot" name="test_breakdown_order_cost_overrides_company_cost_DEPRECATED" time="0.000" /><testcase classname="tests.test_shipping_cost_ssot" name="test_breakdown_handles_string_shipping_cost_as_fallback" time="0.000" /><testcase classname="tests.test_shipping_cost_ssot" name="test_breakdown_handles_malformed_vat_rate" time="0.000" /><testcase classname="tests.test_shipping_cost_ssot" name="test_breakdown_accepts_vat_percent_field" time="0.000" /><testcase classname="tests.test_shipping_cost_ssot" name="test_breakdown_vat_rate_beats_vat_percent_when_both_present" time="0.000" /><testcase classname="tests.test_shipping_cost_ssot" name="test_aggregate_breakdown_sums_correctly" time="0.000" /><testcase classname="tests.test_shipping_cost_ssot" name="test_aggregate_with_mixed_vat_rates" time="0.000" /><testcase classname="tests.test_shipping_cost_ssot" name="test_compute_balances_uses_total_with_tax" time="0.000" /><testcase classname="tests.test_shipping_cost_ssot" name="test_compute_balances_without_cfgs_falls_back_to_base" time="0.000" /></testsuite></testsuites>