<?xml version="1.0" encoding="utf-8"?><testsuites name="pytest tests"><testsuite name="pytest" errors="0" failures="0" skipped="0" tests="4" time="1.853" timestamp="2026-06-26T15:20:46.784544+00:00" hostname="agent-env-f5e6b93a-68a2-4155-84ad-e55b4fa936d3"><testcase classname="backend.tests.test_qoyod_catalog_proxies" name="test_branches_proxy_returns_unsupported_marker" time="0.295" /><testcase classname="backend.tests.test_qoyod_catalog_proxies" name="test_taxes_proxy_returns_unsupported_marker" time="0.291" /><testcase classname="backend.tests.test_qoyod_catalog_proxies" name="test_accounts_proxy_still_calls_qoyod_and_passes_through_errors" time="0.895" /><testcase classname="backend.tests.test_qoyod_catalog_proxies" name="test_unsupported_proxies_do_not_hit_qoyod" time="0.334" /></testsuite></testsuites>