<?xml version="1.0" encoding="utf-8"?><testsuites name="pytest tests"><testsuite name="pytest" errors="0" failures="3" skipped="0" tests="40" time="4.090" timestamp="2026-06-06T23:22:52.117564+00:00" hostname="agent-env-f5e6b93a-68a2-4155-84ad-e55b4fa936d3"><testcase classname="backend.tests.test_payment_gateway_unification_iter81.TestCentralMetrics" name="test_endpoint_returns_rows_and_totals" time="0.490" /><testcase classname="backend.tests.test_payment_gateway_unification_iter81.TestCentralMetrics" name="test_canonical_keys_subset" time="0.080" /><testcase classname="backend.tests.test_payment_gateway_unification_iter81.TestCentralMetrics" name="test_row_field_shape" time="0.078" /><testcase classname="backend.tests.test_payment_gateway_unification_iter81.TestCentralMetrics" name="test_totals_match_sum_of_rows" time="0.079" /><testcase classname="backend.tests.test_payment_gateway_unification_iter81.TestArabicFolding" name="test_hamza_variants" time="0.001" /><testcase classname="backend.tests.test_payment_gateway_unification_iter81.TestReconciliationCentral" name="test_summary_platforms_use_central" time="0.092" /><testcase classname="backend.tests.test_payment_gateway_unification_iter81.TestReconciliationCentral" name="test_salla_account_equals_central_sum" time="0.169" /><testcase classname="backend.tests.test_payment_gateway_unification_iter81.TestReconciliationCentral" name="test_single_mapped_accounts[tamara-tamara]" time="0.168" /><testcase classname="backend.tests.test_payment_gateway_unification_iter81.TestReconciliationCentral" name="test_single_mapped_accounts[tabby-tabby]" time="0.174" /><testcase classname="backend.tests.test_payment_gateway_unification_iter81.TestReconciliationCentral" name="test_single_mapped_accounts[emkan-emkan]" time="0.172" /><testcase classname="backend.tests.test_payment_gateway_unification_iter81.TestReconciliationCentral" name="test_single_mapped_accounts[bank_transfer-bank_transfer]" time="0.167" /><testcase classname="backend.tests.test_payment_gateway_unification_iter81.TestSyncPaymentMethods" name="test_sync_updates_expected_orders_balance" time="0.230" /><testcase classname="backend.tests.test_status_refunds_iter82" name="test_tamara_refunds_excluded_from_net" time="0.427" /><testcase classname="backend.tests.test_status_refunds_iter82" name="test_tabby_refunds_excluded_from_net" time="0.000" /><testcase classname="backend.tests.test_status_refunds_iter82" name="test_no_fees_charged_on_refunded_orders" time="0.000" /><testcase classname="backend.tests.test_status_refunds_iter82" name="test_reconciliation_matches_central" time="0.097" /><testcase classname="backend.tests.test_status_refunds_iter82" name="test_refund_monitor_surfaces_status_refunds" time="0.067" /><testcase classname="backend.tests.test_status_refunds_iter82" name="test_totals_remain_internally_consistent" time="0.000" /><testcase classname="backend.tests.test_status_refunds_iter82" name="test_totals_match_sum_of_rows" time="0.000" /><testcase classname="backend.tests.test_status_refunds_iter82_extra" name="test_tamara_exact_numbers" time="0.441"><failure message="AssertionError: {'actual_orders_count': 0, 'cancelled_orders_count': 7, 'coverage_pct': 0.0, 'expected_in_assets': 61360.3, ...}&#10;assert 25110.940000000002 &lt; 1.0&#10; +  where 25110.940000000002 = abs((69372.33 - 94483.27))">backend/tests/test_status_refunds_iter82_extra.py:52: in test_tamara_exact_numbers
    assert abs(t["gross"] - 94_483.27) &lt; 1.0, t
E   AssertionError: {'actual_orders_count': 0, 'cancelled_orders_count': 7, 'coverage_pct': 0.0, 'expected_in_assets': 61360.3, ...}
E   assert 25110.940000000002 &lt; 1.0
E    +  where 25110.940000000002 = abs((69372.33 - 94483.27))</failure></testcase><testcase classname="backend.tests.test_status_refunds_iter82_extra" name="test_tabby_exact_numbers" time="0.000"><failure message="AssertionError: {'actual_orders_count': 0, 'cancelled_orders_count': 6, 'coverage_pct': 0.0, 'expected_in_assets': 55264.41, ...}&#10;assert 17540.369999999995 &lt; 1.0&#10; +  where 17540.369999999995 = abs((55264.41 - 72804.78))">backend/tests/test_status_refunds_iter82_extra.py:63: in test_tabby_exact_numbers
    assert abs(t["net"] - 72_804.78) &lt; 1.0, t
E   AssertionError: {'actual_orders_count': 0, 'cancelled_orders_count': 6, 'coverage_pct': 0.0, 'expected_in_assets': 55264.41, ...}
E   assert 17540.369999999995 &lt; 1.0
E    +  where 17540.369999999995 = abs((55264.41 - 72804.78))</failure></testcase><testcase classname="backend.tests.test_status_refunds_iter82_extra" name="test_cancelled_orders_still_excluded" time="0.000" /><testcase classname="backend.tests.test_status_refunds_iter82_extra" name="test_other_gateways_refunded_counts_populated" time="0.000" /><testcase classname="backend.tests.test_status_refunds_iter82_extra" name="test_refund_monitor_surfaces_other_methods" time="0.075" /><testcase classname="backend.tests.test_status_refunds_iter82_extra" name="test_per_row_identity_all_gateways" time="0.000" /><testcase classname="backend.tests.test_status_refunds_iter82_extra" name="test_reconciliation_expected_source_central" time="0.095" /><testcase classname="backend.tests.test_refunds_alert_iter77" name="test_today_period" time="0.000" /><testcase classname="backend.tests.test_refunds_alert_iter77" name="test_yesterday_period" time="0.000" /><testcase classname="backend.tests.test_refunds_alert_iter77" name="test_this_month_period" time="0.000" /><testcase classname="backend.tests.test_refunds_alert_iter77" name="test_last_month_period" time="0.000" /><testcase classname="backend.tests.test_refunds_alert_iter77" name="test_last_30d_period" time="0.001" /><testcase classname="backend.tests.test_refunds_alert_iter77" name="test_this_year_period" time="0.000" /><testcase classname="backend.tests.test_refunds_alert_iter77" name="test_custom_period_with_dates" time="0.000" /><testcase classname="backend.tests.test_refunds_alert_iter77" name="test_custom_period_missing_dates_raises" time="0.000" /><testcase classname="backend.tests.test_refunds_alert_iter77" name="test_invalid_period_raises" time="0.000" /><testcase classname="backend.tests.test_refunds_alert_iter77" name="test_endpoint_default_last_30d" time="0.394" /><testcase classname="backend.tests.test_refunds_alert_iter77" name="test_endpoint_today" time="0.077" /><testcase classname="backend.tests.test_refunds_alert_iter77" name="test_endpoint_custom_requires_dates" time="0.046" /><testcase classname="backend.tests.test_refunds_alert_iter77" name="test_endpoint_custom_with_dates" time="0.079" /><testcase classname="backend.tests.test_refunds_alert_iter77" name="test_alert_picks_up_uploaded_refunds" time="0.094"><failure message="FileNotFoundError: [Errno 2] No such file or directory: '/tmp/settlements_samples/salla_refund.xlsx'">backend/tests/test_refunds_alert_iter77.py:150: in test_alert_picks_up_uploaded_refunds
    with open(f"{SAMPLES}/salla_refund.xlsx", "rb") as fh:
         ^^^^^^^^^^^^^^^^^^^^^^^^^^^^^^^^^^^^^^^^^^
E   FileNotFoundError: [Errno 2] No such file or directory: '/tmp/settlements_samples/salla_refund.xlsx'</failure></testcase></testsuite></testsuites>