<?xml version="1.0" encoding="utf-8"?><testsuites name="pytest tests"><testsuite name="pytest" errors="0" failures="0" skipped="0" tests="11" time="1.968" timestamp="2026-06-24T15:25:09.262869+00:00" hostname="agent-env-f5e6b93a-68a2-4155-84ad-e55b4fa936d3"><testcase classname="backend.tests.test_iter251_v10_ad_spend_rca" name="test_endpoint_shape_and_top_level_keys" time="0.600" /><testcase classname="backend.tests.test_iter251_v10_ad_spend_rca" name="test_account_record_keys" time="0.056" /><testcase classname="backend.tests.test_iter251_v10_ad_spend_rca" name="test_meta_scenario_215_95" time="0.060" /><testcase classname="backend.tests.test_iter251_v10_ad_spend_rca" name="test_snapchat_scenario_432_08" time="0.059" /><testcase classname="backend.tests.test_iter251_v10_ad_spend_rca" name="test_providers_parameter_filtering" time="0.171" /><testcase classname="backend.tests.test_iter251_v10_ad_spend_rca" name="test_totals_per_provider_aggregation" time="0.055" /><testcase classname="backend.tests.test_iter251_v10_ad_spend_rca" name="test_read_only_guarantee" time="0.173" /><testcase classname="backend.tests.test_iter251_v10_ad_spend_rca" name="test_empty_provider_returns_200_with_empty_accounts" time="0.415" /><testcase classname="backend.tests.test_iter251_v10_ad_spend_rca" name="test_snapchat_no_cross_account_leak" time="0.062" /><testcase classname="backend.tests.test_iter251_v10_ad_spend_rca" name="test_ads_currency_settings_fx_override" time="0.074" /><testcase classname="backend.tests.test_iter251_v10_ad_spend_rca" name="test_gl_leg_match_paths_present" time="0.062" /></testsuite></testsuites>