<?xml version="1.0" encoding="utf-8"?><testsuites name="pytest tests"><testsuite name="pytest" errors="0" failures="1" skipped="0" tests="6" time="1.923" timestamp="2026-06-25T16:20:36.022649+00:00" hostname="agent-env-f5e6b93a-68a2-4155-84ad-e55b4fa936d3"><testcase classname="tests.test_shipping_accounts_ssot_iter255" name="test_shipping_accounts_endpoint_reachable_and_shape" time="1.029" /><testcase classname="tests.test_shipping_accounts_ssot_iter255" name="test_shipping_accounts_totals_match_row_sum" time="0.125" /><testcase classname="tests.test_shipping_accounts_ssot_iter255" name="test_shipping_accounts_owed_matches_ledger_shipping_cost" time="0.256" /><testcase classname="tests.test_shipping_accounts_ssot_iter255" name="test_shipping_accounts_total_owed_matches_ledger_total_shipping_cost" time="0.212"><failure message="AssertionError: SSOT drift in aggregate: shipping_accounts.total_owed=0 vs shipping_ledger.total_shipping_cost=33607.0&#10;assert 33607.0 &lt;= 0.1&#10; +  where 33607.0 = abs((0.0 - 33607.0))&#10; +    where 0.0 = float(0)&#10; +    and   33607.0 = float(33607.0)">tests/test_shipping_accounts_ssot_iter255.py:137: in test_shipping_accounts_total_owed_matches_ledger_total_shipping_cost
    assert abs(float(accounts_total_owed) - float(ledger_total)) &lt;= TOL, (
E   AssertionError: SSOT drift in aggregate: shipping_accounts.total_owed=0 vs shipping_ledger.total_shipping_cost=33607.0
E   assert 33607.0 &lt;= 0.1
E    +  where 33607.0 = abs((0.0 - 33607.0))
E    +    where 0.0 = float(0)
E    +    and   33607.0 = float(33607.0)</failure></testcase><testcase classname="tests.test_shipping_accounts_ssot_iter255" name="test_compute_owed_per_company_uses_ssot_priority" time="0.190" /><testcase classname="tests.test_shipping_accounts_ssot_iter255" name="test_compute_owed_per_company_falls_back_to_salla_when_no_cfg_cost" time="0.001" /></testsuite></testsuites>