<?xml version="1.0" encoding="utf-8"?><testsuites name="pytest tests"><testsuite name="pytest" errors="0" failures="0" skipped="0" tests="2" time="1.109" timestamp="2026-06-23T15:13:51.308358+00:00" hostname="agent-env-f5e6b93a-68a2-4155-84ad-e55b4fa936d3"><testcase classname="tests.test_iter251_v8_http_endpoints" name="test_v8_http_uuid_entity_contiguous_periods" time="0.869" /><testcase classname="tests.test_iter251_v8_http_endpoints" name="test_v8_http_prefilled_period_metadata_preserved" time="0.102" /></testsuite></testsuites>