<?xml version="1.0" encoding="utf-8"?><testsuites name="pytest tests"><testsuite name="pytest" errors="0" failures="0" skipped="0" tests="30" time="2.937" timestamp="2026-06-23T14:55:43.593280+00:00" hostname="agent-env-f5e6b93a-68a2-4155-84ad-e55b4fa936d3"><testcase classname="tests.test_iter251_phase2a5_invoice_calendar" name="test_tabby_derived_rows_inherit_registered_template" time="0.017" /><testcase classname="tests.test_iter251_phase2a5_invoice_calendar" name="test_rebuild_cleans_up_stale_derived_rows_when_registered_arrives" time="0.012" /><testcase classname="tests.test_iter251_phase2a5_invoice_calendar" name="test_registered_settlements_take_priority" time="0.008" /><testcase classname="tests.test_iter251_phase2a5_invoice_calendar" name="test_tamara_snaps_sunday_to_saturday" time="0.007" /><testcase classname="tests.test_iter251_phase2a5_invoice_calendar" name="test_tamara_snap_merges_split_rows" time="0.005" /><testcase classname="tests.test_iter251_phase2a5_invoice_calendar" name="test_extract_real_invoice_dates_from_settlement_entries" time="0.006" /><testcase classname="tests.test_iter251_phase2a5_invoice_calendar" name="test_rebuild_calendar_idempotent" time="0.013" /><testcase classname="tests.test_iter251_phase2a5_invoice_calendar" name="test_manual_entry_protected_from_rebuild" time="0.008" /><testcase classname="tests.test_iter251_phase2a5_invoice_calendar" name="test_dry_run_uses_calendar_when_present" time="0.042" /><testcase classname="tests.test_iter251_phase2a5_invoice_calendar" name="test_delete_calendar_entry" time="0.006" /><testcase classname="tests.test_iter251_phase2b_settlement_generation" name="test_phase2b_generate_disabled_blocks_writes" time="0.010" /><testcase classname="tests.test_iter251_phase2b_settlement_generation" name="test_phase2b_dry_run_no_writes" time="0.007" /><testcase classname="tests.test_iter251_phase2b_settlement_generation" name="test_phase2b_salla_generation_persists_and_links" time="0.011" /><testcase classname="tests.test_iter251_phase2b_settlement_generation" name="test_phase2b_idempotent_second_run" time="0.010" /><testcase classname="tests.test_iter251_phase2b_settlement_generation" name="test_phase2b_cancel_invoice" time="0.009" /><testcase classname="tests.test_iter251_phase2b_settlement_generation" name="test_phase2b_unknown_provider_returns_rule_source_missing" time="0.001" /><testcase classname="tests.test_iter251_phase1_bank_transfer_review" name="test_phase1_create_and_confirm_exact" time="0.015" /><testcase classname="tests.test_iter251_phase1_bank_transfer_review" name="test_phase1_confirm_with_difference_keeps_residual" time="0.018" /><testcase classname="tests.test_iter251_phase1_bank_transfer_review" name="test_phase1_reject_requires_note" time="0.009" /><testcase classname="tests.test_iter251_phase1_bank_transfer_review" name="test_phase1_idempotency_provider_source" time="0.015" /><testcase classname="tests.test_iter251_phase1_bank_transfer_review" name="test_r_helper" time="0.000" /><testcase classname="tests.test_iter251_v8_http_calendar" name="test_01_rebuild_with_inconsistent_widths_picks_median" time="0.530" /><testcase classname="tests.test_iter251_v8_http_calendar" name="test_02_calendar_get_returns_rows" time="0.104" /><testcase classname="tests.test_iter251_v8_http_calendar" name="test_03_audit_returns_correct_match_types" time="0.117" /><testcase classname="tests.test_iter251_v8_http_calendar" name="test_04_diagnose_returns_samples_with_metadata" time="0.107" /><testcase classname="tests.test_iter251_v8_http_calendar" name="test_05_single_registered_template_propagates_to_derived" time="0.228" /><testcase classname="tests.test_iter251_v8_http_calendar" name="test_06_stale_derived_row_cleanup" time="0.230" /><testcase classname="tests.test_iter251_v8_http_calendar" name="test_07_manual_entry_is_protected_from_rebuild" time="0.572" /><testcase classname="tests.test_iter251_v8_http_calendar" name="test_08_generate_flag_enforcement_and_dry_run" time="0.215" /><testcase classname="tests.test_iter251_v8_http_calendar" name="test_09_dry_run_details_uses_calendar_real_bnpl" time="0.226" /></testsuite></testsuites>