<?xml version="1.0" encoding="utf-8"?><testsuites name="pytest tests"><testsuite name="pytest" errors="0" failures="0" skipped="0" tests="8" time="2.358" timestamp="2026-06-27T01:59:53.631843+00:00" hostname="agent-env-f5e6b93a-68a2-4155-84ad-e55b4fa936d3"><testcase classname="tests.test_qoyod_dead_letter_iter264_http" name="test_preview_requires_auth" time="0.204" /><testcase classname="tests.test_qoyod_dead_letter_iter264_http" name="test_preview_returns_registry" time="0.425" /><testcase classname="tests.test_qoyod_dead_letter_iter264_http" name="test_auto_requeue_no_candidates" time="0.068" /><testcase classname="tests.test_qoyod_dead_letter_iter264_http" name="test_requeue_one_missing_body" time="0.061" /><testcase classname="tests.test_qoyod_dead_letter_iter264_http" name="test_requeue_one_row_not_found" time="0.056" /><testcase classname="tests.test_qoyod_dead_letter_iter264_http" name="test_requeue_one_no_pattern_match" time="0.071" /><testcase classname="tests.test_qoyod_dead_letter_iter264_http" name="test_auto_requeue_known_pattern_e2e" time="0.123" /><testcase classname="tests.test_qoyod_dead_letter_iter264_http" name="test_go_live_outstanding_failures_partitioning" time="1.163" /></testsuite></testsuites>