<?xml version="1.0" encoding="utf-8"?><testsuites name="pytest tests"><testsuite name="pytest" errors="0" failures="0" skipped="0" tests="8" time="1.433" timestamp="2026-06-11T21:34:46.659677+00:00" hostname="agent-env-f5e6b93a-68a2-4155-84ad-e55b4fa936d3"><testcase classname="backend.tests.test_bnpl_iter134_api_roundtrip" name="test_get_default_commission_mode_present[tabby]" time="0.515" /><testcase classname="backend.tests.test_bnpl_iter134_api_roundtrip" name="test_get_default_commission_mode_present[tamara]" time="0.048" /><testcase classname="backend.tests.test_bnpl_iter134_api_roundtrip" name="test_put_manual_then_get_persisted[tabby]" time="0.109" /><testcase classname="backend.tests.test_bnpl_iter134_api_roundtrip" name="test_put_manual_then_get_persisted[tamara]" time="0.093" /><testcase classname="backend.tests.test_bnpl_iter134_api_roundtrip" name="test_put_invalid_mode_ignored[tabby]" time="0.143" /><testcase classname="backend.tests.test_bnpl_iter134_api_roundtrip" name="test_put_invalid_mode_ignored[tamara]" time="0.221" /><testcase classname="backend.tests.test_bnpl_iter134_api_roundtrip" name="test_put_auto_resets_mode[tabby]" time="0.096" /><testcase classname="backend.tests.test_bnpl_iter134_api_roundtrip" name="test_put_auto_resets_mode[tamara]" time="0.133" /></testsuite></testsuites>