<?xml version="1.0" encoding="utf-8"?><testsuites name="pytest tests"><testsuite name="pytest" errors="0" failures="0" skipped="0" tests="38" time="4.606" timestamp="2026-06-24T15:25:18.312406+00:00" hostname="agent-env-f5e6b93a-68a2-4155-84ad-e55b4fa936d3"><testcase classname="backend.tests.test_iter251_phase2a5_invoice_calendar" name="test_v8_real_world_uuid_entity_and_missing_period_metadata" time="0.011" /><testcase classname="backend.tests.test_iter251_phase2a5_invoice_calendar" name="test_v8_match_via_uuid_entity_with_metadata_provider" time="0.005" /><testcase classname="backend.tests.test_iter251_phase2a5_invoice_calendar" name="test_tabby_derived_rows_inherit_registered_template" time="0.040" /><testcase classname="backend.tests.test_iter251_phase2a5_invoice_calendar" name="test_rebuild_cleans_up_stale_derived_rows_when_registered_arrives" time="0.012" /><testcase classname="backend.tests.test_iter251_phase2a5_invoice_calendar" name="test_registered_settlements_take_priority" time="0.008" /><testcase classname="backend.tests.test_iter251_phase2a5_invoice_calendar" name="test_tamara_snaps_sunday_to_saturday" time="0.005" /><testcase classname="backend.tests.test_iter251_phase2a5_invoice_calendar" name="test_tamara_snap_merges_split_rows" time="0.006" /><testcase classname="backend.tests.test_iter251_phase2a5_invoice_calendar" name="test_extract_real_invoice_dates_from_settlement_entries" time="0.005" /><testcase classname="backend.tests.test_iter251_phase2a5_invoice_calendar" name="test_rebuild_calendar_idempotent" time="0.010" /><testcase classname="backend.tests.test_iter251_phase2a5_invoice_calendar" name="test_manual_entry_protected_from_rebuild" time="0.007" /><testcase classname="backend.tests.test_iter251_phase2a5_invoice_calendar" name="test_dry_run_uses_calendar_when_present" time="0.077" /><testcase classname="backend.tests.test_iter251_phase2a5_invoice_calendar" name="test_delete_calendar_entry" time="0.005" /><testcase classname="backend.tests.test_iter251_phase2b_settlement_generation" name="test_phase2b_generate_disabled_blocks_writes" time="0.010" /><testcase classname="backend.tests.test_iter251_phase2b_settlement_generation" name="test_phase2b_dry_run_no_writes" time="0.012" /><testcase classname="backend.tests.test_iter251_phase2b_settlement_generation" name="test_phase2b_salla_generation_persists_and_links" time="0.021" /><testcase classname="backend.tests.test_iter251_phase2b_settlement_generation" name="test_phase2b_idempotent_second_run" time="0.009" /><testcase classname="backend.tests.test_iter251_phase2b_settlement_generation" name="test_phase2b_cancel_invoice" time="0.011" /><testcase classname="backend.tests.test_iter251_phase2b_settlement_generation" name="test_phase2b_unknown_provider_returns_rule_source_missing" time="0.001" /><testcase classname="backend.tests.test_iter251_phase1_bank_transfer_review" name="test_phase1_create_and_confirm_exact" time="0.054" /><testcase classname="backend.tests.test_iter251_phase1_bank_transfer_review" name="test_phase1_confirm_with_difference_keeps_residual" time="0.014" /><testcase classname="backend.tests.test_iter251_phase1_bank_transfer_review" name="test_phase1_reject_requires_note" time="0.011" /><testcase classname="backend.tests.test_iter251_phase1_bank_transfer_review" name="test_phase1_idempotency_provider_source" time="0.013" /><testcase classname="backend.tests.test_iter251_phase1_bank_transfer_review" name="test_r_helper" time="0.000" /><testcase classname="backend.tests.test_iter251_v8_http_endpoints" name="test_v8_http_uuid_entity_contiguous_periods" time="0.696" /><testcase classname="backend.tests.test_iter251_v8_http_endpoints" name="test_v8_http_prefilled_period_metadata_preserved" time="0.120" /><testcase classname="backend.tests.test_iter251_v8_http_calendar" name="test_01_rebuild_with_inconsistent_widths_picks_median" time="0.442" /><testcase classname="backend.tests.test_iter251_v8_http_calendar" name="test_02_calendar_get_returns_rows" time="0.110" /><testcase classname="backend.tests.test_iter251_v8_http_calendar" name="test_03_audit_returns_correct_match_types" time="0.148" /><testcase classname="backend.tests.test_iter251_v8_http_calendar" name="test_04_diagnose_returns_samples_with_metadata" time="0.118" /><testcase classname="backend.tests.test_iter251_v8_http_calendar" name="test_05_single_registered_template_propagates_to_derived" time="0.229" /><testcase classname="backend.tests.test_iter251_v8_http_calendar" name="test_06_stale_derived_row_cleanup" time="0.211" /><testcase classname="backend.tests.test_iter251_v8_http_calendar" name="test_07_manual_entry_is_protected_from_rebuild" time="0.716" /><testcase classname="backend.tests.test_iter251_v8_http_calendar" name="test_08_generate_flag_enforcement_and_dry_run" time="0.232" /><testcase classname="backend.tests.test_iter251_v8_http_calendar" name="test_09_dry_run_details_uses_calendar_real_bnpl" time="0.241" /><testcase classname="backend.tests.test_iter251_v9_raw_ledger_dump" name="test_v9_invalid_provider_returns_400" time="0.417" /><testcase classname="backend.tests.test_iter251_v9_raw_ledger_dump" name="test_v9_empty_window_returns_zero_groups" time="0.050" /><testcase classname="backend.tests.test_iter251_v9_raw_ledger_dump" name="test_v9_full_rca_dump_three_scenarios" time="0.054" /><testcase classname="backend.tests.test_iter251_v9_raw_ledger_dump" name="test_v9_date_filter_boundary_inclusive" time="0.052" /></testsuite></testsuites>