<?xml version="1.0" encoding="utf-8"?><testsuites name="pytest tests"><testsuite name="pytest" errors="0" failures="1" skipped="0" tests="6" time="3.244" timestamp="2026-06-06T13:51:58.176308+00:00" hostname="agent-env-f5e6b93a-68a2-4155-84ad-e55b4fa936d3"><testcase classname="tests.test_settlements_iter74_review" name="test_list_endpoint_returns_uploaded_files" time="0.738" /><testcase classname="tests.test_settlements_iter74_review" name="test_detail_endpoint_returns_unmatched_truncated" time="0.316" /><testcase classname="tests.test_settlements_iter74_review" name="test_no_auto_payment_adjustments_created" time="0.764" /><testcase classname="tests.test_settlements_iter74_review" name="test_expected_balance_uses_actual_for_tamara" time="0.425"><failure message="AssertionError: expected_orders_balance unchanged after Tamara settlement (matched=127): 0.0 -&gt; 0.0&#10;assert 0.0 != 0.0">tests/test_settlements_iter74_review.py:129: in test_expected_balance_uses_actual_for_tamara
    assert bal_after != bal_before, (
E   AssertionError: expected_orders_balance unchanged after Tamara settlement (matched=127): 0.0 -&gt; 0.0
E   assert 0.0 != 0.0</failure></testcase><testcase classname="tests.test_settlements_iter74_review" name="test_reconciliation_summary_still_works_after_uploads" time="0.518" /><testcase classname="tests.test_settlements_iter74_review" name="test_salla_header_invoice_number" time="0.319" /></testsuite></testsuites>