<?xml version="1.0" encoding="utf-8"?><testsuites name="pytest tests"><testsuite name="pytest" errors="0" failures="0" skipped="0" tests="110" time="0.572" timestamp="2026-06-26T15:20:58.772246+00:00" hostname="agent-env-f5e6b93a-68a2-4155-84ad-e55b4fa936d3"><testcase classname="backend.tests.test_qoyod_day1_foundation" name="test_crypto_round_trip" time="0.002" /><testcase classname="backend.tests.test_qoyod_day1_foundation" name="test_crypto_rejects_tampered_bytes" time="0.000" /><testcase classname="backend.tests.test_qoyod_day1_foundation" name="test_crypto_handles_empty_and_none" time="0.000" /><testcase classname="backend.tests.test_qoyod_day1_foundation" name="test_save_and_retrieve_api_key" time="0.009" /><testcase classname="backend.tests.test_qoyod_day1_foundation" name="test_save_api_key_upserts_on_rotation" time="0.007" /><testcase classname="backend.tests.test_qoyod_day1_foundation" name="test_save_rejects_empty" time="0.001" /><testcase classname="backend.tests.test_qoyod_day1_foundation" name="test_settings_defaults_are_safe" time="0.000" /><testcase classname="backend.tests.test_qoyod_day1_foundation" name="test_settings_capability_flags_default_all_on" time="0.000" /><testcase classname="backend.tests.test_qoyod_day1_foundation" name="test_settings_capabilities_can_be_partially_disabled" time="0.000" /><testcase classname="backend.tests.test_qoyod_day1_foundation" name="test_settings_has_forward_compat_placeholders" time="0.000" /><testcase classname="backend.tests.test_qoyod_day1_foundation" name="test_settings_supports_three_product_modes" time="0.000" /><testcase classname="backend.tests.test_qoyod_day1_foundation" name="test_settings_rejects_unknown_product_mode" time="0.000" /><testcase classname="backend.tests.test_qoyod_day1_foundation" name="test_pipeline_stages_vocabulary_locked" time="0.000" /><testcase classname="backend.tests.test_qoyod_day1_foundation" name="test_invoice_statuses_include_split_state" time="0.000" /><testcase classname="backend.tests.test_qoyod_day1_foundation" name="test_inbox_requires_idempotency_key" time="0.000" /><testcase classname="backend.tests.test_qoyod_day1_foundation" name="test_inbox_is_generic_with_connector_key_discriminator" time="0.000" /><testcase classname="backend.tests.test_qoyod_day1_foundation" name="test_indexes_created_and_idempotent" time="0.009" /><testcase classname="backend.tests.test_qoyod_day1_foundation" name="test_inbox_idempotency_enforced_by_index" time="0.011" /><testcase classname="backend.tests.test_qoyod_day1_foundation" name="test_api_client_sends_mezan_version_header" time="0.000" /><testcase classname="backend.tests.test_qoyod_day1_foundation" name="test_classify_maps_status_codes" time="0.000" /><testcase classname="backend.tests.test_qoyod_day1_foundation" name="test_api_client_repr_redacts_secret" time="0.000" /><testcase classname="backend.tests.test_qoyod_day1_foundation" name="test_api_client_requires_api_key" time="0.000" /><testcase classname="backend.tests.test_qoyod_day1_foundation" name="test_qoyod_api_error_log_dict_omits_secrets" time="0.000" /><testcase classname="backend.tests.test_qoyod_day1_foundation" name="test_adr_001_exists_and_lists_14_principles" time="0.000" /><testcase classname="backend.tests.test_qoyod_day1_foundation" name="test_qoyod_module_documents_compliance" time="0.000" /><testcase classname="backend.tests.test_qoyod_state_machine" name="test_happy_path_locked_to_ten_stages" time="0.000" /><testcase classname="backend.tests.test_qoyod_state_machine" name="test_failure_stages_match_user_spec" time="0.000" /><testcase classname="backend.tests.test_qoyod_state_machine" name="test_all_stages_includes_skipped_and_retrying" time="0.000" /><testcase classname="backend.tests.test_qoyod_state_machine" name="test_terminal_stages_are_completed_skipped_deadletter_partial" time="0.000" /><testcase classname="backend.tests.test_qoyod_state_machine" name="test_is_valid_stage_rejects_unknown" time="0.000" /><testcase classname="backend.tests.test_qoyod_state_machine" name="test_happy_path_is_fully_connected" time="0.000" /><testcase classname="backend.tests.test_qoyod_state_machine" name="test_happy_path_cannot_skip_stages" time="0.000" /><testcase classname="backend.tests.test_qoyod_state_machine" name="test_every_failure_stage_reachable_from_correct_step" time="0.000" /><testcase classname="backend.tests.test_qoyod_state_machine" name="test_failure_to_retrying_to_resume_loop" time="0.000" /><testcase classname="backend.tests.test_qoyod_state_machine" name="test_failure_can_be_killed_to_deadletter" time="0.000" /><testcase classname="backend.tests.test_qoyod_state_machine" name="test_terminal_stages_have_no_outbound_edges" time="0.000" /><testcase classname="backend.tests.test_qoyod_state_machine" name="test_any_prefinal_stage_can_be_skipped" time="0.000" /><testcase classname="backend.tests.test_qoyod_state_machine" name="test_transition_returns_set_and_push" time="0.000" /><testcase classname="backend.tests.test_qoyod_state_machine" name="test_transition_with_note_and_error_payload" time="0.000" /><testcase classname="backend.tests.test_qoyod_state_machine" name="test_transition_rejects_invalid_edge" time="0.000" /><testcase classname="backend.tests.test_qoyod_state_machine" name="test_transition_increments_attempts_only_on_retry_resume" time="0.000" /><testcase classname="backend.tests.test_qoyod_state_machine" name="test_initial_history_entry_records_creation" time="0.000" /><testcase classname="backend.tests.test_qoyod_state_machine" name="test_resume_target_unknown_failure_raises" time="0.000" /><testcase classname="backend.tests.test_qoyod_state_machine" name="test_audit_pipeline_started_at_set_on_first_hop_out_of_new" time="0.000" /><testcase classname="backend.tests.test_qoyod_state_machine" name="test_audit_pipeline_started_at_not_set_on_other_transitions" time="0.000" /><testcase classname="backend.tests.test_qoyod_state_machine" name="test_audit_finished_at_on_terminal_stages" time="0.000" /><testcase classname="backend.tests.test_qoyod_state_machine" name="test_audit_last_success_stage_tracks_happy_path_only" time="0.000" /><testcase classname="backend.tests.test_qoyod_state_machine" name="test_audit_last_failed_stage_tracks_failures" time="0.000" /><testcase classname="backend.tests.test_qoyod_state_machine" name="test_walks_full_happy_path_via_transition" time="0.000" /><testcase classname="backend.tests.test_qoyod_state_machine" name="test_retry_loop_then_complete" time="0.000" /><testcase classname="backend.tests.test_qoyod_legacy_adapter.TestDetection" name="test_canonical_payload_is_not_legacy" time="0.000" /><testcase classname="backend.tests.test_qoyod_legacy_adapter.TestDetection" name="test_flat_make_payload_is_legacy" time="0.000" /><testcase classname="backend.tests.test_qoyod_legacy_adapter.TestDetection" name="test_non_dict_is_not_legacy" time="0.000" /><testcase classname="backend.tests.test_qoyod_legacy_adapter.TestDetection" name="test_dict_without_markers_is_not_legacy" time="0.000" /><testcase classname="backend.tests.test_qoyod_legacy_adapter.TestHelpers" name="test_split_name" time="0.000" /><testcase classname="backend.tests.test_qoyod_legacy_adapter.TestHelpers" name="test_money_wraps_safely" time="0.000" /><testcase classname="backend.tests.test_qoyod_legacy_adapter.TestItemAdaptation" name="test_flat_price_object" time="0.000" /><testcase classname="backend.tests.test_qoyod_legacy_adapter.TestItemAdaptation" name="test_inline_price" time="0.000" /><testcase classname="backend.tests.test_qoyod_legacy_adapter.TestItemAdaptation" name="test_options_carried_through" time="0.000" /><testcase classname="backend.tests.test_qoyod_legacy_adapter.TestItemAdaptation" name="test_product_nested_sku_and_name" time="0.000" /><testcase classname="backend.tests.test_qoyod_legacy_adapter.TestItemAdaptation" name="test_item_without_name_or_sku_drops" time="0.000" /><testcase classname="backend.tests.test_qoyod_legacy_adapter.TestItemAdaptation" name="test_non_dict_item_drops" time="0.000" /><testcase classname="backend.tests.test_qoyod_legacy_adapter.TestItemsCollection" name="test_priority_items_over_packages" time="0.003" /><testcase classname="backend.tests.test_qoyod_legacy_adapter.TestItemsCollection" name="test_packages_fallback_when_no_items" time="0.000" /><testcase classname="backend.tests.test_qoyod_legacy_adapter.TestItemsCollection" name="test_packages_flatten_across_multiple_packages" time="0.000" /><testcase classname="backend.tests.test_qoyod_legacy_adapter.TestItemsCollection" name="test_legacy_products_alias_accepted" time="0.000" /><testcase classname="backend.tests.test_qoyod_legacy_adapter.TestItemsCollection" name="test_missing_when_both_empty" time="0.000" /><testcase classname="backend.tests.test_qoyod_legacy_adapter.TestItemsCollection" name="test_missing_when_items_all_invalid" time="0.000" /><testcase classname="backend.tests.test_qoyod_legacy_adapter.TestStatus" name="test_slug_plus_name_builds_customized_node" time="0.000" /><testcase classname="backend.tests.test_qoyod_legacy_adapter.TestStatus" name="test_slug_only" time="0.000" /><testcase classname="backend.tests.test_qoyod_legacy_adapter.TestStatus" name="test_empty_returns_none" time="0.000" /><testcase classname="backend.tests.test_qoyod_legacy_adapter.TestAdaptPublic" name="test_canonical_passthrough" time="0.000" /><testcase classname="backend.tests.test_qoyod_legacy_adapter.TestAdaptPublic" name="test_legacy_no_items_marks_missing" time="0.000" /><testcase classname="backend.tests.test_qoyod_legacy_adapter.TestAdaptPublic" name="test_legacy_with_flat_items" time="0.000" /><testcase classname="backend.tests.test_qoyod_legacy_adapter.TestAdaptPublic" name="test_legacy_with_packages" time="0.000" /><testcase classname="backend.tests.test_qoyod_legacy_adapter.TestAdaptPublic" name="test_legacy_extras_preserved" time="0.000" /><testcase classname="backend.tests.test_qoyod_legacy_adapter.TestAdaptPublic" name="test_customer_name_split" time="0.000" /><testcase classname="backend.tests.test_qoyod_legacy_adapter.TestAdaptPublic" name="test_completed_at_passed_through" time="0.000" /><testcase classname="backend.tests.test_qoyod_legacy_adapter.TestDownstreamContract" name="test_adapted_with_flat_items_passes_validation" time="0.000" /><testcase classname="backend.tests.test_qoyod_legacy_adapter.TestDownstreamContract" name="test_adapted_with_packages_passes_validation" time="0.000" /><testcase classname="backend.tests.test_qoyod_legacy_adapter.TestDownstreamContract" name="test_adapted_without_items_still_passes_validate_shape_check" time="0.000" /><testcase classname="backend.tests.test_qoyod_legacy_adapter.TestStateMachineEnrichmentStages" name="test_states_registered" time="0.000" /><testcase classname="backend.tests.test_qoyod_legacy_adapter.TestStateMachineEnrichmentStages" name="test_received_to_needs_enrichment_allowed" time="0.000" /><testcase classname="backend.tests.test_qoyod_legacy_adapter.TestStateMachineEnrichmentStages" name="test_needs_enrichment_to_validated" time="0.000" /><testcase classname="backend.tests.test_qoyod_legacy_adapter.TestStateMachineEnrichmentStages" name="test_needs_enrichment_to_failed_enrichment" time="0.000" /><testcase classname="backend.tests.test_qoyod_legacy_adapter.TestStateMachineEnrichmentStages" name="test_needs_enrichment_to_dead_letter" time="0.000" /><testcase classname="backend.tests.test_qoyod_legacy_adapter.TestStateMachineEnrichmentStages" name="test_failed_enrichment_retry_resumes_from_received" time="0.000" /><testcase classname="backend.tests.test_qoyod_legacy_adapter.TestStateMachineEnrichmentStages" name="test_failed_enrichment_to_retrying" time="0.000" /><testcase classname="backend.tests.test_qoyod_legacy_adapter.TestStateMachineEnrichmentStages" name="test_retrying_to_received_resume_path" time="0.000" /><testcase classname="backend.tests.test_qoyod_legacy_adapter.TestStateMachineEnrichmentStages" name="test_no_direct_failed_validation_to_needs_enrichment" time="0.000" /><testcase classname="backend.tests.test_qoyod_eligibility.TestCheckEligibilityUnit" name="test_happy_path_returns_none" time="0.005" /><testcase classname="backend.tests.test_qoyod_eligibility.TestCheckEligibilityUnit" name="test_non_dict_payload_rejected" time="0.004" /><testcase classname="backend.tests.test_qoyod_eligibility.TestCheckEligibilityUnit" name="test_empty_sku_on_single_item_rejected" time="0.008" /><testcase classname="backend.tests.test_qoyod_eligibility.TestCheckEligibilityUnit" name="test_missing_sku_key_rejected" time="0.004" /><testcase classname="backend.tests.test_qoyod_eligibility.TestCheckEligibilityUnit" name="test_whitespace_sku_rejected" time="0.004" /><testcase classname="backend.tests.test_qoyod_eligibility.TestCheckEligibilityUnit" name="test_mixed_items_only_one_missing_sku_still_rejects" time="0.004" /><testcase classname="backend.tests.test_qoyod_eligibility.TestCheckEligibilityUnit" name="test_non_object_item_is_skipped_let_normalize_catch_it" time="0.004" /><testcase classname="backend.tests.test_qoyod_eligibility.TestCheckEligibilityUnit" name="test_offenders_list_capped_at_five" time="0.004" /><testcase classname="backend.tests.test_qoyod_eligibility.TestCheckEligibilityUnit" name="test_total_zero_rejected" time="0.004" /><testcase classname="backend.tests.test_qoyod_eligibility.TestCheckEligibilityUnit" name="test_total_negative_rejected" time="0.004" /><testcase classname="backend.tests.test_qoyod_eligibility.TestCheckEligibilityUnit" name="test_total_missing_rejected" time="0.004" /><testcase classname="backend.tests.test_qoyod_eligibility.TestCheckEligibilityUnit" name="test_total_invalid_string_rejected" time="0.004" /><testcase classname="backend.tests.test_qoyod_eligibility.TestCheckEligibilityUnit" name="test_total_as_flat_string_accepted" time="0.004" /><testcase classname="backend.tests.test_qoyod_eligibility.TestCheckEligibilityUnit" name="test_root_level_total_amount_fallback" time="0.004" /><testcase classname="backend.tests.test_qoyod_eligibility.TestCheckEligibilityUnit" name="test_sku_check_runs_before_total_check" time="0.004" /><testcase classname="backend.tests.test_qoyod_eligibility.TestCheckEligibilityUnit" name="test_no_data_envelope_uses_root" time="0.004" /><testcase classname="backend.tests.test_qoyod_eligibility" name="test_http_empty_sku_dead_letters_with_items_missing_sku" time="0.053" /><testcase classname="backend.tests.test_qoyod_eligibility" name="test_http_zero_total_dead_letters" time="0.034" /><testcase classname="backend.tests.test_qoyod_eligibility" name="test_http_negative_total_dead_letters" time="0.038" /><testcase classname="backend.tests.test_qoyod_eligibility" name="test_http_valid_payload_passes_eligibility" time="0.041" /></testsuite></testsuites>