<?xml version="1.0" encoding="utf-8"?><testsuites name="pytest tests"><testsuite name="pytest" errors="0" failures="0" skipped="0" tests="8" time="1.454" timestamp="2026-06-05T14:00:26.346418+00:00" hostname="agent-env-f5e6b93a-68a2-4155-84ad-e55b4fa936d3"><testcase classname="backend.tests.test_reconciliation_phase22.TestReconciliationAuth" name="test_summary_requires_auth" time="0.231" /><testcase classname="backend.tests.test_reconciliation_phase22.TestReconciliationAuth" name="test_platform_requires_auth" time="0.121" /><testcase classname="backend.tests.test_reconciliation_phase22.TestReconciliationSummary" name="test_summary_shape" time="0.436" /><testcase classname="backend.tests.test_reconciliation_phase22.TestReconciliationSummary" name="test_totals_match_accounts_expected" time="0.112" /><testcase classname="backend.tests.test_reconciliation_phase22.TestReconciliationSummary" name="test_pending_and_rate_math" time="0.056" /><testcase classname="backend.tests.test_reconciliation_phase22.TestReconciliationSummary" name="test_total_transferred_matches_outgoing_to_bank" time="0.160" /><testcase classname="backend.tests.test_reconciliation_phase22.TestReconciliationPlatformDetail" name="test_salla_detail_has_inma_transfer" time="0.054" /><testcase classname="backend.tests.test_reconciliation_phase22.TestReconciliationPlatformDetail" name="test_invalid_id_returns_404" time="0.050" /></testsuite></testsuites>