<?xml version="1.0" encoding="utf-8"?><testsuites name="pytest tests"><testsuite name="pytest" errors="0" failures="0" skipped="0" tests="6" time="1.101" timestamp="2026-06-15T22:08:08.409504+00:00" hostname="agent-env-f5e6b93a-68a2-4155-84ad-e55b4fa936d3"><testcase classname="backend.tests.test_bnpl_register_iter221_e2e" name="test_overview_returns_providers" time="0.664" /><testcase classname="backend.tests.test_bnpl_register_iter221_e2e" name="test_registered_list_endpoint" time="0.047" /><testcase classname="backend.tests.test_bnpl_register_iter221_e2e" name="test_register_settlement_creates_ledger" time="0.105" /><testcase classname="backend.tests.test_bnpl_register_iter221_e2e" name="test_idempotent_re_register_skips" time="0.046" /><testcase classname="backend.tests.test_bnpl_register_iter221_e2e" name="test_over_settlement_rejected_after_close" time="0.047" /><testcase classname="backend.tests.test_bnpl_register_iter221_e2e" name="test_recent_list_shows_new_entry" time="0.049" /></testsuite></testsuites>