<?xml version="1.0" encoding="utf-8"?><testsuites name="pytest tests"><testsuite name="pytest" errors="0" failures="0" skipped="0" tests="8" time="1.881" timestamp="2026-06-26T02:37:58.806717+00:00" hostname="agent-env-f5e6b93a-68a2-4155-84ad-e55b4fa936d3"><testcase classname="tests.test_qoyod_migration_last_order_date_iter257" name="test_products_sort_by_last_order_date_desc" time="0.468" /><testcase classname="tests.test_qoyod_migration_last_order_date_iter257" name="test_products_sort_by_last_order_date_asc" time="0.110" /><testcase classname="tests.test_qoyod_migration_last_order_date_iter257" name="test_products_filter_last_order_after" time="0.607" /><testcase classname="tests.test_qoyod_migration_last_order_date_iter257" name="test_customers_sort_by_last_order_date_desc" time="0.106" /><testcase classname="tests.test_qoyod_migration_last_order_date_iter257" name="test_customers_filter_last_order_after" time="0.132" /><testcase classname="tests.test_qoyod_migration_last_order_date_iter257" name="test_products_csv_includes_last_order_date_header" time="0.114" /><testcase classname="tests.test_qoyod_migration_last_order_date_iter257" name="test_customers_csv_includes_last_order_date_header" time="0.120" /><testcase classname="tests.test_qoyod_migration_last_order_date_iter257" name="test_invalid_sort_key_rejected" time="0.150" /></testsuite></testsuites>