<?xml version="1.0" encoding="utf-8"?><testsuites name="pytest tests"><testsuite name="pytest" errors="0" failures="0" skipped="0" tests="4" time="1.978" timestamp="2026-06-25T16:16:26.077913+00:00" hostname="agent-env-f5e6b93a-68a2-4155-84ad-e55b4fa936d3"><testcase classname="tests.test_shipping_ledger_live" name="test_shipping_ledger_has_warnings_key_and_ssot_fields" time="0.659" /><testcase classname="tests.test_shipping_ledger_live" name="test_warning_structure_when_present" time="0.469" /><testcase classname="tests.test_shipping_ledger_live" name="test_shipping_accounts_ssot_fields" time="0.388" /><testcase classname="tests.test_shipping_ledger_live" name="test_settings_companies_have_cost_per_order_for_amasi" time="0.383" /></testsuite></testsuites>