<?xml version="1.0" encoding="utf-8"?><testsuites name="pytest tests"><testsuite name="pytest" errors="0" failures="0" skipped="0" tests="7" time="0.713" timestamp="2026-06-06T22:49:56.951432+00:00" hostname="agent-env-f5e6b93a-68a2-4155-84ad-e55b4fa936d3"><testcase classname="backend.tests.test_status_refunds_iter82_extra" name="test_tamara_exact_numbers" time="0.473" /><testcase classname="backend.tests.test_status_refunds_iter82_extra" name="test_tabby_exact_numbers" time="0.000" /><testcase classname="backend.tests.test_status_refunds_iter82_extra" name="test_cancelled_orders_still_excluded" time="0.000" /><testcase classname="backend.tests.test_status_refunds_iter82_extra" name="test_other_gateways_refunded_counts_populated" time="0.000" /><testcase classname="backend.tests.test_status_refunds_iter82_extra" name="test_refund_monitor_surfaces_other_methods" time="0.069" /><testcase classname="backend.tests.test_status_refunds_iter82_extra" name="test_per_row_identity_all_gateways" time="0.000" /><testcase classname="backend.tests.test_status_refunds_iter82_extra" name="test_reconciliation_expected_source_central" time="0.106" /></testsuite></testsuites>