<?xml version="1.0" encoding="utf-8"?><testsuites name="pytest tests"><testsuite name="pytest" errors="0" failures="0" skipped="0" tests="39" time="1.964" timestamp="2026-06-30T17:03:29.715636+00:00" hostname="agent-env-f5e6b93a-68a2-4155-84ad-e55b4fa936d3"><testcase classname="backend.tests.test_qoyod_posting_mode_iter293.TestIsCodFamily" name="test_recognises_cod_variant[cod]" time="0.001" /><testcase classname="backend.tests.test_qoyod_posting_mode_iter293.TestIsCodFamily" name="test_recognises_cod_variant[COD]" time="0.000" /><testcase classname="backend.tests.test_qoyod_posting_mode_iter293.TestIsCodFamily" name="test_recognises_cod_variant[Cod]" time="0.000" /><testcase classname="backend.tests.test_qoyod_posting_mode_iter293.TestIsCodFamily" name="test_recognises_cod_variant[cash_on_delivery]" time="0.000" /><testcase classname="backend.tests.test_qoyod_posting_mode_iter293.TestIsCodFamily" name="test_recognises_cod_variant[Cash on Delivery]" time="0.000" /><testcase classname="backend.tests.test_qoyod_posting_mode_iter293.TestIsCodFamily" name="test_recognises_cod_variant[CASH ON DELIVERY]" time="0.000" /><testcase classname="backend.tests.test_qoyod_posting_mode_iter293.TestIsCodFamily" name="test_recognises_cod_variant[cash]" time="0.000" /><testcase classname="backend.tests.test_qoyod_posting_mode_iter293.TestIsCodFamily" name="test_recognises_cod_variant[\u0627\u0644\u062f\u0641\u0639 \u0639\u0646\u062f \u0627\u0644\u0627\u0633\u062a\u0644\u0627\u0645]" time="0.000" /><testcase classname="backend.tests.test_qoyod_posting_mode_iter293.TestIsCodFamily" name="test_recognises_cod_variant[\u0627\u0644\u0646\u0648\u0639_\u0639\u0646\u062f_\u0627\u0644\u0627\u0633\u062a\u0644\u0627\u0645]" time="0.000" /><testcase classname="backend.tests.test_qoyod_posting_mode_iter293.TestIsCodFamily" name="test_recognises_cod_variant[\u0646\u0642\u062f \u0639\u0646\u062f \u0627\u0644\u0627\u0633\u062a\u0644\u0627\u0645]" time="0.000" /><testcase classname="backend.tests.test_qoyod_posting_mode_iter293.TestIsCodFamily" name="test_recognises_cod_variant[\u0646\u0642\u062f\u064b\u0627 \u0639\u0646\u062f \u0627\u0644\u0627\u0633\u062a\u0644\u0627\u0645]" time="0.000" /><testcase classname="backend.tests.test_qoyod_posting_mode_iter293.TestIsCodFamily" name="test_rejects_non_cod[mada]" time="0.000" /><testcase classname="backend.tests.test_qoyod_posting_mode_iter293.TestIsCodFamily" name="test_rejects_non_cod[apple_pay]" time="0.000" /><testcase classname="backend.tests.test_qoyod_posting_mode_iter293.TestIsCodFamily" name="test_rejects_non_cod[stc_pay]" time="0.000" /><testcase classname="backend.tests.test_qoyod_posting_mode_iter293.TestIsCodFamily" name="test_rejects_non_cod[visa]" time="0.000" /><testcase classname="backend.tests.test_qoyod_posting_mode_iter293.TestIsCodFamily" name="test_rejects_non_cod[credit_card]" time="0.000" /><testcase classname="backend.tests.test_qoyod_posting_mode_iter293.TestIsCodFamily" name="test_rejects_non_cod[bank_transfer]" time="0.000" /><testcase classname="backend.tests.test_qoyod_posting_mode_iter293.TestIsCodFamily" name="test_rejects_non_cod[tamara]" time="0.000" /><testcase classname="backend.tests.test_qoyod_posting_mode_iter293.TestIsCodFamily" name="test_rejects_non_cod[tabby]" time="0.000" /><testcase classname="backend.tests.test_qoyod_posting_mode_iter293.TestIsCodFamily" name="test_rejects_non_cod[]" time="0.000" /><testcase classname="backend.tests.test_qoyod_posting_mode_iter293.TestIsCodFamily" name="test_rejects_non_cod[None]" time="0.000" /><testcase classname="backend.tests.test_qoyod_posting_mode_iter293.TestIsCodFamily" name="test_rejects_non_cod[  ]" time="0.000" /><testcase classname="backend.tests.test_qoyod_posting_mode_iter293.TestResolvePostingMode" name="test_cod_always_credit_invoice_only_even_when_settings_say_otherwise" time="0.000" /><testcase classname="backend.tests.test_qoyod_posting_mode_iter293.TestResolvePostingMode" name="test_non_cod_defaults_to_paid_receipt" time="0.000" /><testcase classname="backend.tests.test_qoyod_posting_mode_iter293.TestResolvePostingMode" name="test_disabled_mode_respected_for_non_cod" time="0.000" /><testcase classname="backend.tests.test_qoyod_posting_mode_iter293.TestResolvePostingMode" name="test_alias_lookup_uses_family_mode" time="0.000" /><testcase classname="backend.tests.test_qoyod_posting_mode_iter293.TestResolvePostingMode" name="test_empty_input_returns_default" time="0.000" /><testcase classname="backend.tests.test_qoyod_posting_mode_iter293.TestCoerceCodRows" name="test_forces_cod_to_credit_invoice_only" time="0.000" /><testcase classname="backend.tests.test_qoyod_posting_mode_iter293.TestCoerceCodRows" name="test_forces_arabic_cod" time="0.000" /><testcase classname="backend.tests.test_qoyod_posting_mode_iter293.TestCoerceCodRows" name="test_non_cod_passes_through_with_default" time="0.000" /><testcase classname="backend.tests.test_qoyod_posting_mode_iter293.TestCoerceCodRows" name="test_non_cod_with_explicit_disabled_kept" time="0.000" /><testcase classname="backend.tests.test_qoyod_posting_mode_iter293.TestCoerceCodRows" name="test_invalid_posting_mode_normalised_to_paid_receipt" time="0.000" /><testcase classname="backend.tests.test_qoyod_posting_mode_iter293.TestCoerceCodRows" name="test_returns_new_list_does_not_mutate_input" time="0.000" /><testcase classname="backend.tests.test_qoyod_posting_mode_iter293.TestNeedsQoyodAccount" name="test_only_paid_receipt_needs_account" time="0.000" /><testcase classname="backend.tests.test_qoyod_posting_mode_iter293.TestValidPostingModes" name="test_constants_match_set" time="0.000" /><testcase classname="backend.tests.test_qoyod_posting_mode_iter293.TestBankTransferDiscovery" name="test_finds_bank_paths" time="0.000" /><testcase classname="backend.tests.test_qoyod_posting_mode_iter293.TestLiveEndpoints" name="test_cod_report_endpoint_returns_shape" time="0.622" /><testcase classname="backend.tests.test_qoyod_posting_mode_iter293.TestLiveEndpoints" name="test_bank_transfer_discovery_endpoint_returns_shape" time="0.453" /><testcase classname="backend.tests.test_qoyod_posting_mode_iter293.TestLiveEndpoints" name="test_settings_put_coerces_cod_row" time="0.800" /></testsuite></testsuites>