<?xml version="1.0" encoding="utf-8"?><testsuites name="pytest tests"><testsuite name="pytest" errors="0" failures="0" skipped="0" tests="7" time="4.235" timestamp="2026-06-01T00:22:56.120486+00:00" hostname="agent-env-f5e6b93a-68a2-4155-84ad-e55b4fa936d3"><testcase classname="backend.tests.test_snapchat_multi_account.TestSelectedAccountsCRUD" name="test_empty_by_default" time="0.611" /><testcase classname="backend.tests.test_snapchat_multi_account.TestSelectedAccountsCRUD" name="test_put_two_accounts_persists" time="0.586" /><testcase classname="backend.tests.test_snapchat_multi_account.TestSelectedAccountsCRUD" name="test_put_then_remove_one_disables_not_deletes" time="0.752" /><testcase classname="backend.tests.test_snapchat_multi_account.TestSelectedAccountsCRUD" name="test_put_empty_disables_all" time="0.668" /><testcase classname="backend.tests.test_snapchat_multi_account.TestAccountsSummary" name="test_empty_returns_zero_totals" time="0.477" /><testcase classname="backend.tests.test_snapchat_multi_account.TestAccountsSummary" name="test_summary_aggregates_seeded_account_daily_rows" time="0.641" /><testcase classname="backend.tests.test_snapchat_multi_account.TestSyncAllValidation" name="test_sync_all_without_connection_returns_arabic" time="0.433" /></testsuite></testsuites>