<?xml version="1.0" encoding="utf-8"?><testsuites name="pytest tests"><testsuite name="pytest" errors="0" failures="0" skipped="0" tests="26" time="19.339" timestamp="2026-06-01T01:33:12.484076+00:00" hostname="agent-env-f5e6b93a-68a2-4155-84ad-e55b4fa936d3"><testcase classname="tests.test_snap_aggregation_no_overwrite.TestNoOverwriteOnLegacyRefresh" name="test_legacy_refresh_after_sync_preserves_other_accounts" time="0.490" /><testcase classname="tests.test_snap_aggregation_no_overwrite.TestNoOverwriteOnLegacyRefresh" name="test_dashboard_snapchat_summary_returns_aggregated_sum" time="0.471" /><testcase classname="tests.test_tiktok_dashboard_aggregation.TestBugA_MultiCampaignPerDate" name="test_three_campaigns_one_date_sum_correctly" time="0.487" /><testcase classname="tests.test_tiktok_dashboard_aggregation.TestBugB_PartialDailyCostsCoverageDropsWebhookSpend" name="test_webhook_spend_not_dropped_by_unrelated_daily_costs" time="0.469" /><testcase classname="tests.test_tiktok_dashboard_aggregation.TestBugB_PartialDailyCostsCoverageDropsWebhookSpend" name="test_same_date_both_sources_dedupes_via_max" time="0.440" /><testcase classname="tests.test_tiktok_dashboard_aggregation.TestBugC_DashboardTotalIncludesWebhookTiktok" name="test_dashboard_daily_ads_total_includes_webhook" time="0.460" /><testcase classname="tests.test_snapchat_multi_account.TestSelectedAccountsCRUD" name="test_empty_by_default" time="10.445" /><testcase classname="tests.test_snapchat_multi_account.TestSelectedAccountsCRUD" name="test_put_two_accounts_persists" time="0.647" /><testcase classname="tests.test_snapchat_multi_account.TestSelectedAccountsCRUD" name="test_put_then_remove_one_disables_not_deletes" time="0.702" /><testcase classname="tests.test_snapchat_multi_account.TestSelectedAccountsCRUD" name="test_put_empty_disables_all" time="0.696" /><testcase classname="tests.test_snapchat_multi_account.TestAccountsSummary" name="test_empty_returns_zero_totals" time="0.461" /><testcase classname="tests.test_snapchat_multi_account.TestAccountsSummary" name="test_summary_aggregates_seeded_account_daily_rows" time="0.569" /><testcase classname="tests.test_snapchat_multi_account.TestSyncAllValidation" name="test_sync_all_without_connection_returns_arabic" time="0.441" /><testcase classname="tests.test_meta_token_exchange.TestExchangeTokenValidation" name="test_empty_token_returns_friendly_arabic" time="0.441" /><testcase classname="tests.test_meta_token_exchange.TestExchangeTokenValidation" name="test_too_short_token_returns_friendly_arabic" time="0.102" /><testcase classname="tests.test_meta_token_exchange.TestExchangeTokenValidation" name="test_missing_app_creds_returns_friendly_arabic" time="0.106" /><testcase classname="tests.test_meta_token_exchange.TestExchangeTokenValidation" name="test_bad_ad_account_id_returns_friendly_arabic" time="0.102" /><testcase classname="tests.test_meta_token_exchange.TestExchangeTokenValidation" name="test_fake_creds_returns_classified_meta_error" time="0.246" /><testcase classname="tests.test_meta_token_exchange.TestMetaConfigExposesTokenExpiry" name="test_config_response_shape" time="0.104" /><testcase classname="tests.test_meta_friendly_errors.TestMetaTestConnection" name="test_invalid_token_returns_friendly_arabic" time="0.521" /><testcase classname="tests.test_meta_friendly_errors.TestMetaTestConnection" name="test_invalid_token_does_not_save" time="0.170" /><testcase classname="tests.test_meta_friendly_errors.TestMetaTestConnection" name="test_bad_ad_account_id_returns_arabic" time="0.151" /><testcase classname="tests.test_meta_friendly_errors.TestMetaSyncErrors" name="test_sync_without_connection" time="0.104" /><testcase classname="tests.test_meta_friendly_errors.TestMetaStatusFields" name="test_meta_config_has_status_fields_when_connected" time="0.103" /><testcase classname="tests.test_meta_friendly_errors.TestMetaStatusFields" name="test_dashboard_meta_summary_has_status_fields" time="0.119" /><testcase classname="tests.test_meta_friendly_errors.TestNoRawJsonLeakage" name="test_no_raw_oauth_exception_anywhere" time="0.202" /></testsuite></testsuites>