<?xml version="1.0" encoding="utf-8"?><testsuites name="pytest tests"><testsuite name="pytest" errors="0" failures="0" skipped="2" tests="473" time="9.980" timestamp="2026-06-27T01:58:12.823146+00:00" hostname="agent-env-f5e6b93a-68a2-4155-84ad-e55b4fa936d3"><testcase classname="tests.test_qoyod_catalog_proxies" name="test_branches_proxy_returns_unsupported_marker" time="0.296" /><testcase classname="tests.test_qoyod_catalog_proxies" name="test_taxes_proxy_returns_unsupported_marker" time="0.292" /><testcase classname="tests.test_qoyod_catalog_proxies" name="test_accounts_proxy_still_calls_qoyod_and_passes_through_errors" time="0.851" /><testcase classname="tests.test_qoyod_catalog_proxies" name="test_unsupported_proxies_do_not_hit_qoyod" time="0.336" /><testcase classname="tests.test_qoyod_compliance" name="test_not_completed_is_not_eligible" time="0.000" /><testcase classname="tests.test_qoyod_compliance" name="test_completed_no_qoyod_row_is_eligible_pending" time="0.000" /><testcase classname="tests.test_qoyod_compliance" name="test_completed_already_sent" time="0.000" /><testcase classname="tests.test_qoyod_compliance" name="test_completed_invoice_sent_receipt_failed" time="0.000" /><testcase classname="tests.test_qoyod_compliance" name="test_completed_failed_customer" time="0.000" /><testcase classname="tests.test_qoyod_compliance" name="test_completed_failed_product" time="0.000" /><testcase classname="tests.test_qoyod_compliance" name="test_english_completed_alias_is_eligible" time="0.000" /><testcase classname="tests.test_qoyod_compliance" name="test_all_returned_codes_are_from_closed_vocabulary" time="0.000" /><testcase classname="tests.test_qoyod_compliance" name="test_orphan_listing_and_summary" time="0.011" /><testcase classname="tests.test_qoyod_compliance" name="test_completed_trigger_includes_arabic_and_english" time="0.000" /><testcase classname="tests.test_qoyod_compliance" name="test_reconciliation_check_counts_and_diff" time="0.006" /><testcase classname="tests.test_qoyod_compliance" name="test_reconciliation_check_no_diff_when_all_sent" time="0.005" /><testcase classname="tests.test_qoyod_contact_name_end_to_end" name="test_payload_includes_both_name_and_contact_name" time="0.000" /><testcase classname="tests.test_qoyod_contact_name_end_to_end" name="test_payload_contact_name_uses_safe_fallback_when_name_blank" time="0.000" /><testcase classname="tests.test_qoyod_contact_name_end_to_end" name="test_payload_contact_name_when_only_email" time="0.000" /><testcase classname="tests.test_qoyod_contact_name_end_to_end" name="test_payload_contact_name_literal_guest_when_nothing" time="0.000" /><testcase classname="tests.test_qoyod_contact_name_end_to_end" name="test_end_to_end_make_payload_produces_qoyod_payload_with_contact_name" time="0.000" /><testcase classname="tests.test_qoyod_contact_name_end_to_end" name="test_end_to_end_with_only_full_name_set_in_make_payload" time="0.000" /><testcase classname="tests.test_qoyod_contact_name_end_to_end" name="test_resolve_customer_returns_payload_snapshot_on_success" time="0.001" /><testcase classname="tests.test_qoyod_contact_name_end_to_end" name="test_resolve_customer_returns_payload_snapshot_even_on_failure" time="0.000" /><testcase classname="tests.test_qoyod_contact_name_end_to_end" name="test_to_log_dict_includes_qoyod_request_payload" time="0.000" /><testcase classname="tests.test_qoyod_customer_name_and_cod" name="test_uses_first_plus_last_when_both_set" time="0.000" /><testcase classname="tests.test_qoyod_customer_name_and_cod" name="test_uses_full_name_when_first_last_missing" time="0.000" /><testcase classname="tests.test_qoyod_customer_name_and_cod" name="test_uses_name_field_when_only_name_present" time="0.000" /><testcase classname="tests.test_qoyod_customer_name_and_cod" name="test_first_last_takes_priority_over_full_name" time="0.000" /><testcase classname="tests.test_qoyod_customer_name_and_cod" name="test_falls_back_to_phone_label_when_only_phone" time="0.000" /><testcase classname="tests.test_qoyod_customer_name_and_cod" name="test_falls_back_to_guest_with_order_number" time="0.000" /><testcase classname="tests.test_qoyod_customer_name_and_cod" name="test_falls_back_to_bare_guest_without_order_number" time="0.000" /><testcase classname="tests.test_qoyod_customer_name_and_cod" name="test_string_customer_payload_still_falls_back" time="0.000" /><testcase classname="tests.test_qoyod_customer_name_and_cod" name="test_string_customer_with_value_kept_as_is" time="0.000" /><testcase classname="tests.test_qoyod_customer_name_and_cod" name="test_build_contact_payload_never_sends_blank" time="0.000" /><testcase classname="tests.test_qoyod_customer_name_and_cod" name="test_build_contact_payload_uses_email_when_no_phone" time="0.000" /><testcase classname="tests.test_qoyod_customer_name_and_cod" name="test_build_contact_payload_last_resort_literal_guest" time="0.000" /><testcase classname="tests.test_qoyod_customer_name_and_cod" name="test_safe_guest_name_helper_phone_priority" time="0.000" /><testcase classname="tests.test_qoyod_customer_name_and_cod" name="test_canonical_payment_method_resolves_cod_variants[cash on delivery-cod]" time="0.000" /><testcase classname="tests.test_qoyod_customer_name_and_cod" name="test_canonical_payment_method_resolves_cod_variants[Cash on Delivery-cod]" time="0.000" /><testcase classname="tests.test_qoyod_customer_name_and_cod" name="test_canonical_payment_method_resolves_cod_variants[COD-cod]" time="0.000" /><testcase classname="tests.test_qoyod_customer_name_and_cod" name="test_canonical_payment_method_resolves_cod_variants[cash-cod]" time="0.000" /><testcase classname="tests.test_qoyod_customer_name_and_cod" name="test_canonical_payment_method_resolves_cod_variants[\u0627\u0644\u062f\u0641\u0639 \u0639\u0646\u062f \u0627\u0644\u0627\u0633\u062a\u0644\u0627\u0645-cod]" time="0.000" /><testcase classname="tests.test_qoyod_customer_name_and_cod" name="test_canonical_payment_method_resolves_cod_variants[\u0627\u0644\u0646\u0648\u0639 \u0639\u0646\u062f \u0627\u0644\u0627\u0633\u062a\u0644\u0627\u0645-cod]" time="0.000" /><testcase classname="tests.test_qoyod_customer_name_and_cod" name="test_canonical_payment_method_resolves_cod_variants[\u0627\u0644\u062f\u0641\u0639 \u0646\u0642\u062f\u0627 \u0639\u0646\u062f \u0627\u0644\u0627\u0633\u062a\u0644\u0627\u0645-cod]" time="0.000" /><testcase classname="tests.test_qoyod_customer_name_and_cod" name="test_canonical_payment_method_resolves_cod_variants[\u0646\u0642\u062f \u0639\u0646\u062f \u0627\u0644\u0627\u0633\u062a\u0644\u0627\u0645-cod]" time="0.000" /><testcase classname="tests.test_qoyod_customer_name_and_cod" name="test_canonical_payment_method_resolves_other_arabic_variants[\u062a\u0645\u0627\u0631\u0627-tamara]" time="0.000" /><testcase classname="tests.test_qoyod_customer_name_and_cod" name="test_canonical_payment_method_resolves_other_arabic_variants[\u062a\u0627\u0628\u064a-tabby]" time="0.000" /><testcase classname="tests.test_qoyod_customer_name_and_cod" name="test_canonical_payment_method_resolves_other_arabic_variants[\u0625\u0645\u0643\u0627\u0646-emkan]" time="0.000" /><testcase classname="tests.test_qoyod_customer_name_and_cod" name="test_canonical_payment_method_resolves_other_arabic_variants[\u062a\u062d\u0648\u064a\u0644 \u0628\u0646\u0643\u064a-bank_transfer]" time="0.000" /><testcase classname="tests.test_qoyod_customer_name_and_cod" name="test_alias_table_covers_already_normalised_arabic_keys" time="0.000" /><testcase classname="tests.test_qoyod_customer_name_and_cod" name="test_cod_mapping_covers_arabic_native_strings_end_to_end" time="0.000" /><testcase classname="tests.test_qoyod_day1_foundation" name="test_crypto_round_trip" time="0.001" /><testcase classname="tests.test_qoyod_day1_foundation" name="test_crypto_rejects_tampered_bytes" time="0.000" /><testcase classname="tests.test_qoyod_day1_foundation" name="test_crypto_handles_empty_and_none" time="0.000" /><testcase classname="tests.test_qoyod_day1_foundation" name="test_save_and_retrieve_api_key" time="0.006" /><testcase classname="tests.test_qoyod_day1_foundation" name="test_save_api_key_upserts_on_rotation" time="0.006" /><testcase classname="tests.test_qoyod_day1_foundation" name="test_save_rejects_empty" time="0.001" /><testcase classname="tests.test_qoyod_day1_foundation" name="test_settings_defaults_are_safe" time="0.000" /><testcase classname="tests.test_qoyod_day1_foundation" name="test_settings_capability_flags_default_all_on" time="0.000" /><testcase classname="tests.test_qoyod_day1_foundation" name="test_settings_capabilities_can_be_partially_disabled" time="0.000" /><testcase classname="tests.test_qoyod_day1_foundation" name="test_settings_has_forward_compat_placeholders" time="0.000" /><testcase classname="tests.test_qoyod_day1_foundation" name="test_settings_supports_three_product_modes" time="0.000" /><testcase classname="tests.test_qoyod_day1_foundation" name="test_settings_rejects_unknown_product_mode" time="0.000" /><testcase classname="tests.test_qoyod_day1_foundation" name="test_pipeline_stages_vocabulary_locked" time="0.000" /><testcase classname="tests.test_qoyod_day1_foundation" name="test_invoice_statuses_include_split_state" time="0.000" /><testcase classname="tests.test_qoyod_day1_foundation" name="test_inbox_requires_idempotency_key" time="0.000" /><testcase classname="tests.test_qoyod_day1_foundation" name="test_inbox_is_generic_with_connector_key_discriminator" time="0.000" /><testcase classname="tests.test_qoyod_day1_foundation" name="test_indexes_created_and_idempotent" time="0.009" /><testcase classname="tests.test_qoyod_day1_foundation" name="test_inbox_idempotency_enforced_by_index" time="0.007" /><testcase classname="tests.test_qoyod_day1_foundation" name="test_api_client_sends_mezan_version_header" time="0.000" /><testcase classname="tests.test_qoyod_day1_foundation" name="test_classify_maps_status_codes" time="0.000" /><testcase classname="tests.test_qoyod_day1_foundation" name="test_api_client_repr_redacts_secret" time="0.000" /><testcase classname="tests.test_qoyod_day1_foundation" name="test_api_client_requires_api_key" time="0.000" /><testcase classname="tests.test_qoyod_day1_foundation" name="test_qoyod_api_error_log_dict_omits_secrets" time="0.000" /><testcase classname="tests.test_qoyod_day1_foundation" name="test_adr_001_exists_and_lists_14_principles" time="0.000" /><testcase classname="tests.test_qoyod_day1_foundation" name="test_qoyod_module_documents_compliance" time="0.001" /><testcase classname="tests.test_qoyod_day3_webhook" name="test_verify_token_accepts_correct_value" time="0.000" /><testcase classname="tests.test_qoyod_day3_webhook" name="test_verify_token_rejects_missing_header" time="0.000" /><testcase classname="tests.test_qoyod_day3_webhook" name="test_verify_token_rejects_wrong_value" time="0.000" /><testcase classname="tests.test_qoyod_day3_webhook" name="test_verify_token_503_when_not_configured" time="0.000" /><testcase classname="tests.test_qoyod_day3_webhook" name="test_idempotency_key_from_explicit_header" time="0.000" /><testcase classname="tests.test_qoyod_day3_webhook" name="test_idempotency_key_derived_from_payload" time="0.000" /><testcase classname="tests.test_qoyod_day3_webhook" name="test_idempotency_key_random_when_no_id" time="0.000" /><testcase classname="tests.test_qoyod_day3_webhook" name="test_validate_happy_path" time="0.000" /><testcase classname="tests.test_qoyod_day3_webhook" name="test_validate_rejects_non_object" time="0.000" /><testcase classname="tests.test_qoyod_day3_webhook" name="test_validate_rejects_missing_data" time="0.000" /><testcase classname="tests.test_qoyod_day3_webhook" name="test_validate_rejects_missing_order_id" time="0.000" /><testcase classname="tests.test_qoyod_day3_webhook" name="test_validate_rejects_missing_status" time="0.000" /><testcase classname="tests.test_qoyod_day3_webhook" name="test_validate_rejects_missing_items_key" time="0.000" /><testcase classname="tests.test_qoyod_day3_webhook" name="test_validate_rejects_empty_items_list" time="0.000" /><testcase classname="tests.test_qoyod_day3_webhook" name="test_normalize_builds_complete_dto" time="0.002" /><testcase classname="tests.test_qoyod_day3_webhook" name="test_normalize_canonical_status_table_covers_arabic_inputs" time="0.000" /><testcase classname="tests.test_qoyod_day3_webhook" name="test_normalize_phone_handles_local_and_international" time="0.000" /><testcase classname="tests.test_qoyod_day3_webhook" name="test_normalize_email_lowercases_and_validates" time="0.000" /><testcase classname="tests.test_qoyod_day3_webhook" name="test_normalize_raises_on_corrupt_items" time="0.000" /><testcase classname="tests.test_qoyod_day3_webhook" name="test_normalize_records_received_at_in_metadata" time="0.000" /><testcase classname="tests.test_qoyod_day3_webhook" name="test_dto_schema_version_locked_at_1" time="0.000" /><testcase classname="tests.test_qoyod_day3_webhook" name="test_webhook_happy_path_completes_normalization" time="0.009" /><testcase classname="tests.test_qoyod_day3_webhook" name="test_webhook_idempotency_returns_existing_row" time="0.009" /><testcase classname="tests.test_qoyod_day3_webhook" name="test_webhook_validation_failure_routes_to_dead_letter" time="0.008" /><testcase classname="tests.test_qoyod_day3_webhook" name="test_webhook_normalization_failure_routes_to_dead_letter" time="0.010" /><testcase classname="tests.test_qoyod_day3_webhook" name="test_webhook_audit_trail_records_duration" time="0.007" /><testcase classname="tests.test_qoyod_day3_webhook" name="test_webhook_audit_trail_records_duration_on_dead_letter" time="0.007" /><testcase classname="tests.test_qoyod_day3_webhook" name="test_webhook_does_not_call_qoyod_or_apply_business_rules" time="0.008" /><testcase classname="tests.test_qoyod_day4_rules_and_customer" name="test_rules_eligible_when_status_matches_trigger" time="0.000" /><testcase classname="tests.test_qoyod_day4_rules_and_customer" name="test_rules_not_eligible_when_status_outside_triggers" time="0.000" /><testcase classname="tests.test_qoyod_day4_rules_and_customer" name="test_rules_supports_multiple_trigger_statuses" time="0.000" /><testcase classname="tests.test_qoyod_day4_rules_and_customer" name="test_rules_invoice_date_respects_explicit_paid_at_source" time="0.000" /><testcase classname="tests.test_qoyod_day4_rules_and_customer" name="test_rules_invoice_date_falls_back_to_order_date_when_missing" time="0.000" /><testcase classname="tests.test_qoyod_day4_rules_and_customer" name="test_rules_trigger_once_only_blocks_when_invoice_exists" time="0.000" /><testcase classname="tests.test_qoyod_day4_rules_and_customer" name="test_rules_trigger_once_only_false_allows_resend" time="0.000" /><testcase classname="tests.test_qoyod_day4_rules_and_customer" name="test_rules_defaults_when_settings_blank" time="0.000" /><testcase classname="tests.test_qoyod_day4_rules_and_customer" name="test_rules_never_uses_paid_as_implicit_trigger" time="0.000" /><testcase classname="tests.test_qoyod_day4_rules_and_customer" name="test_derive_lookup_prefers_phone" time="0.000" /><testcase classname="tests.test_qoyod_day4_rules_and_customer" name="test_derive_lookup_falls_back_to_email" time="0.000" /><testcase classname="tests.test_qoyod_day4_rules_and_customer" name="test_derive_lookup_guest_when_no_phone_no_email" time="0.000" /><testcase classname="tests.test_qoyod_day4_rules_and_customer" name="test_contact_payload_only_includes_supported_fields" time="0.000" /><testcase classname="tests.test_qoyod_day4_rules_and_customer" name="test_extract_contact_id_handles_wrapped_response" time="0.000" /><testcase classname="tests.test_qoyod_day4_rules_and_customer" name="test_resolver_returns_local_mapping_when_present" time="0.005" /><testcase classname="tests.test_qoyod_day4_rules_and_customer" name="test_resolver_creates_new_when_no_local_mapping" time="0.004" /><testcase classname="tests.test_qoyod_day4_rules_and_customer" name="test_resolver_returns_api_error_dict_on_failure" time="0.004" /><testcase classname="tests.test_qoyod_day4_rules_and_customer" name="test_resolver_guest_path_uses_default_customer_when_set" time="0.001" /><testcase classname="tests.test_qoyod_day4_rules_and_customer" name="test_resolver_guest_path_fails_without_default" time="0.001" /><testcase classname="tests.test_qoyod_day4_rules_and_customer" name="test_pipeline_happy_path_advances_to_customer_resolved" time="0.010" /><testcase classname="tests.test_qoyod_day4_rules_and_customer" name="test_pipeline_skips_when_status_not_in_triggers" time="0.007" /><testcase classname="tests.test_qoyod_day4_rules_and_customer" name="test_pipeline_routes_customer_failure_to_dead_letter" time="0.008" /><testcase classname="tests.test_qoyod_day4_rules_and_customer" name="test_pipeline_trigger_once_only_blocks_resend" time="0.008" /><testcase classname="tests.test_qoyod_day4_rules_and_customer" name="test_pipeline_idempotent_on_already_advanced_rows" time="0.006" /><testcase classname="tests.test_qoyod_day4_rules_and_customer" name="test_batch_processor_counts_outcomes" time="0.012" /><testcase classname="tests.test_qoyod_day5_invoice_receipt" name="test_state_machine_has_partial_failure_terminal" time="0.000" /><testcase classname="tests.test_qoyod_day5_invoice_receipt" name="test_preflight_passes_when_everything_set" time="0.000" /><testcase classname="tests.test_qoyod_day5_invoice_receipt" name="test_preflight_fails_when_customer_missing" time="0.000" /><testcase classname="tests.test_qoyod_day5_invoice_receipt" name="test_preflight_fails_when_product_unresolved" time="0.000" /><testcase classname="tests.test_qoyod_day5_invoice_receipt" name="test_preflight_fails_when_tax_not_configured" time="0.000" /><testcase classname="tests.test_qoyod_day5_invoice_receipt" name="test_preflight_fails_when_payment_method_unmapped" time="0.000" /><testcase classname="tests.test_qoyod_day5_invoice_receipt" name="test_preflight_fails_when_already_sent" time="0.000" /><testcase classname="tests.test_qoyod_day5_invoice_receipt" name="test_invoice_payload_includes_all_required_fields" time="0.000" /><testcase classname="tests.test_qoyod_day5_invoice_receipt" name="test_receipt_payload_resolves_payment_account" time="0.000" /><testcase classname="tests.test_qoyod_day5_invoice_receipt" name="test_dry_run_client_records_calls_and_returns_fake_ids" time="0.001" /><testcase classname="tests.test_qoyod_day5_invoice_receipt" name="test_pipeline_dry_run_completes_without_qoyod_post" time="0.013" /><testcase classname="tests.test_qoyod_day5_invoice_receipt" name="test_pipeline_preflight_blocks_when_tax_missing" time="0.010" /><testcase classname="tests.test_qoyod_day5_invoice_receipt" name="test_pipeline_partial_failure_on_receipt_error" time="0.013" /><testcase classname="tests.test_qoyod_day5_invoice_receipt" name="test_pipeline_records_payload_snapshot_before_post" time="0.012" /><testcase classname="tests.test_qoyod_day5_invoice_receipt" name="test_day4_report_aggregates_outcomes" time="0.006" /><testcase classname="tests.test_qoyod_dead_letter_auto_requeue" name="test_known_fixed_patterns_registry_has_contact_name_only" time="0.000" /><testcase classname="tests.test_qoyod_dead_letter_auto_requeue" name="test_matcher_accepts_classic_qoyod_validation_shape" time="0.000" /><testcase classname="tests.test_qoyod_dead_letter_auto_requeue" name="test_matcher_accepts_inline_message_shape" time="0.000" /><testcase classname="tests.test_qoyod_dead_letter_auto_requeue" name="test_matcher_rejects_wrong_failed_stage" time="0.000" /><testcase classname="tests.test_qoyod_dead_letter_auto_requeue" name="test_matcher_rejects_unrelated_error" time="0.000" /><testcase classname="tests.test_qoyod_dead_letter_auto_requeue" name="test_matcher_safe_on_empty_error" time="0.000" /><testcase classname="tests.test_qoyod_dead_letter_auto_requeue" name="test_requeue_row_moves_dead_letter_to_normalized" time="0.006" /><testcase classname="tests.test_qoyod_dead_letter_auto_requeue" name="test_requeue_row_refuses_when_attempts_exhausted" time="0.004" /><testcase classname="tests.test_qoyod_dead_letter_auto_requeue" name="test_requeue_row_refuses_non_terminal" time="0.004" /><testcase classname="tests.test_qoyod_dead_letter_auto_requeue" name="test_auto_requeue_only_touches_matching_rows" time="0.007" /><testcase classname="tests.test_qoyod_dead_letter_auto_requeue" name="test_auto_requeue_bounded_by_max_attempts" time="0.008" /><testcase classname="tests.test_qoyod_dead_letter_auto_requeue" name="test_qyd_go_outstanding_failures_excludes_auto_recoverable" time="0.005" /><testcase classname="tests.test_qoyod_dead_letter_auto_requeue" name="test_qyd_go_outstanding_failures_blocks_on_unknown_error" time="0.005" /><testcase classname="tests.test_qoyod_dead_letter_auto_requeue" name="test_qyd_go_outstanding_failures_clears_after_requeue_succeeds" time="0.007" /><testcase classname="tests.test_qoyod_dead_letter_auto_requeue" name="test_find_requeue_candidates_only_returns_matching" time="0.004" /><testcase classname="tests.test_qoyod_dead_letter_auto_requeue" name="test_requeue_one_by_trace_id" time="0.005" /><testcase classname="tests.test_qoyod_dead_letter_auto_requeue" name="test_requeue_one_refuses_unknown_error" time="0.005" /><testcase classname="tests.test_qoyod_eligibility.TestCheckEligibilityUnit" name="test_happy_path_returns_none" time="0.004" /><testcase classname="tests.test_qoyod_eligibility.TestCheckEligibilityUnit" name="test_non_dict_payload_rejected" time="0.003" /><testcase classname="tests.test_qoyod_eligibility.TestCheckEligibilityUnit" name="test_empty_sku_on_single_item_rejected" time="0.003" /><testcase classname="tests.test_qoyod_eligibility.TestCheckEligibilityUnit" name="test_missing_sku_key_rejected" time="0.003" /><testcase classname="tests.test_qoyod_eligibility.TestCheckEligibilityUnit" name="test_whitespace_sku_rejected" time="0.003" /><testcase classname="tests.test_qoyod_eligibility.TestCheckEligibilityUnit" name="test_mixed_items_only_one_missing_sku_still_rejects" time="0.003" /><testcase classname="tests.test_qoyod_eligibility.TestCheckEligibilityUnit" name="test_non_object_item_is_skipped_let_normalize_catch_it" time="0.003" /><testcase classname="tests.test_qoyod_eligibility.TestCheckEligibilityUnit" name="test_offenders_list_capped_at_five" time="0.003" /><testcase classname="tests.test_qoyod_eligibility.TestCheckEligibilityUnit" name="test_total_zero_rejected" time="0.003" /><testcase classname="tests.test_qoyod_eligibility.TestCheckEligibilityUnit" name="test_total_negative_rejected" time="0.003" /><testcase classname="tests.test_qoyod_eligibility.TestCheckEligibilityUnit" name="test_total_missing_rejected" time="0.003" /><testcase classname="tests.test_qoyod_eligibility.TestCheckEligibilityUnit" name="test_total_invalid_string_rejected" time="0.003" /><testcase classname="tests.test_qoyod_eligibility.TestCheckEligibilityUnit" name="test_total_as_flat_string_accepted" time="0.003" /><testcase classname="tests.test_qoyod_eligibility.TestCheckEligibilityUnit" name="test_root_level_total_amount_fallback" time="0.003" /><testcase classname="tests.test_qoyod_eligibility.TestCheckEligibilityUnit" name="test_sku_check_runs_before_total_check" time="0.003" /><testcase classname="tests.test_qoyod_eligibility.TestCheckEligibilityUnit" name="test_no_data_envelope_uses_root" time="0.003" /><testcase classname="tests.test_qoyod_eligibility" name="test_http_empty_sku_dead_letters_with_items_missing_sku" time="0.036" /><testcase classname="tests.test_qoyod_eligibility" name="test_http_zero_total_dead_letters" time="0.033" /><testcase classname="tests.test_qoyod_eligibility" name="test_http_negative_total_dead_letters" time="0.032" /><testcase classname="tests.test_qoyod_eligibility" name="test_http_valid_payload_passes_eligibility" time="0.038" /><testcase classname="tests.test_qoyod_endpoint_contract" name="test_qoyod_client_uses_locked_endpoint[list_contacts-GET-/customers]" time="0.001" /><testcase classname="tests.test_qoyod_endpoint_contract" name="test_qoyod_client_uses_locked_endpoint[create_contact-POST-/customers]" time="0.001" /><testcase classname="tests.test_qoyod_endpoint_contract" name="test_qoyod_client_uses_locked_endpoint[list_products-GET-/products]" time="0.001" /><testcase classname="tests.test_qoyod_endpoint_contract" name="test_qoyod_client_uses_locked_endpoint[create_product-POST-/products]" time="0.000" /><testcase classname="tests.test_qoyod_endpoint_contract" name="test_qoyod_client_uses_locked_endpoint[create_invoice-POST-/invoices]" time="0.000" /><testcase classname="tests.test_qoyod_endpoint_contract" name="test_qoyod_client_uses_locked_endpoint[create_receipt-POST-/receipts]" time="0.001" /><testcase classname="tests.test_qoyod_endpoint_contract" name="test_qoyod_client_uses_locked_endpoint[me-GET-/products]" time="0.001" /><testcase classname="tests.test_qoyod_endpoint_contract" name="test_no_residual_contacts_post_in_api_client_source" time="0.000" /><testcase classname="tests.test_qoyod_enrichment_toggle_http_iter259" name="test_enrichment_fallback_toggle_round_trip" time="0.741" /><testcase classname="tests.test_qoyod_first_sync_monitor" name="test_status_success_when_pipeline_passed_stage" time="0.000" /><testcase classname="tests.test_qoyod_first_sync_monitor" name="test_status_failed_when_pipeline_in_fail_stage" time="0.000" /><testcase classname="tests.test_qoyod_first_sync_monitor" name="test_status_pending_when_not_yet_reached" time="0.000" /><testcase classname="tests.test_qoyod_first_sync_monitor" name="test_status_skipped_when_pipeline_skipped" time="0.000" /><testcase classname="tests.test_qoyod_first_sync_monitor" name="test_shape_inbox_row_extracts_four_qoyod_steps" time="0.000" /><testcase classname="tests.test_qoyod_first_sync_monitor" name="test_shape_inbox_row_marks_failed_step" time="0.000" /><testcase classname="tests.test_qoyod_first_sync_monitor" name="test_invoice_payload_omits_branch_id_when_settings_blank" time="0.000" /><testcase classname="tests.test_qoyod_first_sync_monitor" name="test_invoice_payload_includes_branch_id_when_set" time="0.000" /><testcase classname="tests.test_qoyod_first_sync_monitor" name="test_invoice_line_uses_tax_id_not_rate" time="0.000" /><testcase classname="tests.test_qoyod_first_sync_monitor" name="test_invoice_line_omits_tax_id_when_settings_blank" time="0.000" /><testcase classname="tests.test_qoyod_first_sync_monitor" name="test_validate_treats_missing_branch_as_warning_not_blocker" time="0.001" /><testcase classname="tests.test_qoyod_fresh_start_audit" name="test_salla_ref_pure_long_digits_pass" time="0.000" /><testcase classname="tests.test_qoyod_fresh_start_audit" name="test_salla_ref_short_digits_fail" time="0.000" /><testcase classname="tests.test_qoyod_fresh_start_audit" name="test_salla_ref_word_in_string_pass" time="0.000" /><testcase classname="tests.test_qoyod_fresh_start_audit" name="test_salla_ref_empty_or_none_fail" time="0.000" /><testcase classname="tests.test_qoyod_fresh_start_audit" name="test_month_bucket_iso_date" time="0.000" /><testcase classname="tests.test_qoyod_fresh_start_audit" name="test_month_bucket_garbage_returns_unknown" time="0.000" /><testcase classname="tests.test_qoyod_fresh_start_audit" name="test_extract_list_handles_raw_list_and_keyed_dict" time="0.000" /><testcase classname="tests.test_qoyod_fresh_start_audit" name="test_analyse_invoices_buckets_and_classifies" time="0.000" /><testcase classname="tests.test_qoyod_fresh_start_audit" name="test_analyse_invoices_empty_returns_zeroes" time="0.000" /><testcase classname="tests.test_qoyod_fresh_start_audit" name="test_analyse_receipts_buckets_and_detects_orphan" time="0.000" /><testcase classname="tests.test_qoyod_fresh_start_audit" name="test_analyse_products_separates_sku_presence" time="0.000" /><testcase classname="tests.test_qoyod_fresh_start_audit" name="test_analyse_customers_flags_guests_and_orphans" time="0.000" /><testcase classname="tests.test_qoyod_fresh_start_audit" name="test_build_flags_warns_on_invoices_without_receipt" time="0.000" /><testcase classname="tests.test_qoyod_fresh_start_audit" name="test_build_flags_warns_on_orphan_receipts" time="0.000" /><testcase classname="tests.test_qoyod_fresh_start_audit" name="test_build_flags_clean_payload_yields_no_flags" time="0.000" /><testcase classname="tests.test_qoyod_fresh_start_audit" name="test_build_flags_info_on_products_without_sku" time="0.000" /><testcase classname="tests.test_qoyod_fresh_start_audit_404_empty" name="test_paginate_treats_404_on_first_page_as_empty_collection" time="0.000" /><testcase classname="tests.test_qoyod_fresh_start_audit_404_empty" name="test_paginate_treats_404_on_subsequent_page_as_end_of_pagination" time="0.101" /><testcase classname="tests.test_qoyod_fresh_start_audit_404_empty" name="test_paginate_still_raises_on_non_404_errors" time="0.001" /><testcase classname="tests.test_qoyod_fresh_start_audit_404_empty" name="test_audit_returns_completed_status_when_all_endpoints_empty" time="0.002" /><testcase classname="tests.test_qoyod_fresh_start_cleanup" name="test_expected_token_is_exactly_DELETE_CONFIRM" time="0.000" /><testcase classname="tests.test_qoyod_fresh_start_cleanup" name="test_protected_entities_include_accounting_pillars" time="0.000" /><testcase classname="tests.test_qoyod_fresh_start_cleanup" name="test_extract_id_handles_id_underscore_and_contact" time="0.000" /><testcase classname="tests.test_qoyod_fresh_start_cleanup" name="test_delete_batch_happy_path" time="0.000" /><testcase classname="tests.test_qoyod_fresh_start_cleanup" name="test_delete_batch_treats_404_as_success" time="0.000" /><testcase classname="tests.test_qoyod_fresh_start_cleanup" name="test_delete_batch_continues_past_failures" time="0.000" /><testcase classname="tests.test_qoyod_fresh_start_cleanup" name="test_delete_batch_aborts_on_405_method_not_allowed" time="0.000" /><testcase classname="tests.test_qoyod_fresh_start_cleanup" name="test_execute_refuses_wrong_confirm_token" time="0.000" /><testcase classname="tests.test_qoyod_fresh_start_cleanup" name="test_execute_refuses_token_with_whitespace" time="0.000" /><testcase classname="tests.test_qoyod_fresh_start_cleanup" name="test_execute_refuses_token_case_mismatch" time="0.000" /><testcase classname="tests.test_qoyod_fresh_start_cleanup" name="test_execute_refuses_missing_plan" time="0.000" /><testcase classname="tests.test_qoyod_fresh_start_cleanup" name="test_execute_deletes_in_correct_order_receipts_then_invoices_then_products_then_customers" time="0.000" /><testcase classname="tests.test_qoyod_fresh_start_cleanup" name="test_execute_reports_partial_failures_without_aborting" time="0.001" /><testcase classname="tests.test_qoyod_fresh_start_cleanup" name="test_execute_persists_confirm_token_for_audit" time="0.000" /><testcase classname="tests.test_qoyod_fresh_start_cleanup" name="test_build_plan_collects_ids_from_all_four_entities" time="0.000" /><testcase classname="tests.test_qoyod_go_live_qyd_fix" name="test_branch_passes_when_blank_single_branch_account" time="0.000" /><testcase classname="tests.test_qoyod_go_live_qyd_fix" name="test_branch_passes_when_set" time="0.000" /><testcase classname="tests.test_qoyod_go_live_qyd_fix" name="test_branch_passes_for_empty_string_value" time="0.000" /><testcase classname="tests.test_qoyod_go_live_qyd_fix" name="test_pre_go_live_always_passes_even_with_failures" time="0.002" /><testcase classname="tests.test_qoyod_go_live_qyd_fix" name="test_post_go_live_counts_only_post_activation_production_failures" time="0.001" /><testcase classname="tests.test_qoyod_go_live_qyd_fix" name="test_post_go_live_passes_when_no_post_activation_failures" time="0.000" /><testcase classname="tests.test_qoyod_go_live_qyd_fix" name="test_legacy_activated_at_field_is_honoured" time="0.000" /><testcase classname="tests.test_qoyod_go_live_qyd_fix" name="test_iso_string_activation_timestamp_is_parsed" time="0.001" /><testcase classname="tests.test_qoyod_go_live_qyd_fix" name="test_eligible_orders_passes_with_inflight_rows" time="0.000" /><testcase classname="tests.test_qoyod_go_live_qyd_fix" name="test_eligible_orders_passes_with_recent_dry_completion" time="0.000" /><testcase classname="tests.test_qoyod_go_live_qyd_fix" name="test_eligible_orders_fails_when_nothing_eligible_or_recent" time="0.000" /><testcase classname="tests.test_qoyod_go_live_qyd_fix" name="test_dry_run_proven_reads_integration_inbox" time="0.000" /><testcase classname="tests.test_qoyod_go_live_qyd_fix" name="test_dry_run_fails_when_dry_run_mode_off" time="0.000" /><testcase classname="tests.test_qoyod_identity_diagnostics" name="test_key_fingerprint_is_stable_and_never_exposes_key" time="0.000" /><testcase classname="tests.test_qoyod_identity_diagnostics" name="test_key_fingerprint_handles_empty" time="0.000" /><testcase classname="tests.test_qoyod_identity_diagnostics" name="test_sample_picker_returns_at_most_ten_dicts_by_default" time="0.000" /><testcase classname="tests.test_qoyod_identity_diagnostics" name="test_sample_picker_honours_explicit_limit" time="0.000" /><testcase classname="tests.test_qoyod_identity_diagnostics" name="test_sample_picker_tolerates_non_list_and_non_dict_items" time="0.000" /><testcase classname="tests.test_qoyod_identity_diagnostics" name="test_extract_name_prefers_name_field" time="0.000" /><testcase classname="tests.test_qoyod_identity_diagnostics" name="test_extract_name_falls_back_to_arabic_name_when_name_blank" time="0.000" /><testcase classname="tests.test_qoyod_identity_diagnostics" name="test_extract_name_tries_all_locale_variants" time="0.000" /><testcase classname="tests.test_qoyod_identity_diagnostics" name="test_extract_name_falls_back_to_localizations_array" time="0.000" /><testcase classname="tests.test_qoyod_identity_diagnostics" name="test_extract_name_returns_none_when_truly_blank" time="0.000" /><testcase classname="tests.test_qoyod_identity_diagnostics" name="test_name_source_tells_which_field_was_used" time="0.000" /><testcase classname="tests.test_qoyod_identity_diagnostics" name="test_is_system_product[cod_item-True]" time="0.000" /><testcase classname="tests.test_qoyod_identity_diagnostics" name="test_is_system_product[custom_product-True]" time="0.000" /><testcase classname="tests.test_qoyod_identity_diagnostics" name="test_is_system_product[shipping_fee-True]" time="0.000" /><testcase classname="tests.test_qoyod_identity_diagnostics" name="test_is_system_product[delivery_fee-True]" time="0.000" /><testcase classname="tests.test_qoyod_identity_diagnostics" name="test_is_system_product[discount_item-True]" time="0.000" /><testcase classname="tests.test_qoyod_identity_diagnostics" name="test_is_system_product[fees_item-True]" time="0.000" /><testcase classname="tests.test_qoyod_identity_diagnostics" name="test_is_system_product[shipping_express-True]" time="0.000" /><testcase classname="tests.test_qoyod_identity_diagnostics" name="test_is_system_product[system_x-True]" time="0.000" /><testcase classname="tests.test_qoyod_identity_diagnostics" name="test_is_system_product[AMS11903-False]" time="0.000" /><testcase classname="tests.test_qoyod_identity_diagnostics" name="test_is_system_product[-False]" time="0.000" /><testcase classname="tests.test_qoyod_identity_diagnostics" name="test_is_system_product[normal-sku-False]" time="0.000" /><testcase classname="tests.test_qoyod_identity_diagnostics" name="test_is_system_product_uses_reference_when_sku_missing" time="0.000" /><testcase classname="tests.test_qoyod_identity_diagnostics" name="test_raw_rows_returns_all_up_to_limit" time="0.000" /><testcase classname="tests.test_qoyod_identity_diagnostics" name="test_raw_rows_caps_each_row_at_50_keys" time="0.000" /><testcase classname="tests.test_qoyod_identity_diagnostics" name="test_returns_no_api_key_summary_when_missing" time="0.001" /><testcase classname="tests.test_qoyod_identity_diagnostics" name="test_returns_full_diagnostics_when_all_endpoints_succeed" time="0.001" /><testcase classname="tests.test_qoyod_identity_diagnostics" name="test_graceful_partial_failure_products_403_customers_ok" time="0.001" /><testcase classname="tests.test_qoyod_identity_diagnostics" name="test_all_endpoints_unauthorized_still_returns_diagnostic" time="0.000" /><testcase classname="tests.test_qoyod_identity_diagnostics" name="test_products_response_with_more_than_ten_rows_is_truncated" time="0.001" /><testcase classname="tests.test_qoyod_identity_diagnostics" name="test_user_scenario_empty_name_and_system_products" time="0.001" /><testcase classname="tests.test_qoyod_identity_diagnostics" name="test_raw_first_row_exposes_hidden_archived_field" time="0.001" /><testcase classname="tests.test_qoyod_legacy_adapter.TestDetection" name="test_canonical_payload_is_not_legacy" time="0.000" /><testcase classname="tests.test_qoyod_legacy_adapter.TestDetection" name="test_flat_make_payload_is_legacy" time="0.000" /><testcase classname="tests.test_qoyod_legacy_adapter.TestDetection" name="test_non_dict_is_not_legacy" time="0.000" /><testcase classname="tests.test_qoyod_legacy_adapter.TestDetection" name="test_dict_without_markers_is_not_legacy" time="0.000" /><testcase classname="tests.test_qoyod_legacy_adapter.TestHelpers" name="test_split_name" time="0.000" /><testcase classname="tests.test_qoyod_legacy_adapter.TestHelpers" name="test_money_wraps_safely" time="0.000" /><testcase classname="tests.test_qoyod_legacy_adapter.TestItemAdaptation" name="test_flat_price_object" time="0.000" /><testcase classname="tests.test_qoyod_legacy_adapter.TestItemAdaptation" name="test_inline_price" time="0.000" /><testcase classname="tests.test_qoyod_legacy_adapter.TestItemAdaptation" name="test_options_carried_through" time="0.000" /><testcase classname="tests.test_qoyod_legacy_adapter.TestItemAdaptation" name="test_product_nested_sku_and_name" time="0.000" /><testcase classname="tests.test_qoyod_legacy_adapter.TestItemAdaptation" name="test_item_without_name_or_sku_drops" time="0.000" /><testcase classname="tests.test_qoyod_legacy_adapter.TestItemAdaptation" name="test_non_dict_item_drops" time="0.000" /><testcase classname="tests.test_qoyod_legacy_adapter.TestItemsCollection" name="test_priority_items_over_packages" time="0.000" /><testcase classname="tests.test_qoyod_legacy_adapter.TestItemsCollection" name="test_packages_fallback_when_no_items" time="0.000" /><testcase classname="tests.test_qoyod_legacy_adapter.TestItemsCollection" name="test_packages_flatten_across_multiple_packages" time="0.000" /><testcase classname="tests.test_qoyod_legacy_adapter.TestItemsCollection" name="test_legacy_products_alias_accepted" time="0.000" /><testcase classname="tests.test_qoyod_legacy_adapter.TestItemsCollection" name="test_missing_when_both_empty" time="0.000" /><testcase classname="tests.test_qoyod_legacy_adapter.TestItemsCollection" name="test_missing_when_items_all_invalid" time="0.000" /><testcase classname="tests.test_qoyod_legacy_adapter.TestStatus" name="test_slug_plus_name_builds_customized_node" time="0.000" /><testcase classname="tests.test_qoyod_legacy_adapter.TestStatus" name="test_slug_only" time="0.000" /><testcase classname="tests.test_qoyod_legacy_adapter.TestStatus" name="test_empty_returns_none" time="0.000" /><testcase classname="tests.test_qoyod_legacy_adapter.TestAdaptPublic" name="test_canonical_passthrough" time="0.000" /><testcase classname="tests.test_qoyod_legacy_adapter.TestAdaptPublic" name="test_legacy_no_items_marks_missing" time="0.002" /><testcase classname="tests.test_qoyod_legacy_adapter.TestAdaptPublic" name="test_legacy_with_flat_items" time="0.000" /><testcase classname="tests.test_qoyod_legacy_adapter.TestAdaptPublic" name="test_legacy_with_packages" time="0.000" /><testcase classname="tests.test_qoyod_legacy_adapter.TestAdaptPublic" name="test_legacy_extras_preserved" time="0.000" /><testcase classname="tests.test_qoyod_legacy_adapter.TestAdaptPublic" name="test_customer_name_split" time="0.000" /><testcase classname="tests.test_qoyod_legacy_adapter.TestAdaptPublic" name="test_completed_at_passed_through" time="0.000" /><testcase classname="tests.test_qoyod_legacy_adapter.TestDownstreamContract" name="test_adapted_with_flat_items_passes_validation" time="0.000" /><testcase classname="tests.test_qoyod_legacy_adapter.TestDownstreamContract" name="test_adapted_with_packages_passes_validation" time="0.000" /><testcase classname="tests.test_qoyod_legacy_adapter.TestDownstreamContract" name="test_adapted_without_items_still_passes_validate_shape_check" time="0.000" /><testcase classname="tests.test_qoyod_legacy_adapter.TestStateMachineEnrichmentStages" name="test_states_registered" time="0.000" /><testcase classname="tests.test_qoyod_legacy_adapter.TestStateMachineEnrichmentStages" name="test_received_to_needs_enrichment_allowed" time="0.000" /><testcase classname="tests.test_qoyod_legacy_adapter.TestStateMachineEnrichmentStages" name="test_needs_enrichment_to_validated" time="0.000" /><testcase classname="tests.test_qoyod_legacy_adapter.TestStateMachineEnrichmentStages" name="test_needs_enrichment_to_failed_enrichment" time="0.000" /><testcase classname="tests.test_qoyod_legacy_adapter.TestStateMachineEnrichmentStages" name="test_needs_enrichment_to_dead_letter" time="0.000" /><testcase classname="tests.test_qoyod_legacy_adapter.TestStateMachineEnrichmentStages" name="test_failed_enrichment_retry_resumes_from_received" time="0.000" /><testcase classname="tests.test_qoyod_legacy_adapter.TestStateMachineEnrichmentStages" name="test_failed_enrichment_to_retrying" time="0.000" /><testcase classname="tests.test_qoyod_legacy_adapter.TestStateMachineEnrichmentStages" name="test_retrying_to_received_resume_path" time="0.000" /><testcase classname="tests.test_qoyod_legacy_adapter.TestStateMachineEnrichmentStages" name="test_no_direct_failed_validation_to_needs_enrichment" time="0.000" /><testcase classname="tests.test_qoyod_legacy_adapter_http" name="test_skip_when_no_webhook_token_configured" time="0.004"><skipped type="pytest.skip" message="env token configured — 503 path unreachable">/app/backend/tests/test_qoyod_legacy_adapter_http.py:108: env token configured — 503 path unreachable</skipped></testcase><testcase classname="tests.test_qoyod_legacy_adapter_http" name="test_legacy_payload_with_items_progresses_past_received" time="0.035" /><testcase classname="tests.test_qoyod_legacy_adapter_http" name="test_missing_items_toggle_off_dead_letters_via_failed_validation" time="0.037" /><testcase classname="tests.test_qoyod_legacy_adapter_http" name="test_missing_items_toggle_on_routes_via_needs_enrichment" time="0.037" /><testcase classname="tests.test_qoyod_legacy_adapter_http" name="test_legacy_extras_persisted_for_audit" time="0.037" /><testcase classname="tests.test_qoyod_legacy_adapter_http" name="test_put_settings_round_trip_enrichment_fallback_enabled" time="0.387" /><testcase classname="tests.test_qoyod_migration.TestNormalisation" name="test_phone_local_to_e164" time="0.000" /><testcase classname="tests.test_qoyod_migration.TestNormalisation" name="test_phone_with_country_code" time="0.000" /><testcase classname="tests.test_qoyod_migration.TestNormalisation" name="test_phone_bare_5_prefix" time="0.000" /><testcase classname="tests.test_qoyod_migration.TestNormalisation" name="test_phone_with_spaces_and_dashes" time="0.000" /><testcase classname="tests.test_qoyod_migration.TestNormalisation" name="test_phone_empty_or_garbage" time="0.000" /><testcase classname="tests.test_qoyod_migration.TestNormalisation" name="test_sku_normalisation" time="0.000" /><testcase classname="tests.test_qoyod_migration.TestNormalisation" name="test_name_normalisation" time="0.000" /><testcase classname="tests.test_qoyod_migration.TestNormalisation" name="test_email_normalisation" time="0.000" /><testcase classname="tests.test_qoyod_migration.TestProductClassifier" name="test_sku_match_exact_auto_mapped" time="0.000" /><testcase classname="tests.test_qoyod_migration.TestProductClassifier" name="test_sku_match_with_name_diff_warning" time="0.000" /><testcase classname="tests.test_qoyod_migration.TestProductClassifier" name="test_sku_match_with_price_diff_warning" time="0.000" /><testcase classname="tests.test_qoyod_migration.TestProductClassifier" name="test_name_only_match_is_candidate_no_auto_mapping" time="0.000" /><testcase classname="tests.test_qoyod_migration.TestProductClassifier" name="test_no_match_is_unmapped" time="0.000" /><testcase classname="tests.test_qoyod_migration.TestCustomerClassifier" name="test_phone_match_auto_mapped" time="0.000" /><testcase classname="tests.test_qoyod_migration.TestCustomerClassifier" name="test_email_match_when_no_phone" time="0.000" /><testcase classname="tests.test_qoyod_migration.TestCustomerClassifier" name="test_name_only_is_candidate" time="0.000" /><testcase classname="tests.test_qoyod_migration.TestCustomerClassifier" name="test_no_match_unmapped" time="0.000" /><testcase classname="tests.test_qoyod_migration" name="test_import_qoyod_products_paginates_and_upserts" time="0.016" /><testcase classname="tests.test_qoyod_migration" name="test_import_qoyod_customers_paginates_and_upserts" time="0.016" /><testcase classname="tests.test_qoyod_migration" name="test_extract_mezan_products_from_order_items" time="0.015" /><testcase classname="tests.test_qoyod_migration" name="test_extract_mezan_products_carries_last_order_date" time="0.023" /><testcase classname="tests.test_qoyod_migration" name="test_extract_mezan_customers_dedupes_by_phone" time="0.023" /><testcase classname="tests.test_qoyod_migration" name="test_match_products_end_to_end" time="0.038" /><testcase classname="tests.test_qoyod_migration" name="test_match_customers_end_to_end" time="0.037" /><testcase classname="tests.test_qoyod_migration" name="test_run_migration_orchestrator_produces_report" time="0.074" /><testcase classname="tests.test_qoyod_migration" name="test_rerun_migration_does_not_duplicate" time="0.047" /><testcase classname="tests.test_qoyod_migration" name="test_confirm_candidate_upgrades_status" time="0.016" /><testcase classname="tests.test_qoyod_migration" name="test_migration_is_read_only_against_qoyod" time="0.054" /><testcase classname="tests.test_qoyod_migration" name="test_match_products_persists_last_order_date" time="0.045" /><testcase classname="tests.test_qoyod_migration" name="test_match_customers_persists_last_order_date" time="0.036" /><testcase classname="tests.test_qoyod_migration" name="test_last_order_date_does_not_change_mapping_decision" time="0.045" /><testcase classname="tests.test_qoyod_migration_http_iter256" name="test_run_returns_400_or_2xx_never_5xx" time="0.957" /><testcase classname="tests.test_qoyod_migration_http_iter256" name="test_status_endpoint_shape" time="0.110" /><testcase classname="tests.test_qoyod_migration_http_iter256" name="test_report_endpoint_shape" time="0.111" /><testcase classname="tests.test_qoyod_migration_http_iter256" name="test_products_list_pagination_and_filter" time="0.109" /><testcase classname="tests.test_qoyod_migration_http_iter256" name="test_customers_list_pagination_and_filter" time="0.109" /><testcase classname="tests.test_qoyod_migration_http_iter256" name="test_confirm_validation_400" time="0.106" /><testcase classname="tests.test_qoyod_migration_http_iter256" name="test_confirm_invalid_kind_404" time="0.112" /><testcase classname="tests.test_qoyod_migration_http_iter256" name="test_products_export_csv" time="0.109" /><testcase classname="tests.test_qoyod_migration_http_iter256" name="test_customers_export_csv" time="0.110" /><testcase classname="tests.test_qoyod_migration_http_iter256" name="test_openapi_lists_six_new_paths" time="0.101"><skipped type="pytest.skip" message="openapi.json not JSON via ingress (frontend catch-all)">/app/backend/tests/test_qoyod_migration_http_iter256.py:175: openapi.json not JSON via ingress (frontend catch-all)</skipped></testcase><testcase classname="tests.test_qoyod_migration_last_order_date_iter257" name="test_products_sort_by_last_order_date_desc" time="0.435" /><testcase classname="tests.test_qoyod_migration_last_order_date_iter257" name="test_products_sort_by_last_order_date_asc" time="0.124" /><testcase classname="tests.test_qoyod_migration_last_order_date_iter257" name="test_products_filter_last_order_after" time="0.121" /><testcase classname="tests.test_qoyod_migration_last_order_date_iter257" name="test_customers_sort_by_last_order_date_desc" time="0.112" /><testcase classname="tests.test_qoyod_migration_last_order_date_iter257" name="test_customers_filter_last_order_after" time="0.120" /><testcase classname="tests.test_qoyod_migration_last_order_date_iter257" name="test_products_csv_includes_last_order_date_header" time="0.122" /><testcase classname="tests.test_qoyod_migration_last_order_date_iter257" name="test_customers_csv_includes_last_order_date_header" time="0.102" /><testcase classname="tests.test_qoyod_migration_last_order_date_iter257" name="test_invalid_sort_key_rejected" time="0.138" /><testcase classname="tests.test_qoyod_monitor_archive" name="test_stats_buckets_each_pipeline_stage" time="0.006" /><testcase classname="tests.test_qoyod_monitor_archive" name="test_stats_empty_tenant_returns_zeros" time="0.003" /><testcase classname="tests.test_qoyod_monitor_archive" name="test_archive_refuses_without_confirm_token" time="0.001" /><testcase classname="tests.test_qoyod_monitor_archive" name="test_archive_accepts_canonical_token" time="0.004" /><testcase classname="tests.test_qoyod_monitor_archive" name="test_archive_only_touches_dry_run_failed_rows" time="0.006" /><testcase classname="tests.test_qoyod_monitor_archive" name="test_archive_idempotent_when_no_matches" time="0.005" /><testcase classname="tests.test_qoyod_monitor_archive" name="test_archive_does_not_leak_across_tenants" time="0.006" /><testcase classname="tests.test_qoyod_payment_method_aliases" name="test_provider_family_collapses_known_aliases" time="0.000" /><testcase classname="tests.test_qoyod_payment_method_aliases" name="test_provider_family_passthrough_for_canonical_keys" time="0.000" /><testcase classname="tests.test_qoyod_payment_method_aliases" name="test_provider_family_passthrough_for_unknown_keys" time="0.000" /><testcase classname="tests.test_qoyod_payment_method_aliases" name="test_provider_family_handles_empty_and_none" time="0.000" /><testcase classname="tests.test_qoyod_payment_method_aliases" name="test_resolver_direct_match_takes_priority" time="0.000" /><testcase classname="tests.test_qoyod_payment_method_aliases" name="test_resolver_falls_back_to_alias_family" time="0.000" /><testcase classname="tests.test_qoyod_payment_method_aliases" name="test_resolver_returns_none_when_neither_direct_nor_alias" time="0.000" /><testcase classname="tests.test_qoyod_payment_method_aliases" name="test_resolver_ignores_blank_account_ids" time="0.000" /><testcase classname="tests.test_qoyod_payment_method_aliases" name="test_resolver_is_case_insensitive_and_whitespace_tolerant" time="0.000" /><testcase classname="tests.test_qoyod_payment_method_aliases" name="test_explain_returns_full_breakdown" time="0.000" /><testcase classname="tests.test_qoyod_payment_method_aliases" name="test_preflight_passes_when_variant_resolves_via_alias" time="0.000" /><testcase classname="tests.test_qoyod_payment_method_aliases" name="test_preflight_fails_for_unmapped_variant_with_no_alias_fallback" time="0.000" /><testcase classname="tests.test_qoyod_payment_method_aliases" name="test_setup_validation_treats_variant_as_mapped_via_alias" time="0.001" /><testcase classname="tests.test_qoyod_qydgo_clear_failures_persistence" name="test_pre_go_live_no_failures_count" time="0.004" /><testcase classname="tests.test_qoyod_qydgo_clear_failures_persistence" name="test_post_go_live_pre_activation_rows_ignored" time="0.004" /><testcase classname="tests.test_qoyod_qydgo_clear_failures_persistence" name="test_post_go_live_post_activation_production_failures_block" time="0.004" /><testcase classname="tests.test_qoyod_qydgo_clear_failures_persistence" name="test_refresh_stability_pre_go_live" time="0.005" /><testcase classname="tests.test_qoyod_qydgo_clear_failures_persistence" name="test_legacy_activated_at_field_works" time="0.004" /><testcase classname="tests.test_qoyod_runtime_ssot_isolation" name="test_runtime_modules_do_not_reference_migration_collections" time="0.031" /><testcase classname="tests.test_qoyod_salla_order_statuses" name="test_endpoint_returns_salla_statuses_when_api_succeeds" time="0.007" /><testcase classname="tests.test_qoyod_salla_order_statuses" name="test_endpoint_falls_back_to_observed_statuses_when_salla_unavailable" time="0.001" /><testcase classname="tests.test_qoyod_salla_order_statuses" name="test_status_storage_uses_slug_not_arabic_text" time="0.000" /><testcase classname="tests.test_qoyod_setup_validation" name="test_canonical_catalogue_contains_all_user_required_methods" time="0.000" /><testcase classname="tests.test_qoyod_setup_validation" name="test_validate_blocks_missing_tax_but_branch_is_warning" time="0.001" /><testcase classname="tests.test_qoyod_setup_validation" name="test_validate_passes_when_minimal_setup_present" time="0.000" /><testcase classname="tests.test_qoyod_setup_validation" name="test_validate_blocks_used_method_without_mapping" time="0.000" /><testcase classname="tests.test_qoyod_setup_validation" name="test_validate_inventory_mode_requires_inventory_and_cost_accounts" time="0.000" /><testcase classname="tests.test_qoyod_setup_validation" name="test_validate_service_mode_does_not_require_inventory_accounts" time="0.000" /><testcase classname="tests.test_qoyod_setup_validation" name="test_collect_used_payment_methods_normalises_native_arabic" time="0.000" /><testcase classname="tests.test_qoyod_setup_validation" name="test_collect_used_payment_methods_counts_grouped_by_canonical_key" time="0.000" /><testcase classname="tests.test_qoyod_setup_validation" name="test_validate_partial_mapping_row_counts_as_unmapped" time="0.000" /><testcase classname="tests.test_qoyod_state_machine" name="test_happy_path_locked_to_ten_stages" time="0.000" /><testcase classname="tests.test_qoyod_state_machine" name="test_failure_stages_match_user_spec" time="0.000" /><testcase classname="tests.test_qoyod_state_machine" name="test_all_stages_includes_skipped_and_retrying" time="0.000" /><testcase classname="tests.test_qoyod_state_machine" name="test_terminal_stages_are_completed_skipped_deadletter_partial" time="0.000" /><testcase classname="tests.test_qoyod_state_machine" name="test_is_valid_stage_rejects_unknown" time="0.000" /><testcase classname="tests.test_qoyod_state_machine" name="test_happy_path_is_fully_connected" time="0.000" /><testcase classname="tests.test_qoyod_state_machine" name="test_happy_path_cannot_skip_stages" time="0.000" /><testcase classname="tests.test_qoyod_state_machine" name="test_every_failure_stage_reachable_from_correct_step" time="0.000" /><testcase classname="tests.test_qoyod_state_machine" name="test_failure_to_retrying_to_resume_loop" time="0.000" /><testcase classname="tests.test_qoyod_state_machine" name="test_failure_can_be_killed_to_deadletter" time="0.000" /><testcase classname="tests.test_qoyod_state_machine" name="test_terminal_stages_have_only_auto_requeue_outbound" time="0.000" /><testcase classname="tests.test_qoyod_state_machine" name="test_any_prefinal_stage_can_be_skipped" time="0.000" /><testcase classname="tests.test_qoyod_state_machine" name="test_transition_returns_set_and_push" time="0.000" /><testcase classname="tests.test_qoyod_state_machine" name="test_transition_with_note_and_error_payload" time="0.000" /><testcase classname="tests.test_qoyod_state_machine" name="test_transition_rejects_invalid_edge" time="0.000" /><testcase classname="tests.test_qoyod_state_machine" name="test_transition_increments_attempts_only_on_retry_resume" time="0.000" /><testcase classname="tests.test_qoyod_state_machine" name="test_initial_history_entry_records_creation" time="0.000" /><testcase classname="tests.test_qoyod_state_machine" name="test_resume_target_unknown_failure_raises" time="0.000" /><testcase classname="tests.test_qoyod_state_machine" name="test_audit_pipeline_started_at_set_on_first_hop_out_of_new" time="0.000" /><testcase classname="tests.test_qoyod_state_machine" name="test_audit_pipeline_started_at_not_set_on_other_transitions" time="0.000" /><testcase classname="tests.test_qoyod_state_machine" name="test_audit_finished_at_on_terminal_stages" time="0.000" /><testcase classname="tests.test_qoyod_state_machine" name="test_audit_last_success_stage_tracks_happy_path_only" time="0.000" /><testcase classname="tests.test_qoyod_state_machine" name="test_audit_last_failed_stage_tracks_failures" time="0.000" /><testcase classname="tests.test_qoyod_state_machine" name="test_walks_full_happy_path_via_transition" time="0.000" /><testcase classname="tests.test_qoyod_state_machine" name="test_retry_loop_then_complete" time="0.000" /><testcase classname="tests.test_qoyod_webhook_token.TestGenerateToken" name="test_token_has_prefix_and_strong_length" time="0.000" /><testcase classname="tests.test_qoyod_webhook_token.TestGenerateToken" name="test_token_is_unique_each_call" time="0.000" /><testcase classname="tests.test_qoyod_webhook_token.TestGenerateToken" name="test_fingerprint_is_short_and_deterministic" time="0.000" /><testcase classname="tests.test_qoyod_webhook_token" name="test_save_returns_metadata_only_no_plaintext" time="0.014" /><testcase classname="tests.test_qoyod_webhook_token" name="test_save_then_get_round_trip" time="0.015" /><testcase classname="tests.test_qoyod_webhook_token" name="test_get_meta_never_exposes_plaintext" time="0.015" /><testcase classname="tests.test_qoyod_webhook_token" name="test_meta_returns_none_when_not_configured" time="0.004" /><testcase classname="tests.test_qoyod_webhook_token" name="test_rotate_replaces_previous_token" time="0.015" /><testcase classname="tests.test_qoyod_webhook_token" name="test_revoke_hides_token_from_get_and_verify" time="0.015" /><testcase classname="tests.test_qoyod_webhook_token" name="test_verify_db_token_succeeds" time="0.015" /><testcase classname="tests.test_qoyod_webhook_token" name="test_verify_wrong_token_fails" time="0.015" /><testcase classname="tests.test_qoyod_webhook_token" name="test_verify_falls_back_to_env_when_no_db_token" time="0.007" /><testcase classname="tests.test_qoyod_webhook_token" name="test_db_token_takes_precedence_over_env" time="0.016" /><testcase classname="tests.test_qoyod_webhook_token" name="test_verify_returns_false_on_empty_provided" time="0.004" /><testcase classname="tests.test_qoyod_webhook_token" name="test_verify_records_last_verified_at" time="0.017" /><testcase classname="tests.test_qoyod_webhook_token" name="test_revoke_returns_false_when_already_revoked" time="0.015" /><testcase classname="tests.test_qoyod_webhook_token" name="test_webhook_verifier_uses_db_token_when_present" time="0.016" /><testcase classname="tests.test_qoyod_webhook_token" name="test_webhook_verifier_falls_back_to_env_when_db_empty" time="0.005" /><testcase classname="tests.test_qoyod_webhook_token" name="test_webhook_verifier_503_when_nothing_configured" time="0.004" /><testcase classname="tests.test_qoyod_webhook_token_http_iter258" name="test_status_empty_then_generate_then_status_configured" time="0.495" /><testcase classname="tests.test_qoyod_webhook_token_http_iter258" name="test_regenerate_rotates_token_and_returns_different_plaintext" time="0.132" /><testcase classname="tests.test_qoyod_webhook_token_http_iter258" name="test_delete_revokes_then_status_unconfigured" time="0.131" /><testcase classname="tests.test_qoyod_webhook_token_http_iter258" name="test_webhook_accepts_new_db_token_rejects_env_token" time="0.267" /><testcase classname="tests.test_qoyod_webhook_token_http_iter258" name="test_unauth_status_blocked" time="0.163" /><testcase classname="tests.test_qoyod_worker_and_stuck" name="test_is_stuck_returns_none_for_completed_rows" time="0.000" /><testcase classname="tests.test_qoyod_worker_and_stuck" name="test_is_stuck_returns_none_for_dead_letter_rows" time="0.000" /><testcase classname="tests.test_qoyod_worker_and_stuck" name="test_is_stuck_returns_none_when_under_threshold" time="0.000" /><testcase classname="tests.test_qoyod_worker_and_stuck" name="test_is_stuck_detects_normalized_row_past_threshold" time="0.000" /><testcase classname="tests.test_qoyod_worker_and_stuck" name="test_is_stuck_works_for_all_waiting_stages" time="0.000" /><testcase classname="tests.test_qoyod_worker_and_stuck" name="test_is_stuck_uses_iso_string_timestamps_too" time="0.000" /><testcase classname="tests.test_qoyod_worker_and_stuck" name="test_is_stuck_handles_naive_datetime" time="0.000" /><testcase classname="tests.test_qoyod_worker_and_stuck" name="test_worker_module_imports_cleanly" time="0.000" /><testcase classname="tests.test_qoyod_worker_and_stuck" name="test_worker_liveness_returns_expected_shape" time="0.002" /></testsuite></testsuites>