<?xml version="1.0" encoding="utf-8"?><testsuites name="pytest tests"><testsuite name="pytest" errors="0" failures="0" skipped="0" tests="10" time="2.883" timestamp="2026-06-30T19:46:17.970475+00:00" hostname="agent-env-f5e6b93a-68a2-4155-84ad-e55b4fa936d3"><testcase classname="tests.test_qoyod_write_lock_iter293_4_http.TestSettingsToggle" name="test_put_lock_true_persists" time="0.765" /><testcase classname="tests.test_qoyod_write_lock_iter293_4_http.TestSettingsToggle" name="test_put_lock_false_persists" time="0.207" /><testcase classname="tests.test_qoyod_write_lock_iter293_4_http.TestSettingsToggle" name="test_put_lock_toggle_back_true" time="0.104" /><testcase classname="tests.test_qoyod_write_lock_iter293_4_http.TestSettingsToggle" name="test_put_rejects_unknown_field" time="0.103" /><testcase classname="tests.test_qoyod_write_lock_iter293_4_http.TestWriteLockReport" name="test_report_when_locked_true" time="0.220" /><testcase classname="tests.test_qoyod_write_lock_iter293_4_http.TestWriteLockReport" name="test_report_when_explicit_false" time="0.227" /><testcase classname="tests.test_qoyod_write_lock_iter293_4_http.TestPreviewReprocessUnaffectedByLock" name="test_preview_returns_safety_summary_when_locked" time="0.225" /><testcase classname="tests.test_qoyod_write_lock_iter293_4_http.TestTestConnectionUnaffected" name="test_test_connection_when_locked" time="0.802" /><testcase classname="tests.test_qoyod_write_lock_iter293_4_http.TestApiClientEnforcement" name="test_write_blocked_no_httpx_call" time="0.004" /><testcase classname="tests.test_qoyod_write_lock_iter293_4_http.TestApiClientEnforcement" name="test_read_not_blocked" time="0.133" /></testsuite></testsuites>