<?xml version="1.0" encoding="utf-8"?><testsuites name="pytest tests"><testsuite name="pytest" errors="0" failures="0" skipped="0" tests="9" time="2.421" timestamp="2026-06-23T14:55:34.406710+00:00" hostname="agent-env-f5e6b93a-68a2-4155-84ad-e55b4fa936d3"><testcase classname="tests.test_iter251_v8_http_calendar" name="test_01_rebuild_with_inconsistent_widths_picks_median" time="0.501" /><testcase classname="tests.test_iter251_v8_http_calendar" name="test_02_calendar_get_returns_rows" time="0.113" /><testcase classname="tests.test_iter251_v8_http_calendar" name="test_03_audit_returns_correct_match_types" time="0.114" /><testcase classname="tests.test_iter251_v8_http_calendar" name="test_04_diagnose_returns_samples_with_metadata" time="0.106" /><testcase classname="tests.test_iter251_v8_http_calendar" name="test_05_single_registered_template_propagates_to_derived" time="0.229" /><testcase classname="tests.test_iter251_v8_http_calendar" name="test_06_stale_derived_row_cleanup" time="0.217" /><testcase classname="tests.test_iter251_v8_http_calendar" name="test_07_manual_entry_is_protected_from_rebuild" time="0.531" /><testcase classname="tests.test_iter251_v8_http_calendar" name="test_08_generate_flag_enforcement_and_dry_run" time="0.209" /><testcase classname="tests.test_iter251_v8_http_calendar" name="test_09_dry_run_details_uses_calendar_real_bnpl" time="0.230" /></testsuite></testsuites>