<?xml version="1.0" encoding="utf-8"?><testsuites name="pytest tests"><testsuite name="pytest" errors="0" failures="0" skipped="0" tests="37" time="59.376" timestamp="2026-05-31T21:45:34.484617+00:00" hostname="agent-env-f5e6b93a-68a2-4155-84ad-e55b4fa936d3"><testcase classname="backend.tests.test_unified_ads_report" name="test_unified_ads_empty_shape" time="0.492" /><testcase classname="backend.tests.test_unified_ads_report" name="test_unified_ads_picks_up_snapchat_daily_costs" time="0.562" /><testcase classname="backend.tests.test_unified_ads_report" name="test_unified_ads_picks_up_tiktok_webhook" time="0.758" /><testcase classname="backend.tests.test_unified_ads_report" name="test_unified_ads_date_range_filtering" time="0.690" /><testcase classname="backend.tests.test_unified_ads_report" name="test_unified_ads_combined_math" time="0.955" /><testcase classname="backend.tests.test_operating_expenses" name="test_salary_create_list_get" time="0.588" /><testcase classname="backend.tests.test_operating_expenses" name="test_salary_update_and_delete" time="0.775" /><testcase classname="backend.tests.test_operating_expenses" name="test_salary_invalid_category_rejected" time="0.490" /><testcase classname="backend.tests.test_operating_expenses" name="test_salary_country_field_persists_and_breakdown" time="0.894" /><testcase classname="backend.tests.test_operating_expenses" name="test_salary_edit_full_record_persists" time="0.551" /><testcase classname="backend.tests.test_operating_expenses" name="test_rental_create_and_validation" time="0.944" /><testcase classname="backend.tests.test_operating_expenses" name="test_daily_expense_crud" time="0.667" /><testcase classname="backend.tests.test_operating_expenses" name="test_summary_aggregates_categories" time="1.233" /><testcase classname="backend.tests.test_operating_expenses" name="test_report_daily_monthly_yearly" time="0.671" /><testcase classname="backend.tests.test_operating_expenses" name="test_stopped_salary_not_in_daily" time="0.604" /><testcase classname="backend.tests.test_operating_expenses" name="test_dashboard_includes_operating_expenses" time="0.548" /><testcase classname="backend.tests.test_operating_expenses" name="test_net_sales_config_deduct_operating_expenses" time="0.651" /><testcase classname="backend.tests.test_operating_expenses" name="test_prepaid_crud_and_math" time="1.018" /><testcase classname="backend.tests.test_operating_expenses" name="test_prepaid_summary_and_by_type" time="0.770" /><testcase classname="backend.tests.test_operating_expenses" name="test_prepaid_in_dashboard_and_report" time="0.679" /><testcase classname="backend.tests.test_operating_expenses" name="test_prepaid_expired_status_excluded" time="0.578" /><testcase classname="backend.tests.test_no_date_fallback" name="test_webhook_without_created_at_uses_today_as_inferred" time="0.705" /><testcase classname="backend.tests.test_no_date_fallback" name="test_inferred_order_appears_in_dashboard_for_current_month" time="0.676" /><testcase classname="backend.tests.test_no_date_fallback" name="test_authoritative_date_overrides_inferred" time="36.985" /><testcase classname="backend.tests.test_no_date_fallback" name="test_stats_exposes_inferred_count" time="0.941" /><testcase classname="backend.tests.test_no_date_fallback" name="test_order_with_correct_created_at_lands_in_right_month" time="0.757" /><testcase classname="backend.tests.test_net_sales_config" name="test_default_net_sales_config_is_exposed" time="0.437" /><testcase classname="backend.tests.test_net_sales_config" name="test_net_sales_config_persists_and_reads_back" time="0.654" /><testcase classname="backend.tests.test_net_sales_config" name="test_dashboard_returns_net_sales" time="0.442" /><testcase classname="backend.tests.test_net_sales_config" name="test_dashboard_net_sales_reflects_custom_config" time="1.215" /><testcase classname="backend.tests.test_meta_friendly_errors.TestMetaTestConnection" name="test_invalid_token_returns_friendly_arabic" time="0.617" /><testcase classname="backend.tests.test_meta_friendly_errors.TestMetaTestConnection" name="test_invalid_token_does_not_save" time="0.113" /><testcase classname="backend.tests.test_meta_friendly_errors.TestMetaTestConnection" name="test_bad_ad_account_id_returns_arabic" time="0.105" /><testcase classname="backend.tests.test_meta_friendly_errors.TestMetaSyncErrors" name="test_sync_without_connection" time="0.109" /><testcase classname="backend.tests.test_meta_friendly_errors.TestMetaStatusFields" name="test_meta_config_has_status_fields_when_connected" time="0.121" /><testcase classname="backend.tests.test_meta_friendly_errors.TestMetaStatusFields" name="test_dashboard_meta_summary_has_status_fields" time="0.098" /><testcase classname="backend.tests.test_meta_friendly_errors.TestNoRawJsonLeakage" name="test_no_raw_oauth_exception_anywhere" time="0.196" /></testsuite></testsuites>