<?xml version="1.0" encoding="utf-8"?><testsuites name="pytest tests"><testsuite name="pytest" errors="0" failures="0" skipped="0" tests="31" time="0.914" timestamp="2026-06-26T02:37:17.348157+00:00" hostname="agent-env-f5e6b93a-68a2-4155-84ad-e55b4fa936d3"><testcase classname="tests.test_qoyod_migration.TestNormalisation" name="test_phone_local_to_e164" time="0.001" /><testcase classname="tests.test_qoyod_migration.TestNormalisation" name="test_phone_with_country_code" time="0.000" /><testcase classname="tests.test_qoyod_migration.TestNormalisation" name="test_phone_bare_5_prefix" time="0.000" /><testcase classname="tests.test_qoyod_migration.TestNormalisation" name="test_phone_with_spaces_and_dashes" time="0.000" /><testcase classname="tests.test_qoyod_migration.TestNormalisation" name="test_phone_empty_or_garbage" time="0.000" /><testcase classname="tests.test_qoyod_migration.TestNormalisation" name="test_sku_normalisation" time="0.000" /><testcase classname="tests.test_qoyod_migration.TestNormalisation" name="test_name_normalisation" time="0.000" /><testcase classname="tests.test_qoyod_migration.TestNormalisation" name="test_email_normalisation" time="0.000" /><testcase classname="tests.test_qoyod_migration.TestProductClassifier" name="test_sku_match_exact_auto_mapped" time="0.000" /><testcase classname="tests.test_qoyod_migration.TestProductClassifier" name="test_sku_match_with_name_diff_warning" time="0.000" /><testcase classname="tests.test_qoyod_migration.TestProductClassifier" name="test_sku_match_with_price_diff_warning" time="0.000" /><testcase classname="tests.test_qoyod_migration.TestProductClassifier" name="test_name_only_match_is_candidate_no_auto_mapping" time="0.000" /><testcase classname="tests.test_qoyod_migration.TestProductClassifier" name="test_no_match_is_unmapped" time="0.000" /><testcase classname="tests.test_qoyod_migration.TestCustomerClassifier" name="test_phone_match_auto_mapped" time="0.000" /><testcase classname="tests.test_qoyod_migration.TestCustomerClassifier" name="test_email_match_when_no_phone" time="0.000" /><testcase classname="tests.test_qoyod_migration.TestCustomerClassifier" name="test_name_only_is_candidate" time="0.000" /><testcase classname="tests.test_qoyod_migration.TestCustomerClassifier" name="test_no_match_unmapped" time="0.000" /><testcase classname="tests.test_qoyod_migration" name="test_import_qoyod_products_paginates_and_upserts" time="0.020" /><testcase classname="tests.test_qoyod_migration" name="test_import_qoyod_customers_paginates_and_upserts" time="0.014" /><testcase classname="tests.test_qoyod_migration" name="test_extract_mezan_products_from_order_items" time="0.014" /><testcase classname="tests.test_qoyod_migration" name="test_extract_mezan_products_carries_last_order_date" time="0.023" /><testcase classname="tests.test_qoyod_migration" name="test_extract_mezan_customers_dedupes_by_phone" time="0.024" /><testcase classname="tests.test_qoyod_migration" name="test_match_products_end_to_end" time="0.035" /><testcase classname="tests.test_qoyod_migration" name="test_match_customers_end_to_end" time="0.035" /><testcase classname="tests.test_qoyod_migration" name="test_run_migration_orchestrator_produces_report" time="0.074" /><testcase classname="tests.test_qoyod_migration" name="test_rerun_migration_does_not_duplicate" time="0.044" /><testcase classname="tests.test_qoyod_migration" name="test_confirm_candidate_upgrades_status" time="0.014" /><testcase classname="tests.test_qoyod_migration" name="test_migration_is_read_only_against_qoyod" time="0.055" /><testcase classname="tests.test_qoyod_migration" name="test_match_products_persists_last_order_date" time="0.139" /><testcase classname="tests.test_qoyod_migration" name="test_match_customers_persists_last_order_date" time="0.068" /><testcase classname="tests.test_qoyod_migration" name="test_last_order_date_does_not_change_mapping_decision" time="0.239" /></testsuite></testsuites>