<?xml version="1.0" encoding="utf-8"?><testsuites name="pytest tests"><testsuite name="pytest" errors="0" failures="0" skipped="0" tests="3" time="1.388" timestamp="2026-06-03T23:46:54.250957+00:00" hostname="agent-env-f5e6b93a-68a2-4155-84ad-e55b4fa936d3"><testcase classname="backend.tests.test_app_config_iter52" name="test_public_login_config_does_not_require_auth" time="0.004" /><testcase classname="backend.tests.test_app_config_iter52" name="test_owner_can_read_and_toggle_show_register_link" time="0.643" /><testcase classname="backend.tests.test_app_config_iter52" name="test_non_owner_cannot_read_or_update_app_config" time="0.687" /></testsuite></testsuites>