<?xml version="1.0" encoding="utf-8"?><testsuites name="pytest tests"><testsuite name="pytest" errors="0" failures="0" skipped="0" tests="5" time="1.445" timestamp="2026-06-26T03:18:59.713769+00:00" hostname="agent-env-f5e6b93a-68a2-4155-84ad-e55b4fa936d3"><testcase classname="tests.test_qoyod_webhook_token_http_iter258" name="test_status_empty_then_generate_then_status_configured" time="0.601" /><testcase classname="tests.test_qoyod_webhook_token_http_iter258" name="test_regenerate_rotates_token_and_returns_different_plaintext" time="0.152" /><testcase classname="tests.test_qoyod_webhook_token_http_iter258" name="test_delete_revokes_then_status_unconfigured" time="0.148" /><testcase classname="tests.test_qoyod_webhook_token_http_iter258" name="test_webhook_accepts_new_db_token_rejects_env_token" time="0.279" /><testcase classname="tests.test_qoyod_webhook_token_http_iter258" name="test_unauth_status_blocked" time="0.192" /></testsuite></testsuites>