<?xml version="1.0" encoding="utf-8"?><testsuites name="pytest tests"><testsuite name="pytest" errors="0" failures="0" skipped="0" tests="7" time="1.761" timestamp="2026-05-31T20:51:42.759206+00:00" hostname="agent-env-f5e6b93a-68a2-4155-84ad-e55b4fa936d3"><testcase classname="backend.tests.test_meta_friendly_errors.TestMetaTestConnection" name="test_invalid_token_returns_friendly_arabic" time="0.867" /><testcase classname="backend.tests.test_meta_friendly_errors.TestMetaTestConnection" name="test_invalid_token_does_not_save" time="0.114" /><testcase classname="backend.tests.test_meta_friendly_errors.TestMetaTestConnection" name="test_bad_ad_account_id_returns_arabic" time="0.116" /><testcase classname="backend.tests.test_meta_friendly_errors.TestMetaSyncErrors" name="test_sync_without_connection" time="0.107" /><testcase classname="backend.tests.test_meta_friendly_errors.TestMetaStatusFields" name="test_meta_config_has_status_fields_when_connected" time="0.124" /><testcase classname="backend.tests.test_meta_friendly_errors.TestMetaStatusFields" name="test_dashboard_meta_summary_has_status_fields" time="0.118" /><testcase classname="backend.tests.test_meta_friendly_errors.TestNoRawJsonLeakage" name="test_no_raw_oauth_exception_anywhere" time="0.253" /></testsuite></testsuites>