<?xml version="1.0" encoding="utf-8"?><testsuites name="pytest tests"><testsuite name="pytest" errors="0" failures="1" skipped="0" tests="62" time="20.314" timestamp="2026-06-01T00:23:08.188981+00:00" hostname="agent-env-f5e6b93a-68a2-4155-84ad-e55b4fa936d3"><testcase classname="backend.tests.test_snapchat.TestSnapchatAuth" name="test_config_requires_auth" time="0.166" /><testcase classname="backend.tests.test_snapchat.TestSnapchatAuth" name="test_authorize_requires_auth" time="0.112" /><testcase classname="backend.tests.test_snapchat.TestSnapchatAuth" name="test_adaccounts_requires_auth" time="0.104" /><testcase classname="backend.tests.test_snapchat.TestSnapchatAuth" name="test_daily_spend_requires_auth" time="0.102" /><testcase classname="backend.tests.test_snapchat.TestSnapchatConfig" name="test_get_config_empty" time="0.427" /><testcase classname="backend.tests.test_snapchat.TestSnapchatConfig" name="test_post_config_saves" time="0.256" /><testcase classname="backend.tests.test_snapchat.TestSnapchatConfig" name="test_post_config_validation" time="0.121" /><testcase classname="backend.tests.test_snapchat.TestSnapchatConfig" name="test_user_isolation" time="0.441" /><testcase classname="backend.tests.test_snapchat.TestAuthorizeUrl" name="test_authorize_url_requires_config" time="0.116" /><testcase classname="backend.tests.test_snapchat.TestAuthorizeUrl" name="test_authorize_url_ok" time="0.106" /><testcase classname="backend.tests.test_snapchat.TestOAuthCallback" name="test_callback_missing_params" time="0.125" /><testcase classname="backend.tests.test_snapchat.TestOAuthCallback" name="test_callback_invalid_state" time="0.111" /><testcase classname="backend.tests.test_snapchat.TestOAuthCallback" name="test_callback_oauth_error" time="0.131" /><testcase classname="backend.tests.test_snapchat.TestSnapchatData" name="test_adaccounts_no_connection" time="0.118" /><testcase classname="backend.tests.test_snapchat.TestSnapchatData" name="test_adaccounts_config_no_refresh" time="0.107" /><testcase classname="backend.tests.test_snapchat.TestSnapchatData" name="test_daily_spend_no_connection" time="0.126" /><testcase classname="backend.tests.test_snapchat.TestSnapchatData" name="test_daily_spend_invalid_date" time="0.132" /><testcase classname="backend.tests.test_snapchat.TestSnapchatData" name="test_select_adaccount_requires_connection" time="0.115" /><testcase classname="backend.tests.test_snapchat.TestSnapchatDisconnect" name="test_disconnect" time="0.231" /><testcase classname="backend.tests.test_snapchat_summary" name="test_summary_empty_account_returns_zeros" time="0.450" /><testcase classname="backend.tests.test_snapchat_summary" name="test_summary_includes_snapchat_spend_and_orders" time="0.801" /><testcase classname="backend.tests.test_snapchat_summary" name="test_summary_history_has_30_days" time="0.471" /><testcase classname="backend.tests.test_snapchat_summary" name="test_summary_respects_hide_inferred_toggle" time="0.983" /><testcase classname="backend.tests.test_snapchat_daily_spend" name="test_malformed_date_picker_output_rejected" time="0.461" /><testcase classname="backend.tests.test_snapchat_daily_spend" name="test_empty_date_rejected" time="0.439" /><testcase classname="backend.tests.test_snapchat_daily_spend" name="test_impossible_calendar_date_rejected" time="0.445" /><testcase classname="backend.tests.test_snapchat_daily_spend" name="test_alternate_separators_rejected" time="0.906" /><testcase classname="backend.tests.test_snapchat_daily_spend" name="test_well_formed_date_passes_validation_layer" time="0.460" /><testcase classname="backend.tests.test_snapchat_daily_spend" name="test_select_adaccount_accepts_timezone" time="0.444" /><testcase classname="backend.tests.test_snapchat_daily_spend" name="test_unit_iso_format_start_of_day" time="0.003" /><testcase classname="backend.tests.test_snapchat_daily_spend" name="test_bulk_endpoint_validates_days_range" time="0.770" /><testcase classname="backend.tests.test_snapchat_daily_spend" name="test_bulk_endpoint_requires_snap_connection" time="0.441" /><testcase classname="backend.tests.test_snapchat_bulk_range" name="test_bulk_rejects_invalid_dates_first" time="0.493" /><testcase classname="backend.tests.test_snapchat_bulk_range" name="test_bulk_requires_connection" time="0.441" /><testcase classname="backend.tests.test_snapchat_bulk_range" name="test_bulk_accepts_days_fallback" time="0.450" /><testcase classname="backend.tests.test_snapchat_bulk_range" name="test_snapchat_summary_returns_last_fetched_at_field" time="0.467" /><testcase classname="backend.tests.test_snapchat_pixel_source" name="test_summary_uses_snapchat_pixel_when_present" time="0.447" /><testcase classname="backend.tests.test_snapchat_pixel_source" name="test_summary_falls_back_to_store_when_no_pixel_data" time="0.652" /><testcase classname="backend.tests.test_snapchat_pixel_source" name="test_pixel_data_takes_priority_over_store_data" time="0.695" /><testcase classname="backend.tests.test_snap_currency_conversion" name="test_to_sar_usd_converts_at_peg" time="0.000"><failure message="ModuleNotFoundError: No module named 'snapchat_routes'">backend/tests/test_snap_currency_conversion.py:8: in test_to_sar_usd_converts_at_peg
    from snapchat_routes import _build_router  # noqa: F401
    ^^^^^^^^^^^^^^^^^^^^^^^^^^^^^^^^^^^^^^^^^
E   ModuleNotFoundError: No module named 'snapchat_routes'</failure></testcase><testcase classname="backend.tests.test_snap_currency_conversion" name="test_to_sar_sar_passthrough" time="0.000" /><testcase classname="backend.tests.test_snap_currency_conversion" name="test_to_sar_unknown_currency_passthrough_rate1" time="0.000" /><testcase classname="backend.tests.test_meta_token_exchange.TestExchangeTokenValidation" name="test_empty_token_returns_friendly_arabic" time="0.425" /><testcase classname="backend.tests.test_meta_token_exchange.TestExchangeTokenValidation" name="test_too_short_token_returns_friendly_arabic" time="0.116" /><testcase classname="backend.tests.test_meta_token_exchange.TestExchangeTokenValidation" name="test_missing_app_creds_returns_friendly_arabic" time="0.129" /><testcase classname="backend.tests.test_meta_token_exchange.TestExchangeTokenValidation" name="test_bad_ad_account_id_returns_friendly_arabic" time="0.100" /><testcase classname="backend.tests.test_meta_token_exchange.TestExchangeTokenValidation" name="test_fake_creds_returns_classified_meta_error" time="0.217" /><testcase classname="backend.tests.test_meta_token_exchange.TestMetaConfigExposesTokenExpiry" name="test_config_response_shape" time="0.112" /><testcase classname="backend.tests.test_meta_friendly_errors.TestMetaTestConnection" name="test_invalid_token_returns_friendly_arabic" time="0.560" /><testcase classname="backend.tests.test_meta_friendly_errors.TestMetaTestConnection" name="test_invalid_token_does_not_save" time="0.153" /><testcase classname="backend.tests.test_meta_friendly_errors.TestMetaTestConnection" name="test_bad_ad_account_id_returns_arabic" time="0.104" /><testcase classname="backend.tests.test_meta_friendly_errors.TestMetaSyncErrors" name="test_sync_without_connection" time="0.123" /><testcase classname="backend.tests.test_meta_friendly_errors.TestMetaStatusFields" name="test_meta_config_has_status_fields_when_connected" time="0.113" /><testcase classname="backend.tests.test_meta_friendly_errors.TestMetaStatusFields" name="test_dashboard_meta_summary_has_status_fields" time="0.108" /><testcase classname="backend.tests.test_meta_friendly_errors.TestNoRawJsonLeakage" name="test_no_raw_oauth_exception_anywhere" time="0.186" /><testcase classname="backend.tests.test_snapchat_multi_account.TestSelectedAccountsCRUD" name="test_empty_by_default" time="0.433" /><testcase classname="backend.tests.test_snapchat_multi_account.TestSelectedAccountsCRUD" name="test_put_two_accounts_persists" time="0.570" /><testcase classname="backend.tests.test_snapchat_multi_account.TestSelectedAccountsCRUD" name="test_put_then_remove_one_disables_not_deletes" time="0.634" /><testcase classname="backend.tests.test_snapchat_multi_account.TestSelectedAccountsCRUD" name="test_put_empty_disables_all" time="0.706" /><testcase classname="backend.tests.test_snapchat_multi_account.TestAccountsSummary" name="test_empty_returns_zero_totals" time="0.440" /><testcase classname="backend.tests.test_snapchat_multi_account.TestAccountsSummary" name="test_summary_aggregates_seeded_account_daily_rows" time="0.558" /><testcase classname="backend.tests.test_snapchat_multi_account.TestSyncAllValidation" name="test_sync_all_without_connection_returns_arabic" time="0.451" /></testsuite></testsuites>