<?xml version="1.0" encoding="utf-8"?><testsuites name="pytest tests"><testsuite name="pytest" errors="0" failures="0" skipped="0" tests="6" time="1.996" timestamp="2026-06-25T01:29:57.643191+00:00" hostname="agent-env-f5e6b93a-68a2-4155-84ad-e55b4fa936d3"><testcase classname="backend.tests.test_ads_v2_auto_reconcile" name="test_compute_match_status_all_branches" time="0.001" /><testcase classname="backend.tests.test_ads_v2_auto_reconcile" name="test_auto_reconcile_bulk_endpoint_returns_counts" time="0.784" /><testcase classname="backend.tests.test_ads_v2_auto_reconcile" name="test_auto_reconcile_requires_dates" time="0.044" /><testcase classname="backend.tests.test_ads_v2_auto_reconcile" name="test_auto_reconcile_single_day_does_not_modify_spend_native" time="0.722" /><testcase classname="backend.tests.test_ads_v2_auto_reconcile" name="test_reconciliation_report_exposes_match_status" time="0.046" /><testcase classname="backend.tests.test_ads_v2_auto_reconcile" name="test_auto_reconcile_does_not_write_general_ledger" time="0.361" /></testsuite></testsuites>