<?xml version="1.0" encoding="utf-8"?><testsuites name="pytest tests"><testsuite name="pytest" errors="0" failures="0" skipped="0" tests="7" time="0.749" timestamp="2026-06-06T22:49:26.700485+00:00" hostname="agent-env-f5e6b93a-68a2-4155-84ad-e55b4fa936d3"><testcase classname="backend.tests.test_status_refunds_iter82" name="test_tamara_refunds_excluded_from_net" time="0.532" /><testcase classname="backend.tests.test_status_refunds_iter82" name="test_tabby_refunds_excluded_from_net" time="0.000" /><testcase classname="backend.tests.test_status_refunds_iter82" name="test_no_fees_charged_on_refunded_orders" time="0.000" /><testcase classname="backend.tests.test_status_refunds_iter82" name="test_reconciliation_matches_central" time="0.098" /><testcase classname="backend.tests.test_status_refunds_iter82" name="test_refund_monitor_surfaces_status_refunds" time="0.064" /><testcase classname="backend.tests.test_status_refunds_iter82" name="test_totals_remain_internally_consistent" time="0.000" /><testcase classname="backend.tests.test_status_refunds_iter82" name="test_totals_match_sum_of_rows" time="0.000" /></testsuite></testsuites>