<?xml version="1.0" encoding="utf-8"?><testsuites name="pytest tests"><testsuite name="pytest" errors="0" failures="0" skipped="0" tests="12" time="2.473" timestamp="2026-06-06T21:59:00.426653+00:00" hostname="agent-env-f5e6b93a-68a2-4155-84ad-e55b4fa936d3"><testcase classname="backend.tests.test_payment_gateway_unification_iter81.TestCentralMetrics" name="test_endpoint_returns_rows_and_totals" time="0.567" /><testcase classname="backend.tests.test_payment_gateway_unification_iter81.TestCentralMetrics" name="test_canonical_keys_subset" time="0.092" /><testcase classname="backend.tests.test_payment_gateway_unification_iter81.TestCentralMetrics" name="test_row_field_shape" time="0.117" /><testcase classname="backend.tests.test_payment_gateway_unification_iter81.TestCentralMetrics" name="test_totals_match_sum_of_rows" time="0.092" /><testcase classname="backend.tests.test_payment_gateway_unification_iter81.TestArabicFolding" name="test_hamza_variants" time="0.183" /><testcase classname="backend.tests.test_payment_gateway_unification_iter81.TestReconciliationCentral" name="test_summary_platforms_use_central" time="0.105" /><testcase classname="backend.tests.test_payment_gateway_unification_iter81.TestReconciliationCentral" name="test_salla_account_equals_central_sum" time="0.195" /><testcase classname="backend.tests.test_payment_gateway_unification_iter81.TestReconciliationCentral" name="test_single_mapped_accounts[tamara-tamara]" time="0.194" /><testcase classname="backend.tests.test_payment_gateway_unification_iter81.TestReconciliationCentral" name="test_single_mapped_accounts[tabby-tabby]" time="0.202" /><testcase classname="backend.tests.test_payment_gateway_unification_iter81.TestReconciliationCentral" name="test_single_mapped_accounts[emkan-emkan]" time="0.192" /><testcase classname="backend.tests.test_payment_gateway_unification_iter81.TestReconciliationCentral" name="test_single_mapped_accounts[bank_transfer-bank_transfer]" time="0.203" /><testcase classname="backend.tests.test_payment_gateway_unification_iter81.TestSyncPaymentMethods" name="test_sync_updates_expected_orders_balance" time="0.260" /></testsuite></testsuites>