<?xml version="1.0" encoding="utf-8"?><testsuites name="pytest tests"><testsuite name="pytest" errors="0" failures="0" skipped="1" tests="22" time="6.279" timestamp="2026-06-25T01:30:35.811244+00:00" hostname="agent-env-f5e6b93a-68a2-4155-84ad-e55b4fa936d3"><testcase classname="backend.tests.test_ads_v2_auto_reconcile_invariants_iter253" name="test_ads_sync_logs_has_reconciliation_checked_event" time="0.629" /><testcase classname="backend.tests.test_ads_v2_auto_reconcile_invariants_iter253" name="test_no_ads_daily_has_ledger_txn_group_id" time="0.328" /><testcase classname="backend.tests.test_ads_v2_auto_reconcile_invariants_iter253" name="test_v1_collections_unchanged_by_auto_reconcile" time="0.272" /><testcase classname="backend.tests.test_ads_v2_auto_reconcile_invariants_iter253" name="test_reconciliation_report_row_fields" time="0.383" /><testcase classname="backend.tests.test_ads_v2_auto_reconcile_invariants_iter253" name="test_snapchat_tiktok_safe_handling" time="0.046"><skipped type="pytest.skip" message="no snapchat/tiktok sync-enabled accounts on this user">/app/backend/tests/test_ads_v2_auto_reconcile_invariants_iter253.py:149: no snapchat/tiktok sync-enabled accounts on this user</skipped></testcase><testcase classname="backend.tests.test_ads_v2_phase1" name="test_sync_single_day" time="0.666" /><testcase classname="backend.tests.test_ads_v2_phase1" name="test_idempotency" time="0.838" /><testcase classname="backend.tests.test_ads_v2_phase1" name="test_multi_day_sync_batch" time="1.870" /><testcase classname="backend.tests.test_ads_v2_phase1" name="test_ssot_totals_match_across_reports" time="0.134" /><testcase classname="backend.tests.test_ads_v2_phase1" name="test_data_layer_meta_present" time="0.046" /><testcase classname="backend.tests.test_ads_v2_phase1" name="test_reconciliation_report_returns_rows" time="0.046" /><testcase classname="backend.tests.test_ads_v2_phase1" name="test_sync_health_shows_account" time="0.008" /><testcase classname="backend.tests.test_ads_v2_phase1" name="test_invariant_no_general_ledger_writes" time="0.007" /><testcase classname="backend.tests.test_ads_v2_phase1" name="test_invariant_v1_collections_untouched" time="0.056" /><testcase classname="backend.tests.test_ads_v2_phase1" name="test_invariant_no_ledger_posted_at_in_daily" time="0.004" /><testcase classname="backend.tests.test_ads_v2_drift_logic" name="test_compute_anomaly_flags_no_manual_no_prev_returns_null_drift" time="0.001" /><testcase classname="backend.tests.test_ads_v2_drift_logic" name="test_compute_anomaly_flags_with_manual_detects_mismatch" time="0.000" /><testcase classname="backend.tests.test_ads_v2_drift_logic" name="test_compute_anomaly_flags_large_mismatch_flags_drift" time="0.000" /><testcase classname="backend.tests.test_ads_v2_drift_logic" name="test_manual_value_endpoint_requires_existing_row" time="0.316" /><testcase classname="backend.tests.test_ads_v2_drift_logic" name="test_manual_value_endpoint_updates_drift_and_reason" time="0.387" /><testcase classname="backend.tests.test_ads_v2_drift_logic" name="test_reconciliation_exposes_manual_fields" time="0.046" /><testcase classname="backend.tests.test_ads_v2_drift_logic" name="test_reconciliation_report_no_drift_inflation" time="0.047" /></testsuite></testsuites>