<?xml version="1.0" encoding="utf-8"?><testsuites name="pytest tests"><testsuite name="pytest" errors="0" failures="0" skipped="0" tests="22" time="8.147" timestamp="2026-06-06T13:53:52.981908+00:00" hostname="agent-env-f5e6b93a-68a2-4155-84ad-e55b4fa936d3"><testcase classname="tests.test_settlements_iter74_review" name="test_list_endpoint_returns_uploaded_files" time="0.759" /><testcase classname="tests.test_settlements_iter74_review" name="test_detail_endpoint_returns_unmatched_truncated" time="0.346" /><testcase classname="tests.test_settlements_iter74_review" name="test_no_auto_payment_adjustments_created" time="0.838" /><testcase classname="tests.test_settlements_iter74_review" name="test_expected_balance_uses_actual_for_tamara" time="0.548" /><testcase classname="tests.test_settlements_iter74_review" name="test_reconciliation_summary_still_works_after_uploads" time="0.631" /><testcase classname="tests.test_settlements_iter74_review" name="test_salla_header_invoice_number" time="0.383" /><testcase classname="tests.test_settlements_import_iter74" name="test_detect_provider_salla" time="0.479" /><testcase classname="tests.test_settlements_import_iter74" name="test_detect_provider_tamara" time="0.136" /><testcase classname="tests.test_settlements_import_iter74" name="test_detect_provider_tabby" time="0.241" /><testcase classname="tests.test_settlements_import_iter74" name="test_salla_parser_totals" time="0.121" /><testcase classname="tests.test_settlements_import_iter74" name="test_tamara_parser_totals_and_refunds" time="0.139" /><testcase classname="tests.test_settlements_import_iter74" name="test_tabby_parser_totals" time="0.261" /><testcase classname="tests.test_settlements_import_iter74" name="test_normalize_order_number_strips_decimals" time="0.110" /><testcase classname="tests.test_settlements_import_iter74" name="test_consolidate_capture_plus_refund" time="0.108" /><testcase classname="tests.test_settlements_import_iter74" name="test_upload_salla_matches_real_orders" time="0.326" /><testcase classname="tests.test_settlements_import_iter74" name="test_upload_tamara_picks_up_metadata" time="0.323" /><testcase classname="tests.test_settlements_import_iter74" name="test_upload_tabby_matches" time="0.437" /><testcase classname="tests.test_settlements_import_iter74" name="test_dedup_same_file_twice" time="0.366" /><testcase classname="tests.test_settlements_import_iter74" name="test_coverage_analytics_after_upload" time="0.398" /><testcase classname="tests.test_settlements_import_iter74" name="test_delete_rolls_back_actual_fields" time="0.527" /><testcase classname="tests.test_settlements_import_iter74" name="test_non_xlsx_rejected" time="0.172" /><testcase classname="tests.test_settlements_import_iter74" name="test_empty_file_rejected" time="0.158" /></testsuite></testsuites>