<?xml version="1.0" encoding="utf-8"?><testsuites name="pytest tests"><testsuite name="pytest" errors="0" failures="0" skipped="1" tests="5" time="0.273" timestamp="2026-06-26T13:47:10.673560+00:00" hostname="agent-env-f5e6b93a-68a2-4155-84ad-e55b4fa936d3"><testcase classname="tests.test_qoyod_legacy_adapter_http" name="test_skip_when_no_webhook_token_configured" time="0.008"><skipped type="pytest.skip" message="env token configured — 503 path unreachable">/app/backend/tests/test_qoyod_legacy_adapter_http.py:108: env token configured — 503 path unreachable</skipped></testcase><testcase classname="tests.test_qoyod_legacy_adapter_http" name="test_legacy_payload_with_items_progresses_past_received" time="0.040" /><testcase classname="tests.test_qoyod_legacy_adapter_http" name="test_missing_items_toggle_off_dead_letters_via_failed_validation" time="0.037" /><testcase classname="tests.test_qoyod_legacy_adapter_http" name="test_missing_items_toggle_on_routes_via_needs_enrichment" time="0.039" /><testcase classname="tests.test_qoyod_legacy_adapter_http" name="test_legacy_extras_persisted_for_audit" time="0.038" /></testsuite></testsuites>