<?xml version="1.0" encoding="utf-8"?><testsuites name="pytest tests"><testsuite name="pytest" errors="0" failures="0" skipped="0" tests="19" time="0.481" timestamp="2026-06-26T03:17:55.459961+00:00" hostname="agent-env-f5e6b93a-68a2-4155-84ad-e55b4fa936d3"><testcase classname="tests.test_qoyod_webhook_token.TestGenerateToken" name="test_token_has_prefix_and_strong_length" time="0.000" /><testcase classname="tests.test_qoyod_webhook_token.TestGenerateToken" name="test_token_is_unique_each_call" time="0.000" /><testcase classname="tests.test_qoyod_webhook_token.TestGenerateToken" name="test_fingerprint_is_short_and_deterministic" time="0.000" /><testcase classname="tests.test_qoyod_webhook_token" name="test_save_returns_metadata_only_no_plaintext" time="0.020" /><testcase classname="tests.test_qoyod_webhook_token" name="test_save_then_get_round_trip" time="0.014" /><testcase classname="tests.test_qoyod_webhook_token" name="test_get_meta_never_exposes_plaintext" time="0.013" /><testcase classname="tests.test_qoyod_webhook_token" name="test_meta_returns_none_when_not_configured" time="0.004" /><testcase classname="tests.test_qoyod_webhook_token" name="test_rotate_replaces_previous_token" time="0.014" /><testcase classname="tests.test_qoyod_webhook_token" name="test_revoke_hides_token_from_get_and_verify" time="0.015" /><testcase classname="tests.test_qoyod_webhook_token" name="test_verify_db_token_succeeds" time="0.017" /><testcase classname="tests.test_qoyod_webhook_token" name="test_verify_wrong_token_fails" time="0.013" /><testcase classname="tests.test_qoyod_webhook_token" name="test_verify_falls_back_to_env_when_no_db_token" time="0.005" /><testcase classname="tests.test_qoyod_webhook_token" name="test_db_token_takes_precedence_over_env" time="0.014" /><testcase classname="tests.test_qoyod_webhook_token" name="test_verify_returns_false_on_empty_provided" time="0.003" /><testcase classname="tests.test_qoyod_webhook_token" name="test_verify_records_last_verified_at" time="0.014" /><testcase classname="tests.test_qoyod_webhook_token" name="test_revoke_returns_false_when_already_revoked" time="0.015" /><testcase classname="tests.test_qoyod_webhook_token" name="test_webhook_verifier_uses_db_token_when_present" time="0.198" /><testcase classname="tests.test_qoyod_webhook_token" name="test_webhook_verifier_falls_back_to_env_when_db_empty" time="0.005" /><testcase classname="tests.test_qoyod_webhook_token" name="test_webhook_verifier_503_when_nothing_configured" time="0.004" /></testsuite></testsuites>