<?xml version="1.0" encoding="utf-8"?><testsuites name="pytest tests"><testsuite name="pytest" errors="0" failures="0" skipped="0" tests="7" time="0.990" timestamp="2026-06-07T14:52:40.257816+00:00" hostname="agent-env-f5e6b93a-68a2-4155-84ad-e55b4fa936d3"><testcase classname="backend.tests.test_orders_explorer_iter85" name="test_status_summary_returns_rows_and_categories" time="0.439" /><testcase classname="backend.tests.test_orders_explorer_iter85" name="test_status_summary_well_known_buckets" time="0.056" /><testcase classname="backend.tests.test_orders_explorer_iter85" name="test_orders_list_paginated" time="0.055" /><testcase classname="backend.tests.test_orders_explorer_iter85" name="test_orders_filter_by_status" time="0.058" /><testcase classname="backend.tests.test_orders_explorer_iter85" name="test_orders_filter_by_date_range" time="0.051" /><testcase classname="backend.tests.test_orders_explorer_iter85" name="test_orders_search" time="0.156" /><testcase classname="backend.tests.test_orders_explorer_iter85" name="test_summary_respects_date_window" time="0.116" /></testsuite></testsuites>