<?xml version="1.0" encoding="utf-8"?><testsuites name="pytest tests"><testsuite name="pytest" errors="0" failures="0" skipped="0" tests="34" time="2.245" timestamp="2026-06-24T16:25:52.863980+00:00" hostname="agent-env-f5e6b93a-68a2-4155-84ad-e55b4fa936d3"><testcase classname="backend.tests.test_iter251_v10_ad_spend_rca" name="test_endpoint_shape_and_top_level_keys" time="0.510" /><testcase classname="backend.tests.test_iter251_v10_ad_spend_rca" name="test_account_record_keys" time="0.056" /><testcase classname="backend.tests.test_iter251_v10_ad_spend_rca" name="test_meta_scenario_215_95" time="0.057" /><testcase classname="backend.tests.test_iter251_v10_ad_spend_rca" name="test_snapchat_scenario_432_08" time="0.053" /><testcase classname="backend.tests.test_iter251_v10_ad_spend_rca" name="test_providers_parameter_filtering" time="0.166" /><testcase classname="backend.tests.test_iter251_v10_ad_spend_rca" name="test_totals_per_provider_aggregation" time="0.052" /><testcase classname="backend.tests.test_iter251_v10_ad_spend_rca" name="test_read_only_guarantee" time="0.161" /><testcase classname="backend.tests.test_iter251_v10_ad_spend_rca" name="test_empty_provider_returns_200_with_empty_accounts" time="0.378" /><testcase classname="backend.tests.test_iter251_v10_ad_spend_rca" name="test_snapchat_no_cross_account_leak" time="0.055" /><testcase classname="backend.tests.test_iter251_v10_ad_spend_rca" name="test_ads_currency_settings_fx_override" time="0.055" /><testcase classname="backend.tests.test_iter251_v10_ad_spend_rca" name="test_gl_leg_match_paths_present" time="0.062" /><testcase classname="backend.tests.test_iter251_phase2a5_invoice_calendar" name="test_v8_real_world_uuid_entity_and_missing_period_metadata" time="0.008" /><testcase classname="backend.tests.test_iter251_phase2a5_invoice_calendar" name="test_v8_match_via_uuid_entity_with_metadata_provider" time="0.005" /><testcase classname="backend.tests.test_iter251_phase2a5_invoice_calendar" name="test_tabby_derived_rows_inherit_registered_template" time="0.011" /><testcase classname="backend.tests.test_iter251_phase2a5_invoice_calendar" name="test_rebuild_cleans_up_stale_derived_rows_when_registered_arrives" time="0.012" /><testcase classname="backend.tests.test_iter251_phase2a5_invoice_calendar" name="test_registered_settlements_take_priority" time="0.009" /><testcase classname="backend.tests.test_iter251_phase2a5_invoice_calendar" name="test_tamara_snaps_sunday_to_saturday" time="0.005" /><testcase classname="backend.tests.test_iter251_phase2a5_invoice_calendar" name="test_tamara_snap_merges_split_rows" time="0.006" /><testcase classname="backend.tests.test_iter251_phase2a5_invoice_calendar" name="test_extract_real_invoice_dates_from_settlement_entries" time="0.006" /><testcase classname="backend.tests.test_iter251_phase2a5_invoice_calendar" name="test_rebuild_calendar_idempotent" time="0.011" /><testcase classname="backend.tests.test_iter251_phase2a5_invoice_calendar" name="test_manual_entry_protected_from_rebuild" time="0.009" /><testcase classname="backend.tests.test_iter251_phase2a5_invoice_calendar" name="test_dry_run_uses_calendar_when_present" time="0.045" /><testcase classname="backend.tests.test_iter251_phase2a5_invoice_calendar" name="test_delete_calendar_entry" time="0.005" /><testcase classname="backend.tests.test_iter251_phase2b_settlement_generation" name="test_phase2b_generate_disabled_blocks_writes" time="0.014" /><testcase classname="backend.tests.test_iter251_phase2b_settlement_generation" name="test_phase2b_dry_run_no_writes" time="0.006" /><testcase classname="backend.tests.test_iter251_phase2b_settlement_generation" name="test_phase2b_salla_generation_persists_and_links" time="0.010" /><testcase classname="backend.tests.test_iter251_phase2b_settlement_generation" name="test_phase2b_idempotent_second_run" time="0.012" /><testcase classname="backend.tests.test_iter251_phase2b_settlement_generation" name="test_phase2b_cancel_invoice" time="0.011" /><testcase classname="backend.tests.test_iter251_phase2b_settlement_generation" name="test_phase2b_unknown_provider_returns_rule_source_missing" time="0.002" /><testcase classname="backend.tests.test_iter251_phase1_bank_transfer_review" name="test_phase1_create_and_confirm_exact" time="0.023" /><testcase classname="backend.tests.test_iter251_phase1_bank_transfer_review" name="test_phase1_confirm_with_difference_keeps_residual" time="0.014" /><testcase classname="backend.tests.test_iter251_phase1_bank_transfer_review" name="test_phase1_reject_requires_note" time="0.010" /><testcase classname="backend.tests.test_iter251_phase1_bank_transfer_review" name="test_phase1_idempotency_provider_source" time="0.010" /><testcase classname="backend.tests.test_iter251_phase1_bank_transfer_review" name="test_r_helper" time="0.000" /></testsuite></testsuites>