<?xml version="1.0" encoding="utf-8"?><testsuites name="pytest tests"><testsuite name="pytest" errors="0" failures="0" skipped="0" tests="10" time="7.249" timestamp="2026-05-31T18:26:31.788165+00:00" hostname="agent-env-f5e6b93a-68a2-4155-84ad-e55b4fa936d3"><testcase classname="backend.tests.test_operating_expenses" name="test_salary_create_list_get" time="0.657" /><testcase classname="backend.tests.test_operating_expenses" name="test_salary_update_and_delete" time="0.886" /><testcase classname="backend.tests.test_operating_expenses" name="test_salary_invalid_category_rejected" time="0.441" /><testcase classname="backend.tests.test_operating_expenses" name="test_rental_create_and_validation" time="0.833" /><testcase classname="backend.tests.test_operating_expenses" name="test_daily_expense_crud" time="0.637" /><testcase classname="backend.tests.test_operating_expenses" name="test_summary_aggregates_categories" time="1.218" /><testcase classname="backend.tests.test_operating_expenses" name="test_report_daily_monthly_yearly" time="0.701" /><testcase classname="backend.tests.test_operating_expenses" name="test_stopped_salary_not_in_daily" time="0.578" /><testcase classname="backend.tests.test_operating_expenses" name="test_dashboard_includes_operating_expenses" time="0.601" /><testcase classname="backend.tests.test_operating_expenses" name="test_net_sales_config_deduct_operating_expenses" time="0.634" /></testsuite></testsuites>