<?xml version="1.0" encoding="utf-8"?><testsuites name="pytest tests"><testsuite name="pytest" errors="0" failures="0" skipped="0" tests="16" time="11.859" timestamp="2026-05-31T19:14:19.182270+00:00" hostname="agent-env-f5e6b93a-68a2-4155-84ad-e55b4fa936d3"><testcase classname="backend.tests.test_operating_expenses" name="test_salary_create_list_get" time="0.698" /><testcase classname="backend.tests.test_operating_expenses" name="test_salary_update_and_delete" time="0.797" /><testcase classname="backend.tests.test_operating_expenses" name="test_salary_invalid_category_rejected" time="0.455" /><testcase classname="backend.tests.test_operating_expenses" name="test_salary_country_field_persists_and_breakdown" time="0.921" /><testcase classname="backend.tests.test_operating_expenses" name="test_salary_edit_full_record_persists" time="0.533" /><testcase classname="backend.tests.test_operating_expenses" name="test_rental_create_and_validation" time="0.887" /><testcase classname="backend.tests.test_operating_expenses" name="test_daily_expense_crud" time="0.660" /><testcase classname="backend.tests.test_operating_expenses" name="test_summary_aggregates_categories" time="1.260" /><testcase classname="backend.tests.test_operating_expenses" name="test_report_daily_monthly_yearly" time="0.686" /><testcase classname="backend.tests.test_operating_expenses" name="test_stopped_salary_not_in_daily" time="0.577" /><testcase classname="backend.tests.test_operating_expenses" name="test_dashboard_includes_operating_expenses" time="0.552" /><testcase classname="backend.tests.test_operating_expenses" name="test_net_sales_config_deduct_operating_expenses" time="0.653" /><testcase classname="backend.tests.test_operating_expenses" name="test_prepaid_crud_and_math" time="1.032" /><testcase classname="backend.tests.test_operating_expenses" name="test_prepaid_summary_and_by_type" time="0.849" /><testcase classname="backend.tests.test_operating_expenses" name="test_prepaid_in_dashboard_and_report" time="0.664" /><testcase classname="backend.tests.test_operating_expenses" name="test_prepaid_expired_status_excluded" time="0.559" /></testsuite></testsuites>