<?xml version="1.0" encoding="utf-8"?><testsuites name="pytest tests"><testsuite name="pytest" errors="0" failures="1" skipped="0" tests="23" time="4.874" timestamp="2026-05-25T22:58:20.666664+00:00" hostname="agent-env-f5e6b93a-68a2-4155-84ad-e55b4fa936d3"><testcase classname="backend.tests.backend_test" name="test_health_root" time="0.224" /><testcase classname="backend.tests.backend_test.TestAuth" name="test_admin_login" time="0.341" /><testcase classname="backend.tests.backend_test.TestAuth" name="test_login_invalid" time="0.272" /><testcase classname="backend.tests.backend_test.TestAuth" name="test_me_with_token" time="0.325" /><testcase classname="backend.tests.backend_test.TestAuth" name="test_me_no_token" time="0.144" /><testcase classname="backend.tests.backend_test.TestAuth" name="test_register_new_user" time="0.276"><failure message="AssertionError: assert 'test_93cb458c@hesab.app' == 'TEST_93cb458c@hesab.app'&#10;  &#10;  - TEST_93cb458c@hesab.app&#10;  ? ^^^^&#10;  + test_93cb458c@hesab.app&#10;  ? ^^^^">backend/tests/backend_test.py:91: in test_register_new_user
    assert d["email"] == email
E   AssertionError: assert 'test_93cb458c@hesab.app' == 'TEST_93cb458c@hesab.app'
E     
E     - TEST_93cb458c@hesab.app
E     ? ^^^^
E     + test_93cb458c@hesab.app
E     ? ^^^^</failure></testcase><testcase classname="backend.tests.backend_test.TestAuth" name="test_register_duplicate" time="0.453" /><testcase classname="backend.tests.backend_test.TestAuth" name="test_logout" time="0.050" /><testcase classname="backend.tests.backend_test.TestSettings" name="test_get_default_settings" time="0.100" /><testcase classname="backend.tests.backend_test.TestSettings" name="test_update_settings" time="0.285" /><testcase classname="backend.tests.backend_test.TestDailyCosts" name="test_upsert_daily_cost" time="0.115" /><testcase classname="backend.tests.backend_test.TestDailyCosts" name="test_list_daily_costs" time="0.112" /><testcase classname="backend.tests.backend_test.TestDailyCosts" name="test_upsert_overwrites" time="0.206" /><testcase classname="backend.tests.backend_test.TestDailyCosts" name="test_delete_daily_cost" time="0.232" /><testcase classname="backend.tests.backend_test.TestAnalyses" name="test_create_analysis_with_excel" time="0.117" /><testcase classname="backend.tests.backend_test.TestAnalyses" name="test_list_analyses" time="0.105" /><testcase classname="backend.tests.backend_test.TestAnalyses" name="test_get_analysis_detail" time="0.103" /><testcase classname="backend.tests.backend_test.TestAnalyses" name="test_export_excel" time="0.117" /><testcase classname="backend.tests.backend_test.TestAnalyses" name="test_export_pdf" time="0.183" /><testcase classname="backend.tests.backend_test.TestAnalyses" name="test_auth_isolation" time="0.389" /><testcase classname="backend.tests.backend_test.TestAnalyses" name="test_delete_analysis" time="0.213" /><testcase classname="backend.tests.backend_test.TestDashboard" name="test_dashboard_aggregate" time="0.218" /><testcase classname="backend.tests.backend_test" name="test_create_analysis_invalid_file" time="0.110" /></testsuite></testsuites>