<?xml version="1.0" encoding="utf-8"?><testsuites name="pytest tests"><testsuite name="pytest" errors="0" failures="0" skipped="0" tests="93" time="25.741" timestamp="2026-05-29T17:53:30.892378+00:00" hostname="agent-env-f5e6b93a-68a2-4155-84ad-e55b4fa936d3"><testcase classname="backend.tests.backend_test" name="test_health_root" time="0.156" /><testcase classname="backend.tests.backend_test.TestAuth" name="test_admin_login" time="0.337" /><testcase classname="backend.tests.backend_test.TestAuth" name="test_login_invalid" time="0.277" /><testcase classname="backend.tests.backend_test.TestAuth" name="test_me_with_token" time="0.342" /><testcase classname="backend.tests.backend_test.TestAuth" name="test_me_no_token" time="0.110" /><testcase classname="backend.tests.backend_test.TestAuth" name="test_register_new_user" time="0.284" /><testcase classname="backend.tests.backend_test.TestAuth" name="test_register_duplicate" time="0.509" /><testcase classname="backend.tests.backend_test.TestAuth" name="test_logout" time="0.052" /><testcase classname="backend.tests.backend_test.TestSettings" name="test_get_default_settings" time="0.122" /><testcase classname="backend.tests.backend_test.TestSettings" name="test_update_settings" time="0.272" /><testcase classname="backend.tests.backend_test.TestDailyCosts" name="test_upsert_daily_cost" time="0.113" /><testcase classname="backend.tests.backend_test.TestDailyCosts" name="test_list_daily_costs" time="0.297" /><testcase classname="backend.tests.backend_test.TestDailyCosts" name="test_upsert_overwrites" time="0.238" /><testcase classname="backend.tests.backend_test.TestDailyCosts" name="test_delete_daily_cost" time="0.227" /><testcase classname="backend.tests.backend_test.TestAnalyses" name="test_create_analysis_with_excel" time="0.136" /><testcase classname="backend.tests.backend_test.TestAnalyses" name="test_list_analyses" time="0.147" /><testcase classname="backend.tests.backend_test.TestAnalyses" name="test_get_analysis_detail" time="0.146" /><testcase classname="backend.tests.backend_test.TestAnalyses" name="test_export_excel" time="0.165" /><testcase classname="backend.tests.backend_test.TestAnalyses" name="test_export_pdf" time="0.130" /><testcase classname="backend.tests.backend_test.TestAnalyses" name="test_auth_isolation" time="0.490" /><testcase classname="backend.tests.backend_test.TestAnalyses" name="test_delete_analysis" time="0.229" /><testcase classname="backend.tests.backend_test.TestDashboard" name="test_dashboard_aggregate" time="0.248" /><testcase classname="backend.tests.backend_test" name="test_create_analysis_invalid_file" time="0.139" /><testcase classname="backend.tests.test_dashboard_make" name="test_baseline_dashboard_no_make_orders" time="0.571" /><testcase classname="backend.tests.test_dashboard_make" name="test_inject_make_orders" time="0.298" /><testcase classname="backend.tests.test_dashboard_make" name="test_dashboard_includes_make_total_sales_and_orders" time="0.103" /><testcase classname="backend.tests.test_dashboard_make" name="test_dashboard_payment_fees_for_make_orders" time="0.124" /><testcase classname="backend.tests.test_dashboard_make" name="test_dashboard_shipping_cost_for_make_orders" time="0.121" /><testcase classname="backend.tests.test_dashboard_make" name="test_dashboard_bnpl_split" time="0.125" /><testcase classname="backend.tests.test_dashboard_make" name="test_dashboard_expected_salla_transfer_formula" time="0.107" /><testcase classname="backend.tests.test_dashboard_make" name="test_dashboard_monthly_includes_make" time="0.114" /><testcase classname="backend.tests.test_dashboard_make" name="test_dashboard_date_filter_applies_to_make" time="0.135" /><testcase classname="backend.tests.test_dashboard_make" name="test_dashboard_date_filter_excludes_all_make" time="0.120" /><testcase classname="backend.tests.test_dashboard_make" name="test_excel_unified_rows_not_double_counted" time="0.369" /><testcase classname="backend.tests.test_dashboard_make" name="test_per_user_isolation_dashboard" time="0.590" /><testcase classname="backend.tests.test_dashboard_make" name="test_empty_dashboard_for_fresh_user_has_no_make_key_pollution" time="0.114" /><testcase classname="backend.tests.test_shipping_accounts.TestSettingsIsDeferred" name="test_default_is_deferred_false" time="0.455" /><testcase classname="backend.tests.test_shipping_accounts.TestSettingsIsDeferred" name="test_put_persists_is_deferred" time="0.691" /><testcase classname="backend.tests.test_shipping_accounts.TestShippingAccountsList" name="test_empty_user_returns_only_configured" time="0.682" /><testcase classname="backend.tests.test_shipping_accounts.TestShippingAccountsList" name="test_after_upload_owed_is_positive" time="0.839" /><testcase classname="backend.tests.test_shipping_accounts.TestAddPayment" name="test_add_payment_success_and_persist" time="0.235" /><testcase classname="backend.tests.test_shipping_accounts.TestAddPayment" name="test_reject_negative_amount" time="0.116" /><testcase classname="backend.tests.test_shipping_accounts.TestAddPayment" name="test_reject_zero_amount" time="0.142" /><testcase classname="backend.tests.test_shipping_accounts.TestAddPayment" name="test_reject_bad_date" time="0.134" /><testcase classname="backend.tests.test_shipping_accounts.TestListAndDeletePayments" name="test_list_payments_desc" time="0.357" /><testcase classname="backend.tests.test_shipping_accounts.TestListAndDeletePayments" name="test_delete_payment_and_404" time="0.389" /><testcase classname="backend.tests.test_shipping_accounts.TestUserIsolation" name="test_user_b_cannot_see_user_a_accounts_or_payments" time="0.799" /><testcase classname="backend.tests.test_shipping_accounts.TestExcelIntegration" name="test_upload_after_deferred_flag" time="0.134" /><testcase classname="backend.tests.test_shipping_accounts.TestDashboardNewFields" name="test_dashboard_has_new_shipping_fields" time="0.118" /><testcase classname="backend.tests.test_snapchat.TestSnapchatAuth" name="test_config_requires_auth" time="0.113" /><testcase classname="backend.tests.test_snapchat.TestSnapchatAuth" name="test_authorize_requires_auth" time="0.123" /><testcase classname="backend.tests.test_snapchat.TestSnapchatAuth" name="test_adaccounts_requires_auth" time="0.135" /><testcase classname="backend.tests.test_snapchat.TestSnapchatAuth" name="test_daily_spend_requires_auth" time="0.121" /><testcase classname="backend.tests.test_snapchat.TestSnapchatConfig" name="test_get_config_empty" time="0.497" /><testcase classname="backend.tests.test_snapchat.TestSnapchatConfig" name="test_post_config_saves" time="0.237" /><testcase classname="backend.tests.test_snapchat.TestSnapchatConfig" name="test_post_config_validation" time="0.115" /><testcase classname="backend.tests.test_snapchat.TestSnapchatConfig" name="test_user_isolation" time="0.477" /><testcase classname="backend.tests.test_snapchat.TestAuthorizeUrl" name="test_authorize_url_requires_config" time="0.108" /><testcase classname="backend.tests.test_snapchat.TestAuthorizeUrl" name="test_authorize_url_ok" time="0.108" /><testcase classname="backend.tests.test_snapchat.TestOAuthCallback" name="test_callback_missing_params" time="0.126" /><testcase classname="backend.tests.test_snapchat.TestOAuthCallback" name="test_callback_invalid_state" time="0.142" /><testcase classname="backend.tests.test_snapchat.TestOAuthCallback" name="test_callback_oauth_error" time="0.114" /><testcase classname="backend.tests.test_snapchat.TestSnapchatData" name="test_adaccounts_no_connection" time="0.106" /><testcase classname="backend.tests.test_snapchat.TestSnapchatData" name="test_adaccounts_config_no_refresh" time="0.115" /><testcase classname="backend.tests.test_snapchat.TestSnapchatData" name="test_daily_spend_no_connection" time="0.108" /><testcase classname="backend.tests.test_snapchat.TestSnapchatData" name="test_daily_spend_invalid_date" time="0.106" /><testcase classname="backend.tests.test_snapchat.TestSnapchatData" name="test_select_adaccount_requires_connection" time="0.105" /><testcase classname="backend.tests.test_snapchat.TestSnapchatDisconnect" name="test_disconnect" time="0.222" /><testcase classname="backend.tests.test_unified_orders" name="test_excel_upload_populates_unified_orders" time="0.784" /><testcase classname="backend.tests.test_unified_orders" name="test_webhook_make_writes_unified" time="0.228" /><testcase classname="backend.tests.test_unified_orders" name="test_merge_excel_then_make" time="0.354" /><testcase classname="backend.tests.test_unified_orders" name="test_merge_make_then_excel" time="2.422" /><testcase classname="backend.tests.test_unified_orders" name="test_stats_by_source" time="0.117" /><testcase classname="backend.tests.test_unified_orders" name="test_build_analysis_unified" time="0.113" /><testcase classname="backend.tests.test_unified_orders" name="test_disconnect_preserves_excel" time="0.470" /><testcase classname="backend.tests.test_unified_orders" name="test_user_isolation" time="0.819" /><testcase classname="backend.tests.test_unified_orders" name="test_filter_data_source_param" time="0.224" /><testcase classname="backend.tests.test_webhook" name="test_settings_creates_token" time="0.466" /><testcase classname="backend.tests.test_webhook" name="test_settings_idempotent" time="0.237" /><testcase classname="backend.tests.test_webhook" name="test_ingest_invalid_token" time="0.135" /><testcase classname="backend.tests.test_webhook" name="test_ingest_single_object" time="0.126" /><testcase classname="backend.tests.test_webhook" name="test_ingest_array" time="0.117" /><testcase classname="backend.tests.test_webhook" name="test_ingest_wrapped_orders" time="0.105" /><testcase classname="backend.tests.test_webhook" name="test_ingest_upsert_no_duplicate" time="0.112" /><testcase classname="backend.tests.test_webhook" name="test_orders_list_and_filters" time="0.241" /><testcase classname="backend.tests.test_webhook" name="test_extra_raw_preserved" time="0.108" /><testcase classname="backend.tests.test_webhook" name="test_stats" time="0.118" /><testcase classname="backend.tests.test_webhook" name="test_isolation_user_b_token_not_user_a" time="0.808" /><testcase classname="backend.tests.test_webhook" name="test_build_analysis_bad_date" time="0.110" /><testcase classname="backend.tests.test_webhook" name="test_build_analysis_empty_range" time="0.115" /><testcase classname="backend.tests.test_webhook" name="test_build_analysis_success_and_dashboard" time="0.216" /><testcase classname="backend.tests.test_webhook" name="test_rotate_invalidates_old_token" time="0.359" /><testcase classname="backend.tests.test_webhook" name="test_disconnect_deletes_orders" time="0.375" /></testsuite></testsuites>