<?xml version="1.0" encoding="utf-8"?><testsuites name="pytest tests"><testsuite name="pytest" errors="0" failures="0" skipped="0" tests="32" time="0.063" timestamp="2026-06-27T01:31:58.112343+00:00" hostname="agent-env-f5e6b93a-68a2-4155-84ad-e55b4fa936d3"><testcase classname="tests.test_qoyod_identity_diagnostics" name="test_key_fingerprint_is_stable_and_never_exposes_key" time="0.001" /><testcase classname="tests.test_qoyod_identity_diagnostics" name="test_key_fingerprint_handles_empty" time="0.000" /><testcase classname="tests.test_qoyod_identity_diagnostics" name="test_sample_picker_returns_at_most_ten_dicts_by_default" time="0.000" /><testcase classname="tests.test_qoyod_identity_diagnostics" name="test_sample_picker_honours_explicit_limit" time="0.000" /><testcase classname="tests.test_qoyod_identity_diagnostics" name="test_sample_picker_tolerates_non_list_and_non_dict_items" time="0.000" /><testcase classname="tests.test_qoyod_identity_diagnostics" name="test_extract_name_prefers_name_field" time="0.000" /><testcase classname="tests.test_qoyod_identity_diagnostics" name="test_extract_name_falls_back_to_arabic_name_when_name_blank" time="0.000" /><testcase classname="tests.test_qoyod_identity_diagnostics" name="test_extract_name_tries_all_locale_variants" time="0.000" /><testcase classname="tests.test_qoyod_identity_diagnostics" name="test_extract_name_falls_back_to_localizations_array" time="0.000" /><testcase classname="tests.test_qoyod_identity_diagnostics" name="test_extract_name_returns_none_when_truly_blank" time="0.000" /><testcase classname="tests.test_qoyod_identity_diagnostics" name="test_name_source_tells_which_field_was_used" time="0.000" /><testcase classname="tests.test_qoyod_identity_diagnostics" name="test_is_system_product[cod_item-True]" time="0.000" /><testcase classname="tests.test_qoyod_identity_diagnostics" name="test_is_system_product[custom_product-True]" time="0.000" /><testcase classname="tests.test_qoyod_identity_diagnostics" name="test_is_system_product[shipping_fee-True]" time="0.000" /><testcase classname="tests.test_qoyod_identity_diagnostics" name="test_is_system_product[delivery_fee-True]" time="0.000" /><testcase classname="tests.test_qoyod_identity_diagnostics" name="test_is_system_product[discount_item-True]" time="0.000" /><testcase classname="tests.test_qoyod_identity_diagnostics" name="test_is_system_product[fees_item-True]" time="0.000" /><testcase classname="tests.test_qoyod_identity_diagnostics" name="test_is_system_product[shipping_express-True]" time="0.000" /><testcase classname="tests.test_qoyod_identity_diagnostics" name="test_is_system_product[system_x-True]" time="0.000" /><testcase classname="tests.test_qoyod_identity_diagnostics" name="test_is_system_product[AMS11903-False]" time="0.000" /><testcase classname="tests.test_qoyod_identity_diagnostics" name="test_is_system_product[-False]" time="0.000" /><testcase classname="tests.test_qoyod_identity_diagnostics" name="test_is_system_product[normal-sku-False]" time="0.000" /><testcase classname="tests.test_qoyod_identity_diagnostics" name="test_is_system_product_uses_reference_when_sku_missing" time="0.000" /><testcase classname="tests.test_qoyod_identity_diagnostics" name="test_raw_rows_returns_all_up_to_limit" time="0.000" /><testcase classname="tests.test_qoyod_identity_diagnostics" name="test_raw_rows_caps_each_row_at_50_keys" time="0.000" /><testcase classname="tests.test_qoyod_identity_diagnostics" name="test_returns_no_api_key_summary_when_missing" time="0.001" /><testcase classname="tests.test_qoyod_identity_diagnostics" name="test_returns_full_diagnostics_when_all_endpoints_succeed" time="0.001" /><testcase classname="tests.test_qoyod_identity_diagnostics" name="test_graceful_partial_failure_products_403_customers_ok" time="0.001" /><testcase classname="tests.test_qoyod_identity_diagnostics" name="test_all_endpoints_unauthorized_still_returns_diagnostic" time="0.001" /><testcase classname="tests.test_qoyod_identity_diagnostics" name="test_products_response_with_more_than_ten_rows_is_truncated" time="0.001" /><testcase classname="tests.test_qoyod_identity_diagnostics" name="test_user_scenario_empty_name_and_system_products" time="0.001" /><testcase classname="tests.test_qoyod_identity_diagnostics" name="test_raw_first_row_exposes_hidden_archived_field" time="0.001" /></testsuite></testsuites>