<?xml version="1.0" encoding="utf-8"?><testsuites name="pytest tests"><testsuite name="pytest" errors="0" failures="0" skipped="0" tests="11" time="0.049" timestamp="2026-06-27T01:06:53.336179+00:00" hostname="agent-env-f5e6b93a-68a2-4155-84ad-e55b4fa936d3"><testcase classname="tests.test_qoyod_identity_diagnostics" name="test_key_fingerprint_is_stable_and_never_exposes_key" time="0.001" /><testcase classname="tests.test_qoyod_identity_diagnostics" name="test_key_fingerprint_handles_empty" time="0.000" /><testcase classname="tests.test_qoyod_identity_diagnostics" name="test_sample_picker_returns_at_most_ten_dicts_by_default" time="0.000" /><testcase classname="tests.test_qoyod_identity_diagnostics" name="test_sample_picker_honours_explicit_limit" time="0.000" /><testcase classname="tests.test_qoyod_identity_diagnostics" name="test_sample_picker_tolerates_non_list_and_non_dict_items" time="0.000" /><testcase classname="tests.test_qoyod_identity_diagnostics" name="test_returns_no_api_key_summary_when_missing" time="0.001" /><testcase classname="tests.test_qoyod_identity_diagnostics" name="test_returns_full_diagnostics_when_all_endpoints_succeed" time="0.001" /><testcase classname="tests.test_qoyod_identity_diagnostics" name="test_graceful_partial_failure_products_403_customers_ok" time="0.001" /><testcase classname="tests.test_qoyod_identity_diagnostics" name="test_all_endpoints_unauthorized_still_returns_diagnostic" time="0.001" /><testcase classname="tests.test_qoyod_identity_diagnostics" name="test_products_response_with_more_than_ten_rows_is_truncated" time="0.001" /><testcase classname="tests.test_qoyod_identity_diagnostics" name="test_raw_first_row_exposes_hidden_archived_field" time="0.001" /></testsuite></testsuites>