<?xml version="1.0" encoding="utf-8"?><testsuites name="pytest tests"><testsuite name="pytest" errors="0" failures="0" skipped="0" tests="13" time="5.504" timestamp="2026-05-28T21:28:54.637712+00:00" hostname="agent-env-f5e6b93a-68a2-4155-84ad-e55b4fa936d3"><testcase classname="backend.tests.test_shipping_accounts.TestSettingsIsDeferred" name="test_default_is_deferred_false" time="0.551" /><testcase classname="backend.tests.test_shipping_accounts.TestSettingsIsDeferred" name="test_put_persists_is_deferred" time="0.800" /><testcase classname="backend.tests.test_shipping_accounts.TestShippingAccountsList" name="test_empty_user_returns_only_configured" time="0.698" /><testcase classname="backend.tests.test_shipping_accounts.TestShippingAccountsList" name="test_after_upload_owed_is_positive" time="0.871" /><testcase classname="backend.tests.test_shipping_accounts.TestAddPayment" name="test_add_payment_success_and_persist" time="0.231" /><testcase classname="backend.tests.test_shipping_accounts.TestAddPayment" name="test_reject_negative_amount" time="0.113" /><testcase classname="backend.tests.test_shipping_accounts.TestAddPayment" name="test_reject_zero_amount" time="0.111" /><testcase classname="backend.tests.test_shipping_accounts.TestAddPayment" name="test_reject_bad_date" time="0.133" /><testcase classname="backend.tests.test_shipping_accounts.TestListAndDeletePayments" name="test_list_payments_desc" time="0.389" /><testcase classname="backend.tests.test_shipping_accounts.TestListAndDeletePayments" name="test_delete_payment_and_404" time="0.336" /><testcase classname="backend.tests.test_shipping_accounts.TestUserIsolation" name="test_user_b_cannot_see_user_a_accounts_or_payments" time="0.852" /><testcase classname="backend.tests.test_shipping_accounts.TestExcelIntegration" name="test_upload_after_deferred_flag" time="0.120" /><testcase classname="backend.tests.test_shipping_accounts.TestDashboardNewFields" name="test_dashboard_has_new_shipping_fields" time="0.112" /></testsuite></testsuites>