<?xml version="1.0" encoding="utf-8"?><testsuites name="pytest tests"><testsuite name="pytest" errors="0" failures="0" skipped="0" tests="19" time="3.684" timestamp="2026-05-26T22:05:42.904924+00:00" hostname="agent-env-f5e6b93a-68a2-4155-84ad-e55b4fa936d3"><testcase classname="backend.tests.test_snapchat.TestSnapchatAuth" name="test_config_requires_auth" time="0.204" /><testcase classname="backend.tests.test_snapchat.TestSnapchatAuth" name="test_authorize_requires_auth" time="0.111" /><testcase classname="backend.tests.test_snapchat.TestSnapchatAuth" name="test_adaccounts_requires_auth" time="0.117" /><testcase classname="backend.tests.test_snapchat.TestSnapchatAuth" name="test_daily_spend_requires_auth" time="0.120" /><testcase classname="backend.tests.test_snapchat.TestSnapchatConfig" name="test_get_config_empty" time="0.520" /><testcase classname="backend.tests.test_snapchat.TestSnapchatConfig" name="test_post_config_saves" time="0.304" /><testcase classname="backend.tests.test_snapchat.TestSnapchatConfig" name="test_post_config_validation" time="0.172" /><testcase classname="backend.tests.test_snapchat.TestSnapchatConfig" name="test_user_isolation" time="0.436" /><testcase classname="backend.tests.test_snapchat.TestAuthorizeUrl" name="test_authorize_url_requires_config" time="0.107" /><testcase classname="backend.tests.test_snapchat.TestAuthorizeUrl" name="test_authorize_url_ok" time="0.099" /><testcase classname="backend.tests.test_snapchat.TestOAuthCallback" name="test_callback_missing_params" time="0.223" /><testcase classname="backend.tests.test_snapchat.TestOAuthCallback" name="test_callback_invalid_state" time="0.117" /><testcase classname="backend.tests.test_snapchat.TestOAuthCallback" name="test_callback_oauth_error" time="0.118" /><testcase classname="backend.tests.test_snapchat.TestSnapchatData" name="test_adaccounts_no_connection" time="0.110" /><testcase classname="backend.tests.test_snapchat.TestSnapchatData" name="test_adaccounts_config_no_refresh" time="0.122" /><testcase classname="backend.tests.test_snapchat.TestSnapchatData" name="test_daily_spend_no_connection" time="0.190" /><testcase classname="backend.tests.test_snapchat.TestSnapchatData" name="test_daily_spend_invalid_date" time="0.191" /><testcase classname="backend.tests.test_snapchat.TestSnapchatData" name="test_select_adaccount_requires_connection" time="0.120" /><testcase classname="backend.tests.test_snapchat.TestSnapchatDisconnect" name="test_disconnect" time="0.237" /></testsuite></testsuites>