<?xml version="1.0" encoding="utf-8"?><testsuites name="pytest tests"><testsuite name="pytest" errors="0" failures="0" skipped="0" tests="9" time="3.671" timestamp="2026-05-29T16:49:19.991395+00:00" hostname="agent-env-f5e6b93a-68a2-4155-84ad-e55b4fa936d3"><testcase classname="backend.tests.test_unified_orders" name="test_excel_upload_populates_unified_orders" time="0.862" /><testcase classname="backend.tests.test_unified_orders" name="test_webhook_make_writes_unified" time="0.260" /><testcase classname="backend.tests.test_unified_orders" name="test_merge_excel_then_make" time="0.353" /><testcase classname="backend.tests.test_unified_orders" name="test_merge_make_then_excel" time="0.352" /><testcase classname="backend.tests.test_unified_orders" name="test_stats_by_source" time="0.108" /><testcase classname="backend.tests.test_unified_orders" name="test_build_analysis_unified" time="0.115" /><testcase classname="backend.tests.test_unified_orders" name="test_disconnect_preserves_excel" time="0.499" /><testcase classname="backend.tests.test_unified_orders" name="test_user_isolation" time="0.791" /><testcase classname="backend.tests.test_unified_orders" name="test_filter_data_source_param" time="0.242" /></testsuite></testsuites>