<?xml version="1.0" encoding="utf-8"?><testsuites name="pytest tests"><testsuite name="pytest" errors="0" failures="0" skipped="0" tests="5" time="3.447" timestamp="2026-05-31T19:28:48.387234+00:00" hostname="agent-env-f5e6b93a-68a2-4155-84ad-e55b4fa936d3"><testcase classname="backend.tests.test_unified_ads_report" name="test_unified_ads_empty_shape" time="0.573" /><testcase classname="backend.tests.test_unified_ads_report" name="test_unified_ads_picks_up_snapchat_daily_costs" time="0.579" /><testcase classname="backend.tests.test_unified_ads_report" name="test_unified_ads_picks_up_tiktok_webhook" time="0.689" /><testcase classname="backend.tests.test_unified_ads_report" name="test_unified_ads_date_range_filtering" time="0.661" /><testcase classname="backend.tests.test_unified_ads_report" name="test_unified_ads_combined_math" time="0.877" /></testsuite></testsuites>