<?xml version="1.0" encoding="utf-8"?><testsuites name="pytest tests"><testsuite name="pytest" errors="0" failures="0" skipped="0" tests="16" time="5.071" timestamp="2026-05-29T00:52:44.602380+00:00" hostname="agent-env-f5e6b93a-68a2-4155-84ad-e55b4fa936d3"><testcase classname="backend.tests.test_webhook" name="test_settings_creates_token" time="0.602" /><testcase classname="backend.tests.test_webhook" name="test_settings_idempotent" time="0.313" /><testcase classname="backend.tests.test_webhook" name="test_ingest_invalid_token" time="0.119" /><testcase classname="backend.tests.test_webhook" name="test_ingest_single_object" time="0.124" /><testcase classname="backend.tests.test_webhook" name="test_ingest_array" time="0.221" /><testcase classname="backend.tests.test_webhook" name="test_ingest_wrapped_orders" time="0.104" /><testcase classname="backend.tests.test_webhook" name="test_ingest_upsert_no_duplicate" time="0.157" /><testcase classname="backend.tests.test_webhook" name="test_orders_list_and_filters" time="0.200" /><testcase classname="backend.tests.test_webhook" name="test_extra_raw_preserved" time="0.123" /><testcase classname="backend.tests.test_webhook" name="test_stats" time="0.375" /><testcase classname="backend.tests.test_webhook" name="test_isolation_user_b_token_not_user_a" time="1.386" /><testcase classname="backend.tests.test_webhook" name="test_build_analysis_bad_date" time="0.111" /><testcase classname="backend.tests.test_webhook" name="test_build_analysis_empty_range" time="0.115" /><testcase classname="backend.tests.test_webhook" name="test_build_analysis_success_and_dashboard" time="0.227" /><testcase classname="backend.tests.test_webhook" name="test_rotate_invalidates_old_token" time="0.340" /><testcase classname="backend.tests.test_webhook" name="test_disconnect_deletes_orders" time="0.382" /></testsuite></testsuites>